# JRE version: OpenJDK Runtime Environment (8.0_162-b12) (build 1.8.0_162-8u162-b12-0ubuntu0.16.04.2-b12)
# Java VM: OpenJDK 64-Bit Server VM (25.162-b12 mixed mode linux-amd64 compressed oops)
Heap:
 def new generation   total 850176K, used 56937K [0x0000000672200000, 0x00000006abc80000, 0x00000006e16a0000)
  eden space 755712K,   7% used [0x0000000672200000, 0x000000067599a698, 0x00000006a0400000)
  from space 94464K,   0% used [0x00000006a0400000, 0x00000006a0400000, 0x00000006a6040000)
  to   space 94464K,   0% used [0x00000006a6040000, 0x00000006a6040000, 0x00000006abc80000)
 tenured generation   total 1913180K, used 1913179K [0x00000006e16a0000, 0x00000007562f7000, 0x00000007c0000000)
   the space 1913180K,  99% used [0x00000006e16a0000, 0x00000007562f6ff0, 0x00000007562f7000, 0x00000007562f7000)
 Metaspace       used 20283K, capacity 20796K, committed 21552K, reserved 1069056K
  class space    used 2303K, capacity 2457K, committed 2688K, reserved 1048576K
GC Heap History (10 events):
Event: 444.705 GC heap after
Heap after GC invocations=251 (full 9):
 def new generation   total 850176K, used 89738K [0x0000000672200000, 0x00000006abc80000, 0x00000006e16a0000)
  eden space 755712K,   0% used [0x0000000672200000, 0x0000000672200000, 0x00000006a0400000)
  from space 94464K,  94% used [0x00000006a6040000, 0x00000006ab7e2a20, 0x00000006abc80000)
  to   space 94464K,   0% used [0x00000006a0400000, 0x00000006a0400000, 0x00000006a6040000)
 tenured generation   total 1889180K, used 1739102K [0x00000006e16a0000, 0x0000000754b87000, 0x00000007c0000000)
   the space 1889180K,  92% used [0x00000006e16a0000, 0x000000074b8f79e0, 0x000000074b8f7a00, 0x0000000754b87000)
 Metaspace       used 20282K, capacity 20796K, committed 21552K, reserved 1069056K
  class space    used 2303K, capacity 2457K, committed 2688K, reserved 1048576K
}
Event: 450.768 GC heap before
{Heap before GC invocations=251 (full 9):
 def new generation   total 850176K, used 845450K [0x0000000672200000, 0x00000006abc80000, 0x00000006e16a0000)
  eden space 755712K, 100% used [0x0000000672200000, 0x00000006a0400000, 0x00000006a0400000)
  from space 94464K,  94% used [0x00000006a6040000, 0x00000006ab7e2a20, 0x00000006abc80000)
  to   space 94464K,   0% used [0x00000006a0400000, 0x00000006a0400000, 0x00000006a6040000)
 tenured generation   total 1889180K, used 1739102K [0x00000006e16a0000, 0x0000000754b87000, 0x00000007c0000000)
   the space 1889180K,  92% used [0x00000006e16a0000, 0x000000074b8f79e0, 0x000000074b8f7a00, 0x0000000754b87000)
 Metaspace       used 20283K, capacity 20796K, committed 21552K, reserved 1069056K
  class space    used 2303K, capacity 2457K, committed 2688K, reserved 1048576K
Event: 451.360 GC heap after
Heap after GC invocations=252 (full 9):
 def new generation   total 850176K, used 28126K [0x0000000672200000, 0x00000006abc80000, 0x00000006e16a0000)
  eden space 755712K,   0% used [0x0000000672200000, 0x0000000672200000, 0x00000006a0400000)
  from space 94464K,  29% used [0x00000006a0400000, 0x00000006a1f77b00, 0x00000006a6040000)
  to   space 94464K,   0% used [0x00000006a6040000, 0x00000006a6040000, 0x00000006abc80000)
 tenured generation   total 1889180K, used 1828366K [0x00000006e16a0000, 0x0000000754b87000, 0x00000007c0000000)
   the space 1889180K,  96% used [0x00000006e16a0000, 0x0000000751023890, 0x0000000751023a00, 0x0000000754b87000)
 Metaspace       used 20283K, capacity 20796K, committed 21552K, reserved 1069056K
  class space    used 2303K, capacity 2457K, committed 2688K, reserved 1048576K
}
Event: 456.987 GC heap before
{Heap before GC invocations=252 (full 9):
 def new generation   total 850176K, used 783838K [0x0000000672200000, 0x00000006abc80000, 0x00000006e16a0000)
  eden space 755712K, 100% used [0x0000000672200000, 0x00000006a0400000, 0x00000006a0400000)
  from space 94464K,  29% used [0x00000006a0400000, 0x00000006a1f77b00, 0x00000006a6040000)
  to   space 94464K,   0% used [0x00000006a6040000, 0x00000006a6040000, 0x00000006abc80000)
 tenured generation   total 1889180K, used 1828366K [0x00000006e16a0000, 0x0000000754b87000, 0x00000007c0000000)
   the space 1889180K,  96% used [0x00000006e16a0000, 0x0000000751023890, 0x0000000751023a00, 0x0000000754b87000)
 Metaspace       used 20283K, capacity 20796K, committed 21552K, reserved 1069056K
  class space    used 2303K, capacity 2457K, committed 2688K, reserved 1048576K
Event: 457.394 GC heap after
Heap after GC invocations=253 (full 9):
 def new generation   total 850176K, used 56270K [0x0000000672200000, 0x00000006abc80000, 0x00000006e16a0000)
  eden space 755712K,   0% used [0x0000000672200000, 0x0000000672200000, 0x00000006a0400000)
  from space 94464K,  59% used [0x00000006a6040000, 0x00000006a9733b18, 0x00000006abc80000)
  to   space 94464K,   0% used [0x00000006a0400000, 0x00000006a0400000, 0x00000006a6040000)
 tenured generation   total 1889180K, used 1828366K [0x00000006e16a0000, 0x0000000754b87000, 0x00000007c0000000)
   the space 1889180K,  96% used [0x00000006e16a0000, 0x0000000751023890, 0x0000000751023a00, 0x0000000754b87000)
 Metaspace       used 20283K, capacity 20796K, committed 21552K, reserved 1069056K
  class space    used 2303K, capacity 2457K, committed 2688K, reserved 1048576K
}
Event: 463.060 GC heap before
{Heap before GC invocations=253 (full 9):
 def new generation   total 850176K, used 811982K [0x0000000672200000, 0x00000006abc80000, 0x00000006e16a0000)
  eden space 755712K, 100% used [0x0000000672200000, 0x00000006a0400000, 0x00000006a0400000)
  from space 94464K,  59% used [0x00000006a6040000, 0x00000006a9733b18, 0x00000006abc80000)
  to   space 94464K,   0% used [0x00000006a0400000, 0x00000006a0400000, 0x00000006a6040000)
 tenured generation   total 1889180K, used 1828366K [0x00000006e16a0000, 0x0000000754b87000, 0x00000007c0000000)
   the space 1889180K,  96% used [0x00000006e16a0000, 0x0000000751023890, 0x0000000751023a00, 0x0000000754b87000)
 Metaspace       used 20283K, capacity 20796K, committed 21552K, reserved 1069056K
  class space    used 2303K, capacity 2457K, committed 2688K, reserved 1048576K
Event: 463.594 GC heap after
Heap after GC invocations=254 (full 9):
 def new generation   total 850176K, used 56771K [0x0000000672200000, 0x00000006abc80000, 0x00000006e16a0000)
  eden space 755712K,   0% used [0x0000000672200000, 0x0000000672200000, 0x00000006a0400000)
  from space 94464K,  60% used [0x00000006a0400000, 0x00000006a3b70d50, 0x00000006a6040000)
  to   space 94464K,   0% used [0x00000006a6040000, 0x00000006a6040000, 0x00000006abc80000)
 tenured generation   total 1889180K, used 1856354K [0x00000006e16a0000, 0x0000000754b87000, 0x00000007c0000000)
   the space 1889180K,  98% used [0x00000006e16a0000, 0x0000000752b78820, 0x0000000752b78a00, 0x0000000754b87000)
 Metaspace       used 20283K, capacity 20796K, committed 21552K, reserved 1069056K
  class space    used 2303K, capacity 2457K, committed 2688K, reserved 1048576K
}
Event: 469.671 GC heap before
{Heap before GC invocations=254 (full 9):
 def new generation   total 850176K, used 812483K [0x0000000672200000, 0x00000006abc80000, 0x00000006e16a0000)
  eden space 755712K, 100% used [0x0000000672200000, 0x00000006a0400000, 0x00000006a0400000)
  from space 94464K,  60% used [0x00000006a0400000, 0x00000006a3b70d50, 0x00000006a6040000)
  to   space 94464K,   0% used [0x00000006a6040000, 0x00000006a6040000, 0x00000006abc80000)
 tenured generation   total 1889180K, used 1856354K [0x00000006e16a0000, 0x0000000754b87000, 0x00000007c0000000)
   the space 1889180K,  98% used [0x00000006e16a0000, 0x0000000752b78820, 0x0000000752b78a00, 0x0000000754b87000)
 Metaspace       used 20283K, capacity 20796K, committed 21552K, reserved 1069056K
  class space    used 2303K, capacity 2457K, committed 2688K, reserved 1048576K
Event: 470.201 GC heap after
Heap after GC invocations=255 (full 9):
 def new generation   total 850176K, used 57431K [0x0000000672200000, 0x00000006abc80000, 0x00000006e16a0000)
  eden space 755712K,   0% used [0x0000000672200000, 0x0000000672200000, 0x00000006a0400000)
  from space 94464K,  60% used [0x00000006a6040000, 0x00000006a9855e98, 0x00000006abc80000)
  to   space 94464K,   0% used [0x00000006a0400000, 0x00000006a0400000, 0x00000006a6040000)
 tenured generation   total 1889180K, used 1884323K [0x00000006e16a0000, 0x0000000754b87000, 0x00000007c0000000)
   the space 1889180K,  99% used [0x00000006e16a0000, 0x00000007546c8e20, 0x00000007546c9000, 0x0000000754b87000)
 Metaspace       used 20283K, capacity 20796K, committed 21552K, reserved 1069056K
  class space    used 2303K, capacity 2457K, committed 2688K, reserved 1048576K
}
Event: 476.504 GC heap before
{Heap before GC invocations=255 (full 9):
 def new generation   total 850176K, used 813143K [0x0000000672200000, 0x00000006abc80000, 0x00000006e16a0000)
  eden space 755712K, 100% used [0x0000000672200000, 0x00000006a0400000, 0x00000006a0400000)
  from space 94464K,  60% used [0x00000006a6040000, 0x00000006a9855e98, 0x00000006abc80000)
  to   space 94464K,   0% used [0x00000006a0400000, 0x00000006a0400000, 0x00000006a6040000)
 tenured generation   total 1889180K, used 1884323K [0x00000006e16a0000, 0x0000000754b87000, 0x00000007c0000000)
   the space 1889180K,  99% used [0x00000006e16a0000, 0x00000007546c8e20, 0x00000007546c9000, 0x0000000754b87000)
 Metaspace       used 20283K, capacity 20796K, committed 21552K, reserved 1069056K
  class space    used 2303K, capacity 2457K, committed 2688K, reserved 1048576K

