# JRE version: OpenJDK Runtime Environment (8.0_151-b12) (build 1.8.0_151-8u151-b12-0ubuntu0.16.04.2-b12)
# Java VM: OpenJDK 64-Bit Server VM (25.151-b12 mixed mode linux-amd64 compressed oops)
# JRE version: OpenJDK Runtime Environment (8.0_151-b12) (build 1.8.0_151-8u151-b12-0ubuntu0.16.04.2-b12)
# Java VM: OpenJDK 64-Bit Server VM (25.151-b12 mixed mode linux-amd64 compressed oops)
Heap:
 def new generation   total 38784K, used 7513K [0x0000000672200000, 0x0000000674c10000, 0x00000006e16a0000)
  eden space 34496K,  20% used [0x0000000672200000, 0x00000006728bdaa0, 0x00000006743b0000)
  from space 4288K,  14% used [0x00000006743b0000, 0x0000000674448a90, 0x00000006747e0000)
  to   space 4288K,   0% used [0x00000006747e0000, 0x00000006747e0000, 0x0000000674c10000)
 tenured generation   total 86016K, used 24450K [0x00000006e16a0000, 0x00000006e6aa0000, 0x00000007c0000000)
   the space 86016K,  28% used [0x00000006e16a0000, 0x00000006e2e80810, 0x00000006e2e80a00, 0x00000006e6aa0000)
 Metaspace       used 19580K, capacity 20160K, committed 21504K, reserved 1069056K
  class space    used 2307K, capacity 2485K, committed 2816K, reserved 1048576K
GC Heap History (10 events):
Event: 107.068 GC heap before
{Heap before GC invocations=123 (full 1):
 def new generation   total 38784K, used 35106K [0x0000000672200000, 0x0000000674c10000, 0x00000006e16a0000)
  eden space 34496K, 100% used [0x0000000672200000, 0x00000006743b0000, 0x00000006743b0000)
  from space 4288K,  14% used [0x00000006747e0000, 0x0000000674878a98, 0x0000000674c10000)
  to   space 4288K,   0% used [0x00000006743b0000, 0x00000006743b0000, 0x00000006747e0000)
 tenured generation   total 86016K, used 24450K [0x00000006e16a0000, 0x00000006e6aa0000, 0x00000007c0000000)
   the space 86016K,  28% used [0x00000006e16a0000, 0x00000006e2e80810, 0x00000006e2e80a00, 0x00000006e6aa0000)
 Metaspace       used 19579K, capacity 20160K, committed 21504K, reserved 1069056K
  class space    used 2307K, capacity 2485K, committed 2816K, reserved 1048576K
Event: 107.071 GC heap after
Heap after GC invocations=124 (full 1):
 def new generation   total 38784K, used 610K [0x0000000672200000, 0x0000000674c10000, 0x00000006e16a0000)
  eden space 34496K,   0% used [0x0000000672200000, 0x0000000672200000, 0x00000006743b0000)
  from space 4288K,  14% used [0x00000006743b0000, 0x0000000674448ab8, 0x00000006747e0000)
  to   space 4288K,   0% used [0x00000006747e0000, 0x00000006747e0000, 0x0000000674c10000)
 tenured generation   total 86016K, used 24450K [0x00000006e16a0000, 0x00000006e6aa0000, 0x00000007c0000000)
   the space 86016K,  28% used [0x00000006e16a0000, 0x00000006e2e80810, 0x00000006e2e80a00, 0x00000006e6aa0000)
 Metaspace       used 19579K, capacity 20160K, committed 21504K, reserved 1069056K
  class space    used 2307K, capacity 2485K, committed 2816K, reserved 1048576K
}
Event: 108.230 GC heap before
{Heap before GC invocations=124 (full 1):
 def new generation   total 38784K, used 35106K [0x0000000672200000, 0x0000000674c10000, 0x00000006e16a0000)
  eden space 34496K, 100% used [0x0000000672200000, 0x00000006743b0000, 0x00000006743b0000)
  from space 4288K,  14% used [0x00000006743b0000, 0x0000000674448ab8, 0x00000006747e0000)
  to   space 4288K,   0% used [0x00000006747e0000, 0x00000006747e0000, 0x0000000674c10000)
 tenured generation   total 86016K, used 24450K [0x00000006e16a0000, 0x00000006e6aa0000, 0x00000007c0000000)
   the space 86016K,  28% used [0x00000006e16a0000, 0x00000006e2e80810, 0x00000006e2e80a00, 0x00000006e6aa0000)
 Metaspace       used 19579K, capacity 20160K, committed 21504K, reserved 1069056K
  class space    used 2307K, capacity 2485K, committed 2816K, reserved 1048576K
Event: 108.233 GC heap after
Heap after GC invocations=125 (full 1):
 def new generation   total 38784K, used 610K [0x0000000672200000, 0x0000000674c10000, 0x00000006e16a0000)
  eden space 34496K,   0% used [0x0000000672200000, 0x0000000672200000, 0x00000006743b0000)
  from space 4288K,  14% used [0x00000006747e0000, 0x0000000674878aa0, 0x0000000674c10000)
  to   space 4288K,   0% used [0x00000006743b0000, 0x00000006743b0000, 0x00000006747e0000)
 tenured generation   total 86016K, used 24450K [0x00000006e16a0000, 0x00000006e6aa0000, 0x00000007c0000000)
   the space 86016K,  28% used [0x00000006e16a0000, 0x00000006e2e80810, 0x00000006e2e80a00, 0x00000006e6aa0000)
 Metaspace       used 19579K, capacity 20160K, committed 21504K, reserved 1069056K
  class space    used 2307K, capacity 2485K, committed 2816K, reserved 1048576K
}
Event: 109.348 GC heap before
{Heap before GC invocations=125 (full 1):
 def new generation   total 38784K, used 35106K [0x0000000672200000, 0x0000000674c10000, 0x00000006e16a0000)
  eden space 34496K, 100% used [0x0000000672200000, 0x00000006743b0000, 0x00000006743b0000)
  from space 4288K,  14% used [0x00000006747e0000, 0x0000000674878aa0, 0x0000000674c10000)
  to   space 4288K,   0% used [0x00000006743b0000, 0x00000006743b0000, 0x00000006747e0000)
 tenured generation   total 86016K, used 24450K [0x00000006e16a0000, 0x00000006e6aa0000, 0x00000007c0000000)
   the space 86016K,  28% used [0x00000006e16a0000, 0x00000006e2e80810, 0x00000006e2e80a00, 0x00000006e6aa0000)
 Metaspace       used 19579K, capacity 20160K, committed 21504K, reserved 1069056K
  class space    used 2307K, capacity 2485K, committed 2816K, reserved 1048576K
Event: 109.350 GC heap after
Heap after GC invocations=126 (full 1):
 def new generation   total 38784K, used 610K [0x0000000672200000, 0x0000000674c10000, 0x00000006e16a0000)
  eden space 34496K,   0% used [0x0000000672200000, 0x0000000672200000, 0x00000006743b0000)
  from space 4288K,  14% used [0x00000006743b0000, 0x0000000674448a98, 0x00000006747e0000)
  to   space 4288K,   0% used [0x00000006747e0000, 0x00000006747e0000, 0x0000000674c10000)
 tenured generation   total 86016K, used 24450K [0x00000006e16a0000, 0x00000006e6aa0000, 0x00000007c0000000)
   the space 86016K,  28% used [0x00000006e16a0000, 0x00000006e2e80810, 0x00000006e2e80a00, 0x00000006e6aa0000)
 Metaspace       used 19579K, capacity 20160K, committed 21504K, reserved 1069056K
  class space    used 2307K, capacity 2485K, committed 2816K, reserved 1048576K
}
Event: 110.568 GC heap before
{Heap before GC invocations=126 (full 1):
 def new generation   total 38784K, used 35106K [0x0000000672200000, 0x0000000674c10000, 0x00000006e16a0000)
  eden space 34496K, 100% used [0x0000000672200000, 0x00000006743b0000, 0x00000006743b0000)
  from space 4288K,  14% used [0x00000006743b0000, 0x0000000674448a98, 0x00000006747e0000)
  to   space 4288K,   0% used [0x00000006747e0000, 0x00000006747e0000, 0x0000000674c10000)
 tenured generation   total 86016K, used 24450K [0x00000006e16a0000, 0x00000006e6aa0000, 0x00000007c0000000)
   the space 86016K,  28% used [0x00000006e16a0000, 0x00000006e2e80810, 0x00000006e2e80a00, 0x00000006e6aa0000)
 Metaspace       used 19579K, capacity 20160K, committed 21504K, reserved 1069056K
  class space    used 2307K, capacity 2485K, committed 2816K, reserved 1048576K
Event: 110.570 GC heap after
Heap after GC invocations=127 (full 1):
 def new generation   total 38784K, used 610K [0x0000000672200000, 0x0000000674c10000, 0x00000006e16a0000)
  eden space 34496K,   0% used [0x0000000672200000, 0x0000000672200000, 0x00000006743b0000)
  from space 4288K,  14% used [0x00000006747e0000, 0x0000000674878ae0, 0x0000000674c10000)
  to   space 4288K,   0% used [0x00000006743b0000, 0x00000006743b0000, 0x00000006747e0000)
 tenured generation   total 86016K, used 24450K [0x00000006e16a0000, 0x00000006e6aa0000, 0x00000007c0000000)
   the space 86016K,  28% used [0x00000006e16a0000, 0x00000006e2e80810, 0x00000006e2e80a00, 0x00000006e6aa0000)
 Metaspace       used 19579K, capacity 20160K, committed 21504K, reserved 1069056K
  class space    used 2307K, capacity 2485K, committed 2816K, reserved 1048576K
}
Event: 111.685 GC heap before
{Heap before GC invocations=127 (full 1):
 def new generation   total 38784K, used 35106K [0x0000000672200000, 0x0000000674c10000, 0x00000006e16a0000)
  eden space 34496K, 100% used [0x0000000672200000, 0x00000006743b0000, 0x00000006743b0000)
  from space 4288K,  14% used [0x00000006747e0000, 0x0000000674878ae0, 0x0000000674c10000)
  to   space 4288K,   0% used [0x00000006743b0000, 0x00000006743b0000, 0x00000006747e0000)
 tenured generation   total 86016K, used 24450K [0x00000006e16a0000, 0x00000006e6aa0000, 0x00000007c0000000)
   the space 86016K,  28% used [0x00000006e16a0000, 0x00000006e2e80810, 0x00000006e2e80a00, 0x00000006e6aa0000)
 Metaspace       used 19579K, capacity 20160K, committed 21504K, reserved 1069056K
  class space    used 2307K, capacity 2485K, committed 2816K, reserved 1048576K
Event: 111.687 GC heap after
Heap after GC invocations=128 (full 1):
 def new generation   total 38784K, used 610K [0x0000000672200000, 0x0000000674c10000, 0x00000006e16a0000)
  eden space 34496K,   0% used [0x0000000672200000, 0x0000000672200000, 0x00000006743b0000)
  from space 4288K,  14% used [0x00000006743b0000, 0x0000000674448a90, 0x00000006747e0000)
  to   space 4288K,   0% used [0x00000006747e0000, 0x00000006747e0000, 0x0000000674c10000)
 tenured generation   total 86016K, used 24450K [0x00000006e16a0000, 0x00000006e6aa0000, 0x00000007c0000000)
   the space 86016K,  28% used [0x00000006e16a0000, 0x00000006e2e80810, 0x00000006e2e80a00, 0x00000006e6aa0000)
 Metaspace       used 19579K, capacity 20160K, committed 21504K, reserved 1069056K
  class space    used 2307K, capacity 2485K, committed 2816K, reserved 1048576K
}

