# JRE version: OpenJDK Runtime Environment (8.0_151-b12) (build 1.8.0_151-8u151-b12-0ubuntu0.16.04.2-b12)
# Java VM: OpenJDK 64-Bit Server VM (25.151-b12 mixed mode linux-amd64 compressed oops)
# JRE version: OpenJDK Runtime Environment (8.0_151-b12) (build 1.8.0_151-8u151-b12-0ubuntu0.16.04.2-b12)
# Java VM: OpenJDK 64-Bit Server VM (25.151-b12 mixed mode linux-amd64 compressed oops)
Heap:
 def new generation   total 38784K, used 8883K [0x0000000672200000, 0x0000000674c10000, 0x00000006e16a0000)
  eden space 34496K,  23% used [0x0000000672200000, 0x0000000672a140c0, 0x00000006743b0000)
  from space 4288K,  14% used [0x00000006743b0000, 0x0000000674448b50, 0x00000006747e0000)
  to   space 4288K,   0% used [0x00000006747e0000, 0x00000006747e0000, 0x0000000674c10000)
 tenured generation   total 86016K, used 24462K [0x00000006e16a0000, 0x00000006e6aa0000, 0x00000007c0000000)
   the space 86016K,  28% used [0x00000006e16a0000, 0x00000006e2e83b08, 0x00000006e2e83c00, 0x00000006e6aa0000)
 Metaspace       used 19589K, capacity 20156K, committed 21552K, reserved 1069056K
  class space    used 2307K, capacity 2485K, committed 2816K, reserved 1048576K
GC Heap History (10 events):
Event: 104.235 GC heap before
{Heap before GC invocations=123 (full 1):
 def new generation   total 38784K, used 35106K [0x0000000672200000, 0x0000000674c10000, 0x00000006e16a0000)
  eden space 34496K, 100% used [0x0000000672200000, 0x00000006743b0000, 0x00000006743b0000)
  from space 4288K,  14% used [0x00000006747e0000, 0x0000000674878b18, 0x0000000674c10000)
  to   space 4288K,   0% used [0x00000006743b0000, 0x00000006743b0000, 0x00000006747e0000)
 tenured generation   total 86016K, used 24462K [0x00000006e16a0000, 0x00000006e6aa0000, 0x00000007c0000000)
   the space 86016K,  28% used [0x00000006e16a0000, 0x00000006e2e83b08, 0x00000006e2e83c00, 0x00000006e6aa0000)
 Metaspace       used 19588K, capacity 20156K, committed 21552K, reserved 1069056K
  class space    used 2307K, capacity 2485K, committed 2816K, reserved 1048576K
Event: 104.237 GC heap after
Heap after GC invocations=124 (full 1):
 def new generation   total 38784K, used 610K [0x0000000672200000, 0x0000000674c10000, 0x00000006e16a0000)
  eden space 34496K,   0% used [0x0000000672200000, 0x0000000672200000, 0x00000006743b0000)
  from space 4288K,  14% used [0x00000006743b0000, 0x0000000674448ad8, 0x00000006747e0000)
  to   space 4288K,   0% used [0x00000006747e0000, 0x00000006747e0000, 0x0000000674c10000)
 tenured generation   total 86016K, used 24462K [0x00000006e16a0000, 0x00000006e6aa0000, 0x00000007c0000000)
   the space 86016K,  28% used [0x00000006e16a0000, 0x00000006e2e83b08, 0x00000006e2e83c00, 0x00000006e6aa0000)
 Metaspace       used 19588K, capacity 20156K, committed 21552K, reserved 1069056K
  class space    used 2307K, capacity 2485K, committed 2816K, reserved 1048576K
}
Event: 105.408 GC heap before
{Heap before GC invocations=124 (full 1):
 def new generation   total 38784K, used 35106K [0x0000000672200000, 0x0000000674c10000, 0x00000006e16a0000)
  eden space 34496K, 100% used [0x0000000672200000, 0x00000006743b0000, 0x00000006743b0000)
  from space 4288K,  14% used [0x00000006743b0000, 0x0000000674448ad8, 0x00000006747e0000)
  to   space 4288K,   0% used [0x00000006747e0000, 0x00000006747e0000, 0x0000000674c10000)
 tenured generation   total 86016K, used 24462K [0x00000006e16a0000, 0x00000006e6aa0000, 0x00000007c0000000)
   the space 86016K,  28% used [0x00000006e16a0000, 0x00000006e2e83b08, 0x00000006e2e83c00, 0x00000006e6aa0000)
 Metaspace       used 19588K, capacity 20156K, committed 21552K, reserved 1069056K
  class space    used 2307K, capacity 2485K, committed 2816K, reserved 1048576K
Event: 105.411 GC heap after
Heap after GC invocations=125 (full 1):
 def new generation   total 38784K, used 610K [0x0000000672200000, 0x0000000674c10000, 0x00000006e16a0000)
  eden space 34496K,   0% used [0x0000000672200000, 0x0000000672200000, 0x00000006743b0000)
  from space 4288K,  14% used [0x00000006747e0000, 0x0000000674878a58, 0x0000000674c10000)
  to   space 4288K,   0% used [0x00000006743b0000, 0x00000006743b0000, 0x00000006747e0000)
 tenured generation   total 86016K, used 24462K [0x00000006e16a0000, 0x00000006e6aa0000, 0x00000007c0000000)
   the space 86016K,  28% used [0x00000006e16a0000, 0x00000006e2e83b08, 0x00000006e2e83c00, 0x00000006e6aa0000)
 Metaspace       used 19588K, capacity 20156K, committed 21552K, reserved 1069056K
  class space    used 2307K, capacity 2485K, committed 2816K, reserved 1048576K
}
Event: 106.531 GC heap before
{Heap before GC invocations=125 (full 1):
 def new generation   total 38784K, used 35106K [0x0000000672200000, 0x0000000674c10000, 0x00000006e16a0000)
  eden space 34496K, 100% used [0x0000000672200000, 0x00000006743b0000, 0x00000006743b0000)
  from space 4288K,  14% used [0x00000006747e0000, 0x0000000674878a58, 0x0000000674c10000)
  to   space 4288K,   0% used [0x00000006743b0000, 0x00000006743b0000, 0x00000006747e0000)
 tenured generation   total 86016K, used 24462K [0x00000006e16a0000, 0x00000006e6aa0000, 0x00000007c0000000)
   the space 86016K,  28% used [0x00000006e16a0000, 0x00000006e2e83b08, 0x00000006e2e83c00, 0x00000006e6aa0000)
 Metaspace       used 19588K, capacity 20156K, committed 21552K, reserved 1069056K
  class space    used 2307K, capacity 2485K, committed 2816K, reserved 1048576K
Event: 106.534 GC heap after
Heap after GC invocations=126 (full 1):
 def new generation   total 38784K, used 610K [0x0000000672200000, 0x0000000674c10000, 0x00000006e16a0000)
  eden space 34496K,   0% used [0x0000000672200000, 0x0000000672200000, 0x00000006743b0000)
  from space 4288K,  14% used [0x00000006743b0000, 0x0000000674448a40, 0x00000006747e0000)
  to   space 4288K,   0% used [0x00000006747e0000, 0x00000006747e0000, 0x0000000674c10000)
 tenured generation   total 86016K, used 24462K [0x00000006e16a0000, 0x00000006e6aa0000, 0x00000007c0000000)
   the space 86016K,  28% used [0x00000006e16a0000, 0x00000006e2e83b08, 0x00000006e2e83c00, 0x00000006e6aa0000)
 Metaspace       used 19588K, capacity 20156K, committed 21552K, reserved 1069056K
  class space    used 2307K, capacity 2485K, committed 2816K, reserved 1048576K
}
Event: 107.755 GC heap before
{Heap before GC invocations=126 (full 1):
 def new generation   total 38784K, used 35106K [0x0000000672200000, 0x0000000674c10000, 0x00000006e16a0000)
  eden space 34496K, 100% used [0x0000000672200000, 0x00000006743b0000, 0x00000006743b0000)
  from space 4288K,  14% used [0x00000006743b0000, 0x0000000674448a40, 0x00000006747e0000)
  to   space 4288K,   0% used [0x00000006747e0000, 0x00000006747e0000, 0x0000000674c10000)
 tenured generation   total 86016K, used 24462K [0x00000006e16a0000, 0x00000006e6aa0000, 0x00000007c0000000)
   the space 86016K,  28% used [0x00000006e16a0000, 0x00000006e2e83b08, 0x00000006e2e83c00, 0x00000006e6aa0000)
 Metaspace       used 19588K, capacity 20156K, committed 21552K, reserved 1069056K
  class space    used 2307K, capacity 2485K, committed 2816K, reserved 1048576K
Event: 107.758 GC heap after
Heap after GC invocations=127 (full 1):
 def new generation   total 38784K, used 610K [0x0000000672200000, 0x0000000674c10000, 0x00000006e16a0000)
  eden space 34496K,   0% used [0x0000000672200000, 0x0000000672200000, 0x00000006743b0000)
  from space 4288K,  14% used [0x00000006747e0000, 0x0000000674878b10, 0x0000000674c10000)
  to   space 4288K,   0% used [0x00000006743b0000, 0x00000006743b0000, 0x00000006747e0000)
 tenured generation   total 86016K, used 24462K [0x00000006e16a0000, 0x00000006e6aa0000, 0x00000007c0000000)
   the space 86016K,  28% used [0x00000006e16a0000, 0x00000006e2e83b08, 0x00000006e2e83c00, 0x00000006e6aa0000)
 Metaspace       used 19588K, capacity 20156K, committed 21552K, reserved 1069056K
  class space    used 2307K, capacity 2485K, committed 2816K, reserved 1048576K
}
Event: 108.873 GC heap before
{Heap before GC invocations=127 (full 1):
 def new generation   total 38784K, used 35106K [0x0000000672200000, 0x0000000674c10000, 0x00000006e16a0000)
  eden space 34496K, 100% used [0x0000000672200000, 0x00000006743b0000, 0x00000006743b0000)
  from space 4288K,  14% used [0x00000006747e0000, 0x0000000674878b10, 0x0000000674c10000)
  to   space 4288K,   0% used [0x00000006743b0000, 0x00000006743b0000, 0x00000006747e0000)
 tenured generation   total 86016K, used 24462K [0x00000006e16a0000, 0x00000006e6aa0000, 0x00000007c0000000)
   the space 86016K,  28% used [0x00000006e16a0000, 0x00000006e2e83b08, 0x00000006e2e83c00, 0x00000006e6aa0000)
 Metaspace       used 19588K, capacity 20156K, committed 21552K, reserved 1069056K
  class space    used 2307K, capacity 2485K, committed 2816K, reserved 1048576K
Event: 108.876 GC heap after
Heap after GC invocations=128 (full 1):
 def new generation   total 38784K, used 610K [0x0000000672200000, 0x0000000674c10000, 0x00000006e16a0000)
  eden space 34496K,   0% used [0x0000000672200000, 0x0000000672200000, 0x00000006743b0000)
  from space 4288K,  14% used [0x00000006743b0000, 0x0000000674448b50, 0x00000006747e0000)
  to   space 4288K,   0% used [0x00000006747e0000, 0x00000006747e0000, 0x0000000674c10000)
 tenured generation   total 86016K, used 24462K [0x00000006e16a0000, 0x00000006e6aa0000, 0x00000007c0000000)
   the space 86016K,  28% used [0x00000006e16a0000, 0x00000006e2e83b08, 0x00000006e2e83c00, 0x00000006e6aa0000)
 Metaspace       used 19588K, capacity 20156K, committed 21552K, reserved 1069056K
  class space    used 2307K, capacity 2485K, committed 2816K, reserved 1048576K
}

