# JRE version: OpenJDK Runtime Environment (8.0_162-b12) (build 1.8.0_162-8u162-b12-0ubuntu0.16.04.2-b12)
# Java VM: OpenJDK 64-Bit Server VM (25.162-b12 mixed mode linux-amd64 compressed oops)
# JRE version: OpenJDK Runtime Environment (8.0_162-b12) (build 1.8.0_162-8u162-b12-0ubuntu0.16.04.2-b12)
# Java VM: OpenJDK 64-Bit Server VM (25.162-b12 mixed mode linux-amd64 compressed oops)
Heap:
 def new generation   total 38784K, used 13019K [0x0000000672200000, 0x0000000674c10000, 0x00000006e16a0000)
  eden space 34496K,  37% used [0x0000000672200000, 0x0000000672eb6cc8, 0x00000006743b0000)
  from space 4288K,   0% used [0x00000006747e0000, 0x00000006747e0108, 0x0000000674c10000)
  to   space 4288K,   0% used [0x00000006743b0000, 0x00000006743b0000, 0x00000006747e0000)
 tenured generation   total 86016K, used 47247K [0x00000006e16a0000, 0x00000006e6aa0000, 0x00000007c0000000)
   the space 86016K,  54% used [0x00000006e16a0000, 0x00000006e44c3c48, 0x00000006e44c3e00, 0x00000006e6aa0000)
 Metaspace       used 22116K, capacity 22752K, committed 22912K, reserved 1069056K
  class space    used 2648K, capacity 2817K, committed 2944K, reserved 1048576K
GC Heap History (10 events):
Event: 766.031 GC heap before
{Heap before GC invocations=1124 (full 1):
 def new generation   total 38784K, used 34497K [0x0000000672200000, 0x0000000674c10000, 0x00000006e16a0000)
  eden space 34496K, 100% used [0x0000000672200000, 0x00000006743b0000, 0x00000006743b0000)
  from space 4288K,   0% used [0x00000006743b0000, 0x00000006743b04c0, 0x00000006747e0000)
  to   space 4288K,   0% used [0x00000006747e0000, 0x00000006747e0000, 0x0000000674c10000)
 tenured generation   total 86016K, used 47246K [0x00000006e16a0000, 0x00000006e6aa0000, 0x00000007c0000000)
   the space 86016K,  54% used [0x00000006e16a0000, 0x00000006e44c3bc8, 0x00000006e44c3c00, 0x00000006e6aa0000)
 Metaspace       used 22113K, capacity 22744K, committed 22912K, reserved 1069056K
  class space    used 2648K, capacity 2817K, committed 2944K, reserved 1048576K
Event: 766.032 GC heap after
Heap after GC invocations=1125 (full 1):
 def new generation   total 38784K, used 1K [0x0000000672200000, 0x0000000674c10000, 0x00000006e16a0000)
  eden space 34496K,   0% used [0x0000000672200000, 0x0000000672200000, 0x00000006743b0000)
  from space 4288K,   0% used [0x00000006747e0000, 0x00000006747e04b8, 0x0000000674c10000)
  to   space 4288K,   0% used [0x00000006743b0000, 0x00000006743b0000, 0x00000006747e0000)
 tenured generation   total 86016K, used 47246K [0x00000006e16a0000, 0x00000006e6aa0000, 0x00000007c0000000)
   the space 86016K,  54% used [0x00000006e16a0000, 0x00000006e44c3bc8, 0x00000006e44c3c00, 0x00000006e6aa0000)
 Metaspace       used 22113K, capacity 22744K, committed 22912K, reserved 1069056K
  class space    used 2648K, capacity 2817K, committed 2944K, reserved 1048576K
}
Event: 767.059 GC heap before
{Heap before GC invocations=1125 (full 1):
 def new generation   total 38784K, used 34497K [0x0000000672200000, 0x0000000674c10000, 0x00000006e16a0000)
  eden space 34496K, 100% used [0x0000000672200000, 0x00000006743b0000, 0x00000006743b0000)
  from space 4288K,   0% used [0x00000006747e0000, 0x00000006747e04b8, 0x0000000674c10000)
  to   space 4288K,   0% used [0x00000006743b0000, 0x00000006743b0000, 0x00000006747e0000)
 tenured generation   total 86016K, used 47246K [0x00000006e16a0000, 0x00000006e6aa0000, 0x00000007c0000000)
   the space 86016K,  54% used [0x00000006e16a0000, 0x00000006e44c3bc8, 0x00000006e44c3c00, 0x00000006e6aa0000)
 Metaspace       used 22113K, capacity 22744K, committed 22912K, reserved 1069056K
  class space    used 2648K, capacity 2817K, committed 2944K, reserved 1048576K
Event: 767.061 GC heap after
Heap after GC invocations=1126 (full 1):
 def new generation   total 38784K, used 1K [0x0000000672200000, 0x0000000674c10000, 0x00000006e16a0000)
  eden space 34496K,   0% used [0x0000000672200000, 0x0000000672200000, 0x00000006743b0000)
  from space 4288K,   0% used [0x00000006743b0000, 0x00000006743b0588, 0x00000006747e0000)
  to   space 4288K,   0% used [0x00000006747e0000, 0x00000006747e0000, 0x0000000674c10000)
 tenured generation   total 86016K, used 47246K [0x00000006e16a0000, 0x00000006e6aa0000, 0x00000007c0000000)
   the space 86016K,  54% used [0x00000006e16a0000, 0x00000006e44c3bc8, 0x00000006e44c3c00, 0x00000006e6aa0000)
 Metaspace       used 22113K, capacity 22744K, committed 22912K, reserved 1069056K
  class space    used 2648K, capacity 2817K, committed 2944K, reserved 1048576K
}
Event: 768.167 GC heap before
{Heap before GC invocations=1126 (full 1):
 def new generation   total 38784K, used 34497K [0x0000000672200000, 0x0000000674c10000, 0x00000006e16a0000)
  eden space 34496K, 100% used [0x0000000672200000, 0x00000006743b0000, 0x00000006743b0000)
  from space 4288K,   0% used [0x00000006743b0000, 0x00000006743b0588, 0x00000006747e0000)
  to   space 4288K,   0% used [0x00000006747e0000, 0x00000006747e0000, 0x0000000674c10000)
 tenured generation   total 86016K, used 47246K [0x00000006e16a0000, 0x00000006e6aa0000, 0x00000007c0000000)
   the space 86016K,  54% used [0x00000006e16a0000, 0x00000006e44c3bc8, 0x00000006e44c3c00, 0x00000006e6aa0000)
 Metaspace       used 22113K, capacity 22744K, committed 22912K, reserved 1069056K
  class space    used 2648K, capacity 2817K, committed 2944K, reserved 1048576K
Event: 768.175 GC heap after
Heap after GC invocations=1127 (full 1):
 def new generation   total 38784K, used 1K [0x0000000672200000, 0x0000000674c10000, 0x00000006e16a0000)
  eden space 34496K,   0% used [0x0000000672200000, 0x0000000672200000, 0x00000006743b0000)
  from space 4288K,   0% used [0x00000006747e0000, 0x00000006747e04c8, 0x0000000674c10000)
  to   space 4288K,   0% used [0x00000006743b0000, 0x00000006743b0000, 0x00000006747e0000)
 tenured generation   total 86016K, used 47247K [0x00000006e16a0000, 0x00000006e6aa0000, 0x00000007c0000000)
   the space 86016K,  54% used [0x00000006e16a0000, 0x00000006e44c3c48, 0x00000006e44c3e00, 0x00000006e6aa0000)
 Metaspace       used 22113K, capacity 22744K, committed 22912K, reserved 1069056K
  class space    used 2648K, capacity 2817K, committed 2944K, reserved 1048576K
}
Event: 769.380 GC heap before
{Heap before GC invocations=1127 (full 1):
 def new generation   total 38784K, used 34497K [0x0000000672200000, 0x0000000674c10000, 0x00000006e16a0000)
  eden space 34496K, 100% used [0x0000000672200000, 0x00000006743b0000, 0x00000006743b0000)
  from space 4288K,   0% used [0x00000006747e0000, 0x00000006747e04c8, 0x0000000674c10000)
  to   space 4288K,   0% used [0x00000006743b0000, 0x00000006743b0000, 0x00000006747e0000)
 tenured generation   total 86016K, used 47247K [0x00000006e16a0000, 0x00000006e6aa0000, 0x00000007c0000000)
   the space 86016K,  54% used [0x00000006e16a0000, 0x00000006e44c3c48, 0x00000006e44c3e00, 0x00000006e6aa0000)
 Metaspace       used 22113K, capacity 22744K, committed 22912K, reserved 1069056K
  class space    used 2648K, capacity 2817K, committed 2944K, reserved 1048576K
Event: 769.382 GC heap after
Heap after GC invocations=1128 (full 1):
 def new generation   total 38784K, used 0K [0x0000000672200000, 0x0000000674c10000, 0x00000006e16a0000)
  eden space 34496K,   0% used [0x0000000672200000, 0x0000000672200000, 0x00000006743b0000)
  from space 4288K,   0% used [0x00000006743b0000, 0x00000006743b03f8, 0x00000006747e0000)
  to   space 4288K,   0% used [0x00000006747e0000, 0x00000006747e0000, 0x0000000674c10000)
 tenured generation   total 86016K, used 47247K [0x00000006e16a0000, 0x00000006e6aa0000, 0x00000007c0000000)
   the space 86016K,  54% used [0x00000006e16a0000, 0x00000006e44c3c48, 0x00000006e44c3e00, 0x00000006e6aa0000)
 Metaspace       used 22113K, capacity 22744K, committed 22912K, reserved 1069056K
  class space    used 2648K, capacity 2817K, committed 2944K, reserved 1048576K
}
Event: 770.554 GC heap before
{Heap before GC invocations=1128 (full 1):
 def new generation   total 38784K, used 34496K [0x0000000672200000, 0x0000000674c10000, 0x00000006e16a0000)
  eden space 34496K, 100% used [0x0000000672200000, 0x00000006743b0000, 0x00000006743b0000)
  from space 4288K,   0% used [0x00000006743b0000, 0x00000006743b03f8, 0x00000006747e0000)
  to   space 4288K,   0% used [0x00000006747e0000, 0x00000006747e0000, 0x0000000674c10000)
 tenured generation   total 86016K, used 47247K [0x00000006e16a0000, 0x00000006e6aa0000, 0x00000007c0000000)
   the space 86016K,  54% used [0x00000006e16a0000, 0x00000006e44c3c48, 0x00000006e44c3e00, 0x00000006e6aa0000)
 Metaspace       used 22113K, capacity 22744K, committed 22912K, reserved 1069056K
  class space    used 2648K, capacity 2817K, committed 2944K, reserved 1048576K
Event: 770.556 GC heap after
Heap after GC invocations=1129 (full 1):
 def new generation   total 38784K, used 0K [0x0000000672200000, 0x0000000674c10000, 0x00000006e16a0000)
  eden space 34496K,   0% used [0x0000000672200000, 0x0000000672200000, 0x00000006743b0000)
  from space 4288K,   0% used [0x00000006747e0000, 0x00000006747e0108, 0x0000000674c10000)
  to   space 4288K,   0% used [0x00000006743b0000, 0x00000006743b0000, 0x00000006747e0000)
 tenured generation   total 86016K, used 47247K [0x00000006e16a0000, 0x00000006e6aa0000, 0x00000007c0000000)
   the space 86016K,  54% used [0x00000006e16a0000, 0x00000006e44c3c48, 0x00000006e44c3e00, 0x00000006e6aa0000)
 Metaspace       used 22113K, capacity 22744K, committed 22912K, reserved 1069056K
  class space    used 2648K, capacity 2817K, committed 2944K, reserved 1048576K
}

