# JRE version: OpenJDK Runtime Environment (8.0_162-b12) (build 1.8.0_162-8u162-b12-0ubuntu0.16.04.2-b12)
# Java VM: OpenJDK 64-Bit Server VM (25.162-b12 mixed mode linux-amd64 compressed oops)
# JRE version: OpenJDK Runtime Environment (8.0_162-b12) (build 1.8.0_162-8u162-b12-0ubuntu0.16.04.2-b12)
# Java VM: OpenJDK 64-Bit Server VM (25.162-b12 mixed mode linux-amd64 compressed oops)
Heap:
 def new generation   total 38784K, used 7902K [0x0000000672200000, 0x0000000674c10000, 0x00000006e16a0000)
  eden space 34496K,  20% used [0x0000000672200000, 0x00000006728bd0a8, 0x00000006743b0000)
  from space 4288K,  23% used [0x00000006743b0000, 0x00000006744aa9f8, 0x00000006747e0000)
  to   space 4288K,   0% used [0x00000006747e0000, 0x00000006747e0000, 0x0000000674c10000)
 tenured generation   total 86016K, used 47873K [0x00000006e16a0000, 0x00000006e6aa0000, 0x00000007c0000000)
   the space 86016K,  55% used [0x00000006e16a0000, 0x00000006e4560740, 0x00000006e4560800, 0x00000006e6aa0000)
 Metaspace       used 19738K, capacity 20350K, committed 21504K, reserved 1069056K
  class space    used 2320K, capacity 2486K, committed 2816K, reserved 1048576K
GC Heap History (10 events):
Event: 847.754 GC heap before
{Heap before GC invocations=1061 (full 1):
 def new generation   total 38784K, used 34497K [0x0000000672200000, 0x0000000674c10000, 0x00000006e16a0000)
  eden space 34496K, 100% used [0x0000000672200000, 0x00000006743b0000, 0x00000006743b0000)
  from space 4288K,   0% used [0x00000006747e0000, 0x00000006747e04a8, 0x0000000674c10000)
  to   space 4288K,   0% used [0x00000006743b0000, 0x00000006743b0000, 0x00000006747e0000)
 tenured generation   total 86016K, used 47873K [0x00000006e16a0000, 0x00000006e6aa0000, 0x00000007c0000000)
   the space 86016K,  55% used [0x00000006e16a0000, 0x00000006e45606c0, 0x00000006e4560800, 0x00000006e6aa0000)
 Metaspace       used 19734K, capacity 20342K, committed 21504K, reserved 1069056K
  class space    used 2320K, capacity 2486K, committed 2816K, reserved 1048576K
Event: 847.755 GC heap after
Heap after GC invocations=1062 (full 1):
 def new generation   total 38784K, used 1K [0x0000000672200000, 0x0000000674c10000, 0x00000006e16a0000)
  eden space 34496K,   0% used [0x0000000672200000, 0x0000000672200000, 0x00000006743b0000)
  from space 4288K,   0% used [0x00000006743b0000, 0x00000006743b0570, 0x00000006747e0000)
  to   space 4288K,   0% used [0x00000006747e0000, 0x00000006747e0000, 0x0000000674c10000)
 tenured generation   total 86016K, used 47873K [0x00000006e16a0000, 0x00000006e6aa0000, 0x00000007c0000000)
   the space 86016K,  55% used [0x00000006e16a0000, 0x00000006e45606c0, 0x00000006e4560800, 0x00000006e6aa0000)
 Metaspace       used 19734K, capacity 20342K, committed 21504K, reserved 1069056K
  class space    used 2320K, capacity 2486K, committed 2816K, reserved 1048576K
}
Event: 848.828 GC heap before
{Heap before GC invocations=1062 (full 1):
 def new generation   total 38784K, used 34497K [0x0000000672200000, 0x0000000674c10000, 0x00000006e16a0000)
  eden space 34496K, 100% used [0x0000000672200000, 0x00000006743b0000, 0x00000006743b0000)
  from space 4288K,   0% used [0x00000006743b0000, 0x00000006743b0570, 0x00000006747e0000)
  to   space 4288K,   0% used [0x00000006747e0000, 0x00000006747e0000, 0x0000000674c10000)
 tenured generation   total 86016K, used 47873K [0x00000006e16a0000, 0x00000006e6aa0000, 0x00000007c0000000)
   the space 86016K,  55% used [0x00000006e16a0000, 0x00000006e45606c0, 0x00000006e4560800, 0x00000006e6aa0000)
 Metaspace       used 19734K, capacity 20342K, committed 21504K, reserved 1069056K
  class space    used 2320K, capacity 2486K, committed 2816K, reserved 1048576K
Event: 848.829 GC heap after
Heap after GC invocations=1063 (full 1):
 def new generation   total 38784K, used 1K [0x0000000672200000, 0x0000000674c10000, 0x00000006e16a0000)
  eden space 34496K,   0% used [0x0000000672200000, 0x0000000672200000, 0x00000006743b0000)
  from space 4288K,   0% used [0x00000006747e0000, 0x00000006747e0500, 0x0000000674c10000)
  to   space 4288K,   0% used [0x00000006743b0000, 0x00000006743b0000, 0x00000006747e0000)
 tenured generation   total 86016K, used 47873K [0x00000006e16a0000, 0x00000006e6aa0000, 0x00000007c0000000)
   the space 86016K,  55% used [0x00000006e16a0000, 0x00000006e45606c0, 0x00000006e4560800, 0x00000006e6aa0000)
 Metaspace       used 19734K, capacity 20342K, committed 21504K, reserved 1069056K
  class space    used 2320K, capacity 2486K, committed 2816K, reserved 1048576K
}
Event: 849.955 GC heap before
{Heap before GC invocations=1063 (full 1):
 def new generation   total 38784K, used 34497K [0x0000000672200000, 0x0000000674c10000, 0x00000006e16a0000)
  eden space 34496K, 100% used [0x0000000672200000, 0x00000006743b0000, 0x00000006743b0000)
  from space 4288K,   0% used [0x00000006747e0000, 0x00000006747e0500, 0x0000000674c10000)
  to   space 4288K,   0% used [0x00000006743b0000, 0x00000006743b0000, 0x00000006747e0000)
 tenured generation   total 86016K, used 47873K [0x00000006e16a0000, 0x00000006e6aa0000, 0x00000007c0000000)
   the space 86016K,  55% used [0x00000006e16a0000, 0x00000006e45606c0, 0x00000006e4560800, 0x00000006e6aa0000)
 Metaspace       used 19734K, capacity 20342K, committed 21504K, reserved 1069056K
  class space    used 2320K, capacity 2486K, committed 2816K, reserved 1048576K
Event: 849.956 GC heap after
Heap after GC invocations=1064 (full 1):
 def new generation   total 38784K, used 1K [0x0000000672200000, 0x0000000674c10000, 0x00000006e16a0000)
  eden space 34496K,   0% used [0x0000000672200000, 0x0000000672200000, 0x00000006743b0000)
  from space 4288K,   0% used [0x00000006743b0000, 0x00000006743b04c0, 0x00000006747e0000)
  to   space 4288K,   0% used [0x00000006747e0000, 0x00000006747e0000, 0x0000000674c10000)
 tenured generation   total 86016K, used 47873K [0x00000006e16a0000, 0x00000006e6aa0000, 0x00000007c0000000)
   the space 86016K,  55% used [0x00000006e16a0000, 0x00000006e45606d8, 0x00000006e4560800, 0x00000006e6aa0000)
 Metaspace       used 19734K, capacity 20342K, committed 21504K, reserved 1069056K
  class space    used 2320K, capacity 2486K, committed 2816K, reserved 1048576K
}
Event: 851.179 GC heap before
{Heap before GC invocations=1064 (full 1):
 def new generation   total 38784K, used 34497K [0x0000000672200000, 0x0000000674c10000, 0x00000006e16a0000)
  eden space 34496K, 100% used [0x0000000672200000, 0x00000006743b0000, 0x00000006743b0000)
  from space 4288K,   0% used [0x00000006743b0000, 0x00000006743b04c0, 0x00000006747e0000)
  to   space 4288K,   0% used [0x00000006747e0000, 0x00000006747e0000, 0x0000000674c10000)
 tenured generation   total 86016K, used 47873K [0x00000006e16a0000, 0x00000006e6aa0000, 0x00000007c0000000)
   the space 86016K,  55% used [0x00000006e16a0000, 0x00000006e45606d8, 0x00000006e4560800, 0x00000006e6aa0000)
 Metaspace       used 19734K, capacity 20342K, committed 21504K, reserved 1069056K
  class space    used 2320K, capacity 2486K, committed 2816K, reserved 1048576K
Event: 851.181 GC heap after
Heap after GC invocations=1065 (full 1):
 def new generation   total 38784K, used 1K [0x0000000672200000, 0x0000000674c10000, 0x00000006e16a0000)
  eden space 34496K,   0% used [0x0000000672200000, 0x0000000672200000, 0x00000006743b0000)
  from space 4288K,   0% used [0x00000006747e0000, 0x00000006747e0490, 0x0000000674c10000)
  to   space 4288K,   0% used [0x00000006743b0000, 0x00000006743b0000, 0x00000006747e0000)
 tenured generation   total 86016K, used 47873K [0x00000006e16a0000, 0x00000006e6aa0000, 0x00000007c0000000)
   the space 86016K,  55% used [0x00000006e16a0000, 0x00000006e4560740, 0x00000006e4560800, 0x00000006e6aa0000)
 Metaspace       used 19734K, capacity 20342K, committed 21504K, reserved 1069056K
  class space    used 2320K, capacity 2486K, committed 2816K, reserved 1048576K
}
Event: 852.725 GC heap before
{Heap before GC invocations=1065 (full 1):
 def new generation   total 38784K, used 34497K [0x0000000672200000, 0x0000000674c10000, 0x00000006e16a0000)
  eden space 34496K, 100% used [0x0000000672200000, 0x00000006743b0000, 0x00000006743b0000)
  from space 4288K,   0% used [0x00000006747e0000, 0x00000006747e0490, 0x0000000674c10000)
  to   space 4288K,   0% used [0x00000006743b0000, 0x00000006743b0000, 0x00000006747e0000)
 tenured generation   total 86016K, used 47873K [0x00000006e16a0000, 0x00000006e6aa0000, 0x00000007c0000000)
   the space 86016K,  55% used [0x00000006e16a0000, 0x00000006e4560740, 0x00000006e4560800, 0x00000006e6aa0000)
 Metaspace       used 19734K, capacity 20342K, committed 21504K, reserved 1069056K
  class space    used 2320K, capacity 2486K, committed 2816K, reserved 1048576K
Event: 852.731 GC heap after
Heap after GC invocations=1066 (full 1):
 def new generation   total 38784K, used 1002K [0x0000000672200000, 0x0000000674c10000, 0x00000006e16a0000)
  eden space 34496K,   0% used [0x0000000672200000, 0x0000000672200000, 0x00000006743b0000)
  from space 4288K,  23% used [0x00000006743b0000, 0x00000006744aa9f8, 0x00000006747e0000)
  to   space 4288K,   0% used [0x00000006747e0000, 0x00000006747e0000, 0x0000000674c10000)
 tenured generation   total 86016K, used 47873K [0x00000006e16a0000, 0x00000006e6aa0000, 0x00000007c0000000)
   the space 86016K,  55% used [0x00000006e16a0000, 0x00000006e4560740, 0x00000006e4560800, 0x00000006e6aa0000)
 Metaspace       used 19734K, capacity 20342K, committed 21504K, reserved 1069056K
  class space    used 2320K, capacity 2486K, committed 2816K, reserved 1048576K
}

