# JRE version: OpenJDK Runtime Environment (8.0_162-b12) (build 1.8.0_162-8u162-b12-0ubuntu0.16.04.2-b12)
# Java VM: OpenJDK 64-Bit Server VM (25.162-b12 mixed mode linux-amd64 compressed oops)
# JRE version: OpenJDK Runtime Environment (8.0_162-b12) (build 1.8.0_162-8u162-b12-0ubuntu0.16.04.2-b12)
# Java VM: OpenJDK 64-Bit Server VM (25.162-b12 mixed mode linux-amd64 compressed oops)
Heap:
 def new generation   total 38784K, used 6576K [0x0000000672200000, 0x0000000674c10000, 0x00000006e16a0000)
  eden space 34496K,  16% used [0x0000000672200000, 0x0000000672764260, 0x00000006743b0000)
  from space 4288K,  24% used [0x00000006743b0000, 0x00000006744b7f70, 0x00000006747e0000)
  to   space 4288K,   0% used [0x00000006747e0000, 0x00000006747e0000, 0x0000000674c10000)
 tenured generation   total 86016K, used 47521K [0x00000006e16a0000, 0x00000006e6aa0000, 0x00000007c0000000)
   the space 86016K,  55% used [0x00000006e16a0000, 0x00000006e4508518, 0x00000006e4508600, 0x00000006e6aa0000)
 Metaspace       used 19706K, capacity 20218K, committed 21552K, reserved 1069056K
  class space    used 2321K, capacity 2486K, committed 2816K, reserved 1048576K
GC Heap History (10 events):
Event: 770.994 GC heap before
{Heap before GC invocations=1061 (full 1):
 def new generation   total 38784K, used 34497K [0x0000000672200000, 0x0000000674c10000, 0x00000006e16a0000)
  eden space 34496K, 100% used [0x0000000672200000, 0x00000006743b0000, 0x00000006743b0000)
  from space 4288K,   0% used [0x00000006747e0000, 0x00000006747e04d0, 0x0000000674c10000)
  to   space 4288K,   0% used [0x00000006743b0000, 0x00000006743b0000, 0x00000006747e0000)
 tenured generation   total 86016K, used 47521K [0x00000006e16a0000, 0x00000006e6aa0000, 0x00000007c0000000)
   the space 86016K,  55% used [0x00000006e16a0000, 0x00000006e4508498, 0x00000006e4508600, 0x00000006e6aa0000)
 Metaspace       used 19702K, capacity 20210K, committed 21552K, reserved 1069056K
  class space    used 2321K, capacity 2486K, committed 2816K, reserved 1048576K
Event: 770.995 GC heap after
Heap after GC invocations=1062 (full 1):
 def new generation   total 38784K, used 1K [0x0000000672200000, 0x0000000674c10000, 0x00000006e16a0000)
  eden space 34496K,   0% used [0x0000000672200000, 0x0000000672200000, 0x00000006743b0000)
  from space 4288K,   0% used [0x00000006743b0000, 0x00000006743b04d0, 0x00000006747e0000)
  to   space 4288K,   0% used [0x00000006747e0000, 0x00000006747e0000, 0x0000000674c10000)
 tenured generation   total 86016K, used 47521K [0x00000006e16a0000, 0x00000006e6aa0000, 0x00000007c0000000)
   the space 86016K,  55% used [0x00000006e16a0000, 0x00000006e4508498, 0x00000006e4508600, 0x00000006e6aa0000)
 Metaspace       used 19702K, capacity 20210K, committed 21552K, reserved 1069056K
  class space    used 2321K, capacity 2486K, committed 2816K, reserved 1048576K
}
Event: 772.044 GC heap before
{Heap before GC invocations=1062 (full 1):
 def new generation   total 38784K, used 34497K [0x0000000672200000, 0x0000000674c10000, 0x00000006e16a0000)
  eden space 34496K, 100% used [0x0000000672200000, 0x00000006743b0000, 0x00000006743b0000)
  from space 4288K,   0% used [0x00000006743b0000, 0x00000006743b04d0, 0x00000006747e0000)
  to   space 4288K,   0% used [0x00000006747e0000, 0x00000006747e0000, 0x0000000674c10000)
 tenured generation   total 86016K, used 47521K [0x00000006e16a0000, 0x00000006e6aa0000, 0x00000007c0000000)
   the space 86016K,  55% used [0x00000006e16a0000, 0x00000006e4508498, 0x00000006e4508600, 0x00000006e6aa0000)
 Metaspace       used 19702K, capacity 20210K, committed 21552K, reserved 1069056K
  class space    used 2321K, capacity 2486K, committed 2816K, reserved 1048576K
Event: 772.046 GC heap after
Heap after GC invocations=1063 (full 1):
 def new generation   total 38784K, used 1K [0x0000000672200000, 0x0000000674c10000, 0x00000006e16a0000)
  eden space 34496K,   0% used [0x0000000672200000, 0x0000000672200000, 0x00000006743b0000)
  from space 4288K,   0% used [0x00000006747e0000, 0x00000006747e04d8, 0x0000000674c10000)
  to   space 4288K,   0% used [0x00000006743b0000, 0x00000006743b0000, 0x00000006747e0000)
 tenured generation   total 86016K, used 47521K [0x00000006e16a0000, 0x00000006e6aa0000, 0x00000007c0000000)
   the space 86016K,  55% used [0x00000006e16a0000, 0x00000006e4508498, 0x00000006e4508600, 0x00000006e6aa0000)
 Metaspace       used 19702K, capacity 20210K, committed 21552K, reserved 1069056K
  class space    used 2321K, capacity 2486K, committed 2816K, reserved 1048576K
}
Event: 773.175 GC heap before
{Heap before GC invocations=1063 (full 1):
 def new generation   total 38784K, used 34497K [0x0000000672200000, 0x0000000674c10000, 0x00000006e16a0000)
  eden space 34496K, 100% used [0x0000000672200000, 0x00000006743b0000, 0x00000006743b0000)
  from space 4288K,   0% used [0x00000006747e0000, 0x00000006747e04d8, 0x0000000674c10000)
  to   space 4288K,   0% used [0x00000006743b0000, 0x00000006743b0000, 0x00000006747e0000)
 tenured generation   total 86016K, used 47521K [0x00000006e16a0000, 0x00000006e6aa0000, 0x00000007c0000000)
   the space 86016K,  55% used [0x00000006e16a0000, 0x00000006e4508498, 0x00000006e4508600, 0x00000006e6aa0000)
 Metaspace       used 19702K, capacity 20210K, committed 21552K, reserved 1069056K
  class space    used 2321K, capacity 2486K, committed 2816K, reserved 1048576K
Event: 773.177 GC heap after
Heap after GC invocations=1064 (full 1):
 def new generation   total 38784K, used 1K [0x0000000672200000, 0x0000000674c10000, 0x00000006e16a0000)
  eden space 34496K,   0% used [0x0000000672200000, 0x0000000672200000, 0x00000006743b0000)
  from space 4288K,   0% used [0x00000006743b0000, 0x00000006743b04d8, 0x00000006747e0000)
  to   space 4288K,   0% used [0x00000006747e0000, 0x00000006747e0000, 0x0000000674c10000)
 tenured generation   total 86016K, used 47521K [0x00000006e16a0000, 0x00000006e6aa0000, 0x00000007c0000000)
   the space 86016K,  55% used [0x00000006e16a0000, 0x00000006e4508518, 0x00000006e4508600, 0x00000006e6aa0000)
 Metaspace       used 19702K, capacity 20210K, committed 21552K, reserved 1069056K
  class space    used 2321K, capacity 2486K, committed 2816K, reserved 1048576K
}
Event: 774.351 GC heap before
{Heap before GC invocations=1064 (full 1):
 def new generation   total 38784K, used 34497K [0x0000000672200000, 0x0000000674c10000, 0x00000006e16a0000)
  eden space 34496K, 100% used [0x0000000672200000, 0x00000006743b0000, 0x00000006743b0000)
  from space 4288K,   0% used [0x00000006743b0000, 0x00000006743b04d8, 0x00000006747e0000)
  to   space 4288K,   0% used [0x00000006747e0000, 0x00000006747e0000, 0x0000000674c10000)
 tenured generation   total 86016K, used 47521K [0x00000006e16a0000, 0x00000006e6aa0000, 0x00000007c0000000)
   the space 86016K,  55% used [0x00000006e16a0000, 0x00000006e4508518, 0x00000006e4508600, 0x00000006e6aa0000)
 Metaspace       used 19702K, capacity 20210K, committed 21552K, reserved 1069056K
  class space    used 2321K, capacity 2486K, committed 2816K, reserved 1048576K
Event: 774.352 GC heap after
Heap after GC invocations=1065 (full 1):
 def new generation   total 38784K, used 1K [0x0000000672200000, 0x0000000674c10000, 0x00000006e16a0000)
  eden space 34496K,   0% used [0x0000000672200000, 0x0000000672200000, 0x00000006743b0000)
  from space 4288K,   0% used [0x00000006747e0000, 0x00000006747e0438, 0x0000000674c10000)
  to   space 4288K,   0% used [0x00000006743b0000, 0x00000006743b0000, 0x00000006747e0000)
 tenured generation   total 86016K, used 47521K [0x00000006e16a0000, 0x00000006e6aa0000, 0x00000007c0000000)
   the space 86016K,  55% used [0x00000006e16a0000, 0x00000006e4508518, 0x00000006e4508600, 0x00000006e6aa0000)
 Metaspace       used 19702K, capacity 20210K, committed 21552K, reserved 1069056K
  class space    used 2321K, capacity 2486K, committed 2816K, reserved 1048576K
}
Event: 775.815 GC heap before
{Heap before GC invocations=1065 (full 1):
 def new generation   total 38784K, used 34497K [0x0000000672200000, 0x0000000674c10000, 0x00000006e16a0000)
  eden space 34496K, 100% used [0x0000000672200000, 0x00000006743b0000, 0x00000006743b0000)
  from space 4288K,   0% used [0x00000006747e0000, 0x00000006747e0438, 0x0000000674c10000)
  to   space 4288K,   0% used [0x00000006743b0000, 0x00000006743b0000, 0x00000006747e0000)
 tenured generation   total 86016K, used 47521K [0x00000006e16a0000, 0x00000006e6aa0000, 0x00000007c0000000)
   the space 86016K,  55% used [0x00000006e16a0000, 0x00000006e4508518, 0x00000006e4508600, 0x00000006e6aa0000)
 Metaspace       used 19702K, capacity 20210K, committed 21552K, reserved 1069056K
  class space    used 2321K, capacity 2486K, committed 2816K, reserved 1048576K
Event: 775.821 GC heap after
Heap after GC invocations=1066 (full 1):
 def new generation   total 38784K, used 1055K [0x0000000672200000, 0x0000000674c10000, 0x00000006e16a0000)
  eden space 34496K,   0% used [0x0000000672200000, 0x0000000672200000, 0x00000006743b0000)
  from space 4288K,  24% used [0x00000006743b0000, 0x00000006744b7f70, 0x00000006747e0000)
  to   space 4288K,   0% used [0x00000006747e0000, 0x00000006747e0000, 0x0000000674c10000)
 tenured generation   total 86016K, used 47521K [0x00000006e16a0000, 0x00000006e6aa0000, 0x00000007c0000000)
   the space 86016K,  55% used [0x00000006e16a0000, 0x00000006e4508518, 0x00000006e4508600, 0x00000006e6aa0000)
 Metaspace       used 19702K, capacity 20210K, committed 21552K, reserved 1069056K
  class space    used 2321K, capacity 2486K, committed 2816K, reserved 1048576K
}

