# JRE version: OpenJDK Runtime Environment (8.0_162-b12) (build 1.8.0_162-8u162-b12-0ubuntu0.16.04.2-b12)
# Java VM: OpenJDK 64-Bit Server VM (25.162-b12 mixed mode linux-amd64 compressed oops)
# JRE version: OpenJDK Runtime Environment (8.0_162-b12) (build 1.8.0_162-8u162-b12-0ubuntu0.16.04.2-b12)
# Java VM: OpenJDK 64-Bit Server VM (25.162-b12 mixed mode linux-amd64 compressed oops)
Heap:
 def new generation   total 38784K, used 11150K [0x0000000672200000, 0x0000000674c10000, 0x00000006e16a0000)
  eden space 34496K,  30% used [0x0000000672200000, 0x0000000672c1b350, 0x00000006743b0000)
  from space 4288K,  18% used [0x00000006747e0000, 0x00000006748a8650, 0x0000000674c10000)
  to   space 4288K,   0% used [0x00000006743b0000, 0x00000006743b0000, 0x00000006747e0000)
 tenured generation   total 86016K, used 44496K [0x00000006e16a0000, 0x00000006e6aa0000, 0x00000007c0000000)
   the space 86016K,  51% used [0x00000006e16a0000, 0x00000006e42140e8, 0x00000006e4214200, 0x00000006e6aa0000)
 Metaspace       used 19748K, capacity 20366K, committed 21504K, reserved 1069056K
  class space    used 2320K, capacity 2486K, committed 2816K, reserved 1048576K
GC Heap History (10 events):
Event: 848.960 GC heap before
{Heap before GC invocations=1096 (full 1):
 def new generation   total 38784K, used 34497K [0x0000000672200000, 0x0000000674c10000, 0x00000006e16a0000)
  eden space 34496K, 100% used [0x0000000672200000, 0x00000006743b0000, 0x00000006743b0000)
  from space 4288K,   0% used [0x00000006743b0000, 0x00000006743b0490, 0x00000006747e0000)
  to   space 4288K,   0% used [0x00000006747e0000, 0x00000006747e0000, 0x0000000674c10000)
 tenured generation   total 86016K, used 44496K [0x00000006e16a0000, 0x00000006e6aa0000, 0x00000007c0000000)
   the space 86016K,  51% used [0x00000006e16a0000, 0x00000006e4214068, 0x00000006e4214200, 0x00000006e6aa0000)
 Metaspace       used 19746K, capacity 20362K, committed 21504K, reserved 1069056K
  class space    used 2320K, capacity 2486K, committed 2816K, reserved 1048576K
Event: 848.961 GC heap after
Heap after GC invocations=1097 (full 1):
 def new generation   total 38784K, used 1K [0x0000000672200000, 0x0000000674c10000, 0x00000006e16a0000)
  eden space 34496K,   0% used [0x0000000672200000, 0x0000000672200000, 0x00000006743b0000)
  from space 4288K,   0% used [0x00000006747e0000, 0x00000006747e04a8, 0x0000000674c10000)
  to   space 4288K,   0% used [0x00000006743b0000, 0x00000006743b0000, 0x00000006747e0000)
 tenured generation   total 86016K, used 44496K [0x00000006e16a0000, 0x00000006e6aa0000, 0x00000007c0000000)
   the space 86016K,  51% used [0x00000006e16a0000, 0x00000006e4214068, 0x00000006e4214200, 0x00000006e6aa0000)
 Metaspace       used 19746K, capacity 20362K, committed 21504K, reserved 1069056K
  class space    used 2320K, capacity 2486K, committed 2816K, reserved 1048576K
}
Event: 849.997 GC heap before
{Heap before GC invocations=1097 (full 1):
 def new generation   total 38784K, used 34497K [0x0000000672200000, 0x0000000674c10000, 0x00000006e16a0000)
  eden space 34496K, 100% used [0x0000000672200000, 0x00000006743b0000, 0x00000006743b0000)
  from space 4288K,   0% used [0x00000006747e0000, 0x00000006747e04a8, 0x0000000674c10000)
  to   space 4288K,   0% used [0x00000006743b0000, 0x00000006743b0000, 0x00000006747e0000)
 tenured generation   total 86016K, used 44496K [0x00000006e16a0000, 0x00000006e6aa0000, 0x00000007c0000000)
   the space 86016K,  51% used [0x00000006e16a0000, 0x00000006e4214068, 0x00000006e4214200, 0x00000006e6aa0000)
 Metaspace       used 19746K, capacity 20362K, committed 21504K, reserved 1069056K
  class space    used 2320K, capacity 2486K, committed 2816K, reserved 1048576K
Event: 849.998 GC heap after
Heap after GC invocations=1098 (full 1):
 def new generation   total 38784K, used 1K [0x0000000672200000, 0x0000000674c10000, 0x00000006e16a0000)
  eden space 34496K,   0% used [0x0000000672200000, 0x0000000672200000, 0x00000006743b0000)
  from space 4288K,   0% used [0x00000006743b0000, 0x00000006743b04e8, 0x00000006747e0000)
  to   space 4288K,   0% used [0x00000006747e0000, 0x00000006747e0000, 0x0000000674c10000)
 tenured generation   total 86016K, used 44496K [0x00000006e16a0000, 0x00000006e6aa0000, 0x00000007c0000000)
   the space 86016K,  51% used [0x00000006e16a0000, 0x00000006e4214068, 0x00000006e4214200, 0x00000006e6aa0000)
 Metaspace       used 19746K, capacity 20362K, committed 21504K, reserved 1069056K
  class space    used 2320K, capacity 2486K, committed 2816K, reserved 1048576K
}
Event: 851.078 GC heap before
{Heap before GC invocations=1098 (full 1):
 def new generation   total 38784K, used 34497K [0x0000000672200000, 0x0000000674c10000, 0x00000006e16a0000)
  eden space 34496K, 100% used [0x0000000672200000, 0x00000006743b0000, 0x00000006743b0000)
  from space 4288K,   0% used [0x00000006743b0000, 0x00000006743b04e8, 0x00000006747e0000)
  to   space 4288K,   0% used [0x00000006747e0000, 0x00000006747e0000, 0x0000000674c10000)
 tenured generation   total 86016K, used 44496K [0x00000006e16a0000, 0x00000006e6aa0000, 0x00000007c0000000)
   the space 86016K,  51% used [0x00000006e16a0000, 0x00000006e4214068, 0x00000006e4214200, 0x00000006e6aa0000)
 Metaspace       used 19746K, capacity 20362K, committed 21504K, reserved 1069056K
  class space    used 2320K, capacity 2486K, committed 2816K, reserved 1048576K
Event: 851.079 GC heap after
Heap after GC invocations=1099 (full 1):
 def new generation   total 38784K, used 1K [0x0000000672200000, 0x0000000674c10000, 0x00000006e16a0000)
  eden space 34496K,   0% used [0x0000000672200000, 0x0000000672200000, 0x00000006743b0000)
  from space 4288K,   0% used [0x00000006747e0000, 0x00000006747e0410, 0x0000000674c10000)
  to   space 4288K,   0% used [0x00000006743b0000, 0x00000006743b0000, 0x00000006747e0000)
 tenured generation   total 86016K, used 44496K [0x00000006e16a0000, 0x00000006e6aa0000, 0x00000007c0000000)
   the space 86016K,  51% used [0x00000006e16a0000, 0x00000006e42140e8, 0x00000006e4214200, 0x00000006e6aa0000)
 Metaspace       used 19746K, capacity 20362K, committed 21504K, reserved 1069056K
  class space    used 2320K, capacity 2486K, committed 2816K, reserved 1048576K
}
Event: 852.413 GC heap before
{Heap before GC invocations=1099 (full 1):
 def new generation   total 38784K, used 34497K [0x0000000672200000, 0x0000000674c10000, 0x00000006e16a0000)
  eden space 34496K, 100% used [0x0000000672200000, 0x00000006743b0000, 0x00000006743b0000)
  from space 4288K,   0% used [0x00000006747e0000, 0x00000006747e0410, 0x0000000674c10000)
  to   space 4288K,   0% used [0x00000006743b0000, 0x00000006743b0000, 0x00000006747e0000)
 tenured generation   total 86016K, used 44496K [0x00000006e16a0000, 0x00000006e6aa0000, 0x00000007c0000000)
   the space 86016K,  51% used [0x00000006e16a0000, 0x00000006e42140e8, 0x00000006e4214200, 0x00000006e6aa0000)
 Metaspace       used 19746K, capacity 20362K, committed 21504K, reserved 1069056K
  class space    used 2320K, capacity 2486K, committed 2816K, reserved 1048576K
Event: 852.415 GC heap after
Heap after GC invocations=1100 (full 1):
 def new generation   total 38784K, used 1K [0x0000000672200000, 0x0000000674c10000, 0x00000006e16a0000)
  eden space 34496K,   0% used [0x0000000672200000, 0x0000000672200000, 0x00000006743b0000)
  from space 4288K,   0% used [0x00000006743b0000, 0x00000006743b0420, 0x00000006747e0000)
  to   space 4288K,   0% used [0x00000006747e0000, 0x00000006747e0000, 0x0000000674c10000)
 tenured generation   total 86016K, used 44496K [0x00000006e16a0000, 0x00000006e6aa0000, 0x00000007c0000000)
   the space 86016K,  51% used [0x00000006e16a0000, 0x00000006e42140e8, 0x00000006e4214200, 0x00000006e6aa0000)
 Metaspace       used 19746K, capacity 20362K, committed 21504K, reserved 1069056K
  class space    used 2320K, capacity 2486K, committed 2816K, reserved 1048576K
}
Event: 854.290 GC heap before
{Heap before GC invocations=1100 (full 1):
 def new generation   total 38784K, used 34497K [0x0000000672200000, 0x0000000674c10000, 0x00000006e16a0000)
  eden space 34496K, 100% used [0x0000000672200000, 0x00000006743b0000, 0x00000006743b0000)
  from space 4288K,   0% used [0x00000006743b0000, 0x00000006743b0420, 0x00000006747e0000)
  to   space 4288K,   0% used [0x00000006747e0000, 0x00000006747e0000, 0x0000000674c10000)
 tenured generation   total 86016K, used 44496K [0x00000006e16a0000, 0x00000006e6aa0000, 0x00000007c0000000)
   the space 86016K,  51% used [0x00000006e16a0000, 0x00000006e42140e8, 0x00000006e4214200, 0x00000006e6aa0000)
 Metaspace       used 19746K, capacity 20362K, committed 21504K, reserved 1069056K
  class space    used 2320K, capacity 2486K, committed 2816K, reserved 1048576K
Event: 854.297 GC heap after
Heap after GC invocations=1101 (full 1):
 def new generation   total 38784K, used 801K [0x0000000672200000, 0x0000000674c10000, 0x00000006e16a0000)
  eden space 34496K,   0% used [0x0000000672200000, 0x0000000672200000, 0x00000006743b0000)
  from space 4288K,  18% used [0x00000006747e0000, 0x00000006748a8650, 0x0000000674c10000)
  to   space 4288K,   0% used [0x00000006743b0000, 0x00000006743b0000, 0x00000006747e0000)
 tenured generation   total 86016K, used 44496K [0x00000006e16a0000, 0x00000006e6aa0000, 0x00000007c0000000)
   the space 86016K,  51% used [0x00000006e16a0000, 0x00000006e42140e8, 0x00000006e4214200, 0x00000006e6aa0000)
 Metaspace       used 19746K, capacity 20362K, committed 21504K, reserved 1069056K
  class space    used 2320K, capacity 2486K, committed 2816K, reserved 1048576K
}

