# JRE version: OpenJDK Runtime Environment (8.0_162-b12) (build 1.8.0_162-8u162-b12-0ubuntu0.16.04.2-b12)
# Java VM: OpenJDK 64-Bit Server VM (25.162-b12 mixed mode linux-amd64 compressed oops)
# JRE version: OpenJDK Runtime Environment (8.0_162-b12) (build 1.8.0_162-8u162-b12-0ubuntu0.16.04.2-b12)
# Java VM: OpenJDK 64-Bit Server VM (25.162-b12 mixed mode linux-amd64 compressed oops)
Heap:
 def new generation   total 38784K, used 7233K [0x0000000672200000, 0x0000000674c10000, 0x00000006e16a0000)
  eden space 34496K,  18% used [0x0000000672200000, 0x00000006728109a8, 0x00000006743b0000)
  from space 4288K,  23% used [0x00000006743b0000, 0x00000006744afca8, 0x00000006747e0000)
  to   space 4288K,   0% used [0x00000006747e0000, 0x00000006747e0000, 0x0000000674c10000)
 tenured generation   total 86016K, used 47874K [0x00000006e16a0000, 0x00000006e6aa0000, 0x00000007c0000000)
   the space 86016K,  55% used [0x00000006e16a0000, 0x00000006e4560b58, 0x00000006e4560c00, 0x00000006e6aa0000)
 Metaspace       used 19732K, capacity 20282K, committed 21504K, reserved 1069056K
  class space    used 2321K, capacity 2486K, committed 2816K, reserved 1048576K
GC Heap History (10 events):
Event: 847.692 GC heap before
{Heap before GC invocations=1061 (full 1):
 def new generation   total 38784K, used 34497K [0x0000000672200000, 0x0000000674c10000, 0x00000006e16a0000)
  eden space 34496K, 100% used [0x0000000672200000, 0x00000006743b0000, 0x00000006743b0000)
  from space 4288K,   0% used [0x00000006747e0000, 0x00000006747e0540, 0x0000000674c10000)
  to   space 4288K,   0% used [0x00000006743b0000, 0x00000006743b0000, 0x00000006747e0000)
 tenured generation   total 86016K, used 47874K [0x00000006e16a0000, 0x00000006e6aa0000, 0x00000007c0000000)
   the space 86016K,  55% used [0x00000006e16a0000, 0x00000006e4560ad8, 0x00000006e4560c00, 0x00000006e6aa0000)
 Metaspace       used 19729K, capacity 20274K, committed 21504K, reserved 1069056K
  class space    used 2321K, capacity 2486K, committed 2816K, reserved 1048576K
Event: 847.693 GC heap after
Heap after GC invocations=1062 (full 1):
 def new generation   total 38784K, used 1K [0x0000000672200000, 0x0000000674c10000, 0x00000006e16a0000)
  eden space 34496K,   0% used [0x0000000672200000, 0x0000000672200000, 0x00000006743b0000)
  from space 4288K,   0% used [0x00000006743b0000, 0x00000006743b0540, 0x00000006747e0000)
  to   space 4288K,   0% used [0x00000006747e0000, 0x00000006747e0000, 0x0000000674c10000)
 tenured generation   total 86016K, used 47874K [0x00000006e16a0000, 0x00000006e6aa0000, 0x00000007c0000000)
   the space 86016K,  55% used [0x00000006e16a0000, 0x00000006e4560ad8, 0x00000006e4560c00, 0x00000006e6aa0000)
 Metaspace       used 19729K, capacity 20274K, committed 21504K, reserved 1069056K
  class space    used 2321K, capacity 2486K, committed 2816K, reserved 1048576K
}
Event: 848.664 GC heap before
{Heap before GC invocations=1062 (full 1):
 def new generation   total 38784K, used 34497K [0x0000000672200000, 0x0000000674c10000, 0x00000006e16a0000)
  eden space 34496K, 100% used [0x0000000672200000, 0x00000006743b0000, 0x00000006743b0000)
  from space 4288K,   0% used [0x00000006743b0000, 0x00000006743b0540, 0x00000006747e0000)
  to   space 4288K,   0% used [0x00000006747e0000, 0x00000006747e0000, 0x0000000674c10000)
 tenured generation   total 86016K, used 47874K [0x00000006e16a0000, 0x00000006e6aa0000, 0x00000007c0000000)
   the space 86016K,  55% used [0x00000006e16a0000, 0x00000006e4560ad8, 0x00000006e4560c00, 0x00000006e6aa0000)
 Metaspace       used 19729K, capacity 20274K, committed 21504K, reserved 1069056K
  class space    used 2321K, capacity 2486K, committed 2816K, reserved 1048576K
Event: 848.666 GC heap after
Heap after GC invocations=1063 (full 1):
 def new generation   total 38784K, used 1K [0x0000000672200000, 0x0000000674c10000, 0x00000006e16a0000)
  eden space 34496K,   0% used [0x0000000672200000, 0x0000000672200000, 0x00000006743b0000)
  from space 4288K,   0% used [0x00000006747e0000, 0x00000006747e0558, 0x0000000674c10000)
  to   space 4288K,   0% used [0x00000006743b0000, 0x00000006743b0000, 0x00000006747e0000)
 tenured generation   total 86016K, used 47874K [0x00000006e16a0000, 0x00000006e6aa0000, 0x00000007c0000000)
   the space 86016K,  55% used [0x00000006e16a0000, 0x00000006e4560ad8, 0x00000006e4560c00, 0x00000006e6aa0000)
 Metaspace       used 19729K, capacity 20274K, committed 21504K, reserved 1069056K
  class space    used 2321K, capacity 2486K, committed 2816K, reserved 1048576K
}
Event: 849.628 GC heap before
{Heap before GC invocations=1063 (full 1):
 def new generation   total 38784K, used 34497K [0x0000000672200000, 0x0000000674c10000, 0x00000006e16a0000)
  eden space 34496K, 100% used [0x0000000672200000, 0x00000006743b0000, 0x00000006743b0000)
  from space 4288K,   0% used [0x00000006747e0000, 0x00000006747e0558, 0x0000000674c10000)
  to   space 4288K,   0% used [0x00000006743b0000, 0x00000006743b0000, 0x00000006747e0000)
 tenured generation   total 86016K, used 47874K [0x00000006e16a0000, 0x00000006e6aa0000, 0x00000007c0000000)
   the space 86016K,  55% used [0x00000006e16a0000, 0x00000006e4560ad8, 0x00000006e4560c00, 0x00000006e6aa0000)
 Metaspace       used 19729K, capacity 20274K, committed 21504K, reserved 1069056K
  class space    used 2321K, capacity 2486K, committed 2816K, reserved 1048576K
Event: 849.630 GC heap after
Heap after GC invocations=1064 (full 1):
 def new generation   total 38784K, used 1K [0x0000000672200000, 0x0000000674c10000, 0x00000006e16a0000)
  eden space 34496K,   0% used [0x0000000672200000, 0x0000000672200000, 0x00000006743b0000)
  from space 4288K,   0% used [0x00000006743b0000, 0x00000006743b0478, 0x00000006747e0000)
  to   space 4288K,   0% used [0x00000006747e0000, 0x00000006747e0000, 0x0000000674c10000)
 tenured generation   total 86016K, used 47874K [0x00000006e16a0000, 0x00000006e6aa0000, 0x00000007c0000000)
   the space 86016K,  55% used [0x00000006e16a0000, 0x00000006e4560b58, 0x00000006e4560c00, 0x00000006e6aa0000)
 Metaspace       used 19729K, capacity 20274K, committed 21504K, reserved 1069056K
  class space    used 2321K, capacity 2486K, committed 2816K, reserved 1048576K
}
Event: 850.849 GC heap before
{Heap before GC invocations=1064 (full 1):
 def new generation   total 38784K, used 34497K [0x0000000672200000, 0x0000000674c10000, 0x00000006e16a0000)
  eden space 34496K, 100% used [0x0000000672200000, 0x00000006743b0000, 0x00000006743b0000)
  from space 4288K,   0% used [0x00000006743b0000, 0x00000006743b0478, 0x00000006747e0000)
  to   space 4288K,   0% used [0x00000006747e0000, 0x00000006747e0000, 0x0000000674c10000)
 tenured generation   total 86016K, used 47874K [0x00000006e16a0000, 0x00000006e6aa0000, 0x00000007c0000000)
   the space 86016K,  55% used [0x00000006e16a0000, 0x00000006e4560b58, 0x00000006e4560c00, 0x00000006e6aa0000)
 Metaspace       used 19729K, capacity 20274K, committed 21504K, reserved 1069056K
  class space    used 2321K, capacity 2486K, committed 2816K, reserved 1048576K
Event: 850.850 GC heap after
Heap after GC invocations=1065 (full 1):
 def new generation   total 38784K, used 1K [0x0000000672200000, 0x0000000674c10000, 0x00000006e16a0000)
  eden space 34496K,   0% used [0x0000000672200000, 0x0000000672200000, 0x00000006743b0000)
  from space 4288K,   0% used [0x00000006747e0000, 0x00000006747e0450, 0x0000000674c10000)
  to   space 4288K,   0% used [0x00000006743b0000, 0x00000006743b0000, 0x00000006747e0000)
 tenured generation   total 86016K, used 47874K [0x00000006e16a0000, 0x00000006e6aa0000, 0x00000007c0000000)
   the space 86016K,  55% used [0x00000006e16a0000, 0x00000006e4560b58, 0x00000006e4560c00, 0x00000006e6aa0000)
 Metaspace       used 19729K, capacity 20274K, committed 21504K, reserved 1069056K
  class space    used 2321K, capacity 2486K, committed 2816K, reserved 1048576K
}
Event: 852.397 GC heap before
{Heap before GC invocations=1065 (full 1):
 def new generation   total 38784K, used 34497K [0x0000000672200000, 0x0000000674c10000, 0x00000006e16a0000)
  eden space 34496K, 100% used [0x0000000672200000, 0x00000006743b0000, 0x00000006743b0000)
  from space 4288K,   0% used [0x00000006747e0000, 0x00000006747e0450, 0x0000000674c10000)
  to   space 4288K,   0% used [0x00000006743b0000, 0x00000006743b0000, 0x00000006747e0000)
 tenured generation   total 86016K, used 47874K [0x00000006e16a0000, 0x00000006e6aa0000, 0x00000007c0000000)
   the space 86016K,  55% used [0x00000006e16a0000, 0x00000006e4560b58, 0x00000006e4560c00, 0x00000006e6aa0000)
 Metaspace       used 19729K, capacity 20274K, committed 21504K, reserved 1069056K
  class space    used 2321K, capacity 2486K, committed 2816K, reserved 1048576K
Event: 852.405 GC heap after
Heap after GC invocations=1066 (full 1):
 def new generation   total 38784K, used 1023K [0x0000000672200000, 0x0000000674c10000, 0x00000006e16a0000)
  eden space 34496K,   0% used [0x0000000672200000, 0x0000000672200000, 0x00000006743b0000)
  from space 4288K,  23% used [0x00000006743b0000, 0x00000006744afca8, 0x00000006747e0000)
  to   space 4288K,   0% used [0x00000006747e0000, 0x00000006747e0000, 0x0000000674c10000)
 tenured generation   total 86016K, used 47874K [0x00000006e16a0000, 0x00000006e6aa0000, 0x00000007c0000000)
   the space 86016K,  55% used [0x00000006e16a0000, 0x00000006e4560b58, 0x00000006e4560c00, 0x00000006e6aa0000)
 Metaspace       used 19729K, capacity 20274K, committed 21504K, reserved 1069056K
  class space    used 2321K, capacity 2486K, committed 2816K, reserved 1048576K
}

