# JRE version: OpenJDK Runtime Environment (8.0_162-b12) (build 1.8.0_162-8u162-b12-0ubuntu0.16.04.2-b12)
# Java VM: OpenJDK 64-Bit Server VM (25.162-b12 mixed mode linux-amd64 compressed oops)
# JRE version: OpenJDK Runtime Environment (8.0_162-b12) (build 1.8.0_162-8u162-b12-0ubuntu0.16.04.2-b12)
# Java VM: OpenJDK 64-Bit Server VM (25.162-b12 mixed mode linux-amd64 compressed oops)
Heap:
 def new generation   total 38784K, used 5625K [0x0000000672200000, 0x0000000674c10000, 0x00000006e16a0000)
  eden space 34496K,  14% used [0x0000000672200000, 0x00000006726b7af8, 0x00000006743b0000)
  from space 4288K,  18% used [0x00000006743b0000, 0x0000000674476ac0, 0x00000006747e0000)
  to   space 4288K,   0% used [0x00000006747e0000, 0x00000006747e0000, 0x0000000674c10000)
 tenured generation   total 86016K, used 46861K [0x00000006e16a0000, 0x00000006e6aa0000, 0x00000007c0000000)
   the space 86016K,  54% used [0x00000006e16a0000, 0x00000006e4463550, 0x00000006e4463600, 0x00000006e6aa0000)
 Metaspace       used 19717K, capacity 20286K, committed 21552K, reserved 1069056K
  class space    used 2320K, capacity 2486K, committed 2816K, reserved 1048576K
GC Heap History (10 events):
Event: 856.464 GC heap before
{Heap before GC invocations=1061 (full 1):
 def new generation   total 38784K, used 34497K [0x0000000672200000, 0x0000000674c10000, 0x00000006e16a0000)
  eden space 34496K, 100% used [0x0000000672200000, 0x00000006743b0000, 0x00000006743b0000)
  from space 4288K,   0% used [0x00000006747e0000, 0x00000006747e04c0, 0x0000000674c10000)
  to   space 4288K,   0% used [0x00000006743b0000, 0x00000006743b0000, 0x00000006747e0000)
 tenured generation   total 86016K, used 46861K [0x00000006e16a0000, 0x00000006e6aa0000, 0x00000007c0000000)
   the space 86016K,  54% used [0x00000006e16a0000, 0x00000006e44634d0, 0x00000006e4463600, 0x00000006e6aa0000)
 Metaspace       used 19714K, capacity 20278K, committed 21552K, reserved 1069056K
  class space    used 2320K, capacity 2486K, committed 2816K, reserved 1048576K
Event: 856.466 GC heap after
Heap after GC invocations=1062 (full 1):
 def new generation   total 38784K, used 1K [0x0000000672200000, 0x0000000674c10000, 0x00000006e16a0000)
  eden space 34496K,   0% used [0x0000000672200000, 0x0000000672200000, 0x00000006743b0000)
  from space 4288K,   0% used [0x00000006743b0000, 0x00000006743b0520, 0x00000006747e0000)
  to   space 4288K,   0% used [0x00000006747e0000, 0x00000006747e0000, 0x0000000674c10000)
 tenured generation   total 86016K, used 46861K [0x00000006e16a0000, 0x00000006e6aa0000, 0x00000007c0000000)
   the space 86016K,  54% used [0x00000006e16a0000, 0x00000006e44634d0, 0x00000006e4463600, 0x00000006e6aa0000)
 Metaspace       used 19714K, capacity 20278K, committed 21552K, reserved 1069056K
  class space    used 2320K, capacity 2486K, committed 2816K, reserved 1048576K
}
Event: 857.532 GC heap before
{Heap before GC invocations=1062 (full 1):
 def new generation   total 38784K, used 34497K [0x0000000672200000, 0x0000000674c10000, 0x00000006e16a0000)
  eden space 34496K, 100% used [0x0000000672200000, 0x00000006743b0000, 0x00000006743b0000)
  from space 4288K,   0% used [0x00000006743b0000, 0x00000006743b0520, 0x00000006747e0000)
  to   space 4288K,   0% used [0x00000006747e0000, 0x00000006747e0000, 0x0000000674c10000)
 tenured generation   total 86016K, used 46861K [0x00000006e16a0000, 0x00000006e6aa0000, 0x00000007c0000000)
   the space 86016K,  54% used [0x00000006e16a0000, 0x00000006e44634d0, 0x00000006e4463600, 0x00000006e6aa0000)
 Metaspace       used 19714K, capacity 20278K, committed 21552K, reserved 1069056K
  class space    used 2320K, capacity 2486K, committed 2816K, reserved 1048576K
Event: 857.533 GC heap after
Heap after GC invocations=1063 (full 1):
 def new generation   total 38784K, used 1K [0x0000000672200000, 0x0000000674c10000, 0x00000006e16a0000)
  eden space 34496K,   0% used [0x0000000672200000, 0x0000000672200000, 0x00000006743b0000)
  from space 4288K,   0% used [0x00000006747e0000, 0x00000006747e04d8, 0x0000000674c10000)
  to   space 4288K,   0% used [0x00000006743b0000, 0x00000006743b0000, 0x00000006747e0000)
 tenured generation   total 86016K, used 46861K [0x00000006e16a0000, 0x00000006e6aa0000, 0x00000007c0000000)
   the space 86016K,  54% used [0x00000006e16a0000, 0x00000006e44634d0, 0x00000006e4463600, 0x00000006e6aa0000)
 Metaspace       used 19714K, capacity 20278K, committed 21552K, reserved 1069056K
  class space    used 2320K, capacity 2486K, committed 2816K, reserved 1048576K
}
Event: 858.669 GC heap before
{Heap before GC invocations=1063 (full 1):
 def new generation   total 38784K, used 34497K [0x0000000672200000, 0x0000000674c10000, 0x00000006e16a0000)
  eden space 34496K, 100% used [0x0000000672200000, 0x00000006743b0000, 0x00000006743b0000)
  from space 4288K,   0% used [0x00000006747e0000, 0x00000006747e04d8, 0x0000000674c10000)
  to   space 4288K,   0% used [0x00000006743b0000, 0x00000006743b0000, 0x00000006747e0000)
 tenured generation   total 86016K, used 46861K [0x00000006e16a0000, 0x00000006e6aa0000, 0x00000007c0000000)
   the space 86016K,  54% used [0x00000006e16a0000, 0x00000006e44634d0, 0x00000006e4463600, 0x00000006e6aa0000)
 Metaspace       used 19714K, capacity 20278K, committed 21552K, reserved 1069056K
  class space    used 2320K, capacity 2486K, committed 2816K, reserved 1048576K
Event: 858.670 GC heap after
Heap after GC invocations=1064 (full 1):
 def new generation   total 38784K, used 1K [0x0000000672200000, 0x0000000674c10000, 0x00000006e16a0000)
  eden space 34496K,   0% used [0x0000000672200000, 0x0000000672200000, 0x00000006743b0000)
  from space 4288K,   0% used [0x00000006743b0000, 0x00000006743b0440, 0x00000006747e0000)
  to   space 4288K,   0% used [0x00000006747e0000, 0x00000006747e0000, 0x0000000674c10000)
 tenured generation   total 86016K, used 46861K [0x00000006e16a0000, 0x00000006e6aa0000, 0x00000007c0000000)
   the space 86016K,  54% used [0x00000006e16a0000, 0x00000006e4463550, 0x00000006e4463600, 0x00000006e6aa0000)
 Metaspace       used 19714K, capacity 20278K, committed 21552K, reserved 1069056K
  class space    used 2320K, capacity 2486K, committed 2816K, reserved 1048576K
}
Event: 859.951 GC heap before
{Heap before GC invocations=1064 (full 1):
 def new generation   total 38784K, used 34497K [0x0000000672200000, 0x0000000674c10000, 0x00000006e16a0000)
  eden space 34496K, 100% used [0x0000000672200000, 0x00000006743b0000, 0x00000006743b0000)
  from space 4288K,   0% used [0x00000006743b0000, 0x00000006743b0440, 0x00000006747e0000)
  to   space 4288K,   0% used [0x00000006747e0000, 0x00000006747e0000, 0x0000000674c10000)
 tenured generation   total 86016K, used 46861K [0x00000006e16a0000, 0x00000006e6aa0000, 0x00000007c0000000)
   the space 86016K,  54% used [0x00000006e16a0000, 0x00000006e4463550, 0x00000006e4463600, 0x00000006e6aa0000)
 Metaspace       used 19714K, capacity 20278K, committed 21552K, reserved 1069056K
  class space    used 2320K, capacity 2486K, committed 2816K, reserved 1048576K
Event: 859.952 GC heap after
Heap after GC invocations=1065 (full 1):
 def new generation   total 38784K, used 1K [0x0000000672200000, 0x0000000674c10000, 0x00000006e16a0000)
  eden space 34496K,   0% used [0x0000000672200000, 0x0000000672200000, 0x00000006743b0000)
  from space 4288K,   0% used [0x00000006747e0000, 0x00000006747e0490, 0x0000000674c10000)
  to   space 4288K,   0% used [0x00000006743b0000, 0x00000006743b0000, 0x00000006747e0000)
 tenured generation   total 86016K, used 46861K [0x00000006e16a0000, 0x00000006e6aa0000, 0x00000007c0000000)
   the space 86016K,  54% used [0x00000006e16a0000, 0x00000006e4463550, 0x00000006e4463600, 0x00000006e6aa0000)
 Metaspace       used 19714K, capacity 20278K, committed 21552K, reserved 1069056K
  class space    used 2320K, capacity 2486K, committed 2816K, reserved 1048576K
}
Event: 861.430 GC heap before
{Heap before GC invocations=1065 (full 1):
 def new generation   total 38784K, used 34497K [0x0000000672200000, 0x0000000674c10000, 0x00000006e16a0000)
  eden space 34496K, 100% used [0x0000000672200000, 0x00000006743b0000, 0x00000006743b0000)
  from space 4288K,   0% used [0x00000006747e0000, 0x00000006747e0490, 0x0000000674c10000)
  to   space 4288K,   0% used [0x00000006743b0000, 0x00000006743b0000, 0x00000006747e0000)
 tenured generation   total 86016K, used 46861K [0x00000006e16a0000, 0x00000006e6aa0000, 0x00000007c0000000)
   the space 86016K,  54% used [0x00000006e16a0000, 0x00000006e4463550, 0x00000006e4463600, 0x00000006e6aa0000)
 Metaspace       used 19715K, capacity 20278K, committed 21552K, reserved 1069056K
  class space    used 2320K, capacity 2486K, committed 2816K, reserved 1048576K
Event: 861.436 GC heap after
Heap after GC invocations=1066 (full 1):
 def new generation   total 38784K, used 794K [0x0000000672200000, 0x0000000674c10000, 0x00000006e16a0000)
  eden space 34496K,   0% used [0x0000000672200000, 0x0000000672200000, 0x00000006743b0000)
  from space 4288K,  18% used [0x00000006743b0000, 0x0000000674476ac0, 0x00000006747e0000)
  to   space 4288K,   0% used [0x00000006747e0000, 0x00000006747e0000, 0x0000000674c10000)
 tenured generation   total 86016K, used 46861K [0x00000006e16a0000, 0x00000006e6aa0000, 0x00000007c0000000)
   the space 86016K,  54% used [0x00000006e16a0000, 0x00000006e4463550, 0x00000006e4463600, 0x00000006e6aa0000)
 Metaspace       used 19715K, capacity 20278K, committed 21552K, reserved 1069056K
  class space    used 2320K, capacity 2486K, committed 2816K, reserved 1048576K
}

