# JRE version: OpenJDK Runtime Environment (8.0_162-b12) (build 1.8.0_162-8u162-b12-0ubuntu0.16.04.2-b12)
# Java VM: OpenJDK 64-Bit Server VM (25.162-b12 mixed mode linux-amd64 compressed oops)
# JRE version: OpenJDK Runtime Environment (8.0_162-b12) (build 1.8.0_162-8u162-b12-0ubuntu0.16.04.2-b12)
# Java VM: OpenJDK 64-Bit Server VM (25.162-b12 mixed mode linux-amd64 compressed oops)
Heap:
 def new generation   total 38784K, used 9859K [0x0000000672200000, 0x0000000674c10000, 0x00000006e16a0000)
  eden space 34496K,  26% used [0x0000000672200000, 0x0000000672ac2498, 0x00000006743b0000)
  from space 4288K,  20% used [0x00000006743b0000, 0x000000067448e9b0, 0x00000006747e0000)
  to   space 4288K,   0% used [0x00000006747e0000, 0x00000006747e0000, 0x0000000674c10000)
 tenured generation   total 86016K, used 47630K [0x00000006e16a0000, 0x00000006e6aa0000, 0x00000007c0000000)
   the space 86016K,  55% used [0x00000006e16a0000, 0x00000006e45238c8, 0x00000006e4523a00, 0x00000006e6aa0000)
 Metaspace       used 19752K, capacity 20362K, committed 21504K, reserved 1069056K
  class space    used 2321K, capacity 2486K, committed 2816K, reserved 1048576K
GC Heap History (10 events):
Event: 847.045 GC heap before
{Heap before GC invocations=1061 (full 1):
 def new generation   total 38784K, used 34497K [0x0000000672200000, 0x0000000674c10000, 0x00000006e16a0000)
  eden space 34496K, 100% used [0x0000000672200000, 0x00000006743b0000, 0x00000006743b0000)
  from space 4288K,   0% used [0x00000006747e0000, 0x00000006747e0510, 0x0000000674c10000)
  to   space 4288K,   0% used [0x00000006743b0000, 0x00000006743b0000, 0x00000006747e0000)
 tenured generation   total 86016K, used 47630K [0x00000006e16a0000, 0x00000006e6aa0000, 0x00000007c0000000)
   the space 86016K,  55% used [0x00000006e16a0000, 0x00000006e4523848, 0x00000006e4523a00, 0x00000006e6aa0000)
 Metaspace       used 19750K, capacity 20358K, committed 21504K, reserved 1069056K
  class space    used 2321K, capacity 2486K, committed 2816K, reserved 1048576K
Event: 847.046 GC heap after
Heap after GC invocations=1062 (full 1):
 def new generation   total 38784K, used 1K [0x0000000672200000, 0x0000000674c10000, 0x00000006e16a0000)
  eden space 34496K,   0% used [0x0000000672200000, 0x0000000672200000, 0x00000006743b0000)
  from space 4288K,   0% used [0x00000006743b0000, 0x00000006743b04b8, 0x00000006747e0000)
  to   space 4288K,   0% used [0x00000006747e0000, 0x00000006747e0000, 0x0000000674c10000)
 tenured generation   total 86016K, used 47630K [0x00000006e16a0000, 0x00000006e6aa0000, 0x00000007c0000000)
   the space 86016K,  55% used [0x00000006e16a0000, 0x00000006e4523848, 0x00000006e4523a00, 0x00000006e6aa0000)
 Metaspace       used 19750K, capacity 20358K, committed 21504K, reserved 1069056K
  class space    used 2321K, capacity 2486K, committed 2816K, reserved 1048576K
}
Event: 848.185 GC heap before
{Heap before GC invocations=1062 (full 1):
 def new generation   total 38784K, used 34497K [0x0000000672200000, 0x0000000674c10000, 0x00000006e16a0000)
  eden space 34496K, 100% used [0x0000000672200000, 0x00000006743b0000, 0x00000006743b0000)
  from space 4288K,   0% used [0x00000006743b0000, 0x00000006743b04b8, 0x00000006747e0000)
  to   space 4288K,   0% used [0x00000006747e0000, 0x00000006747e0000, 0x0000000674c10000)
 tenured generation   total 86016K, used 47630K [0x00000006e16a0000, 0x00000006e6aa0000, 0x00000007c0000000)
   the space 86016K,  55% used [0x00000006e16a0000, 0x00000006e4523848, 0x00000006e4523a00, 0x00000006e6aa0000)
 Metaspace       used 19750K, capacity 20358K, committed 21504K, reserved 1069056K
  class space    used 2321K, capacity 2486K, committed 2816K, reserved 1048576K
Event: 848.186 GC heap after
Heap after GC invocations=1063 (full 1):
 def new generation   total 38784K, used 1K [0x0000000672200000, 0x0000000674c10000, 0x00000006e16a0000)
  eden space 34496K,   0% used [0x0000000672200000, 0x0000000672200000, 0x00000006743b0000)
  from space 4288K,   0% used [0x00000006747e0000, 0x00000006747e0570, 0x0000000674c10000)
  to   space 4288K,   0% used [0x00000006743b0000, 0x00000006743b0000, 0x00000006747e0000)
 tenured generation   total 86016K, used 47630K [0x00000006e16a0000, 0x00000006e6aa0000, 0x00000007c0000000)
   the space 86016K,  55% used [0x00000006e16a0000, 0x00000006e4523848, 0x00000006e4523a00, 0x00000006e6aa0000)
 Metaspace       used 19750K, capacity 20358K, committed 21504K, reserved 1069056K
  class space    used 2321K, capacity 2486K, committed 2816K, reserved 1048576K
}
Event: 849.346 GC heap before
{Heap before GC invocations=1063 (full 1):
 def new generation   total 38784K, used 34497K [0x0000000672200000, 0x0000000674c10000, 0x00000006e16a0000)
  eden space 34496K, 100% used [0x0000000672200000, 0x00000006743b0000, 0x00000006743b0000)
  from space 4288K,   0% used [0x00000006747e0000, 0x00000006747e0570, 0x0000000674c10000)
  to   space 4288K,   0% used [0x00000006743b0000, 0x00000006743b0000, 0x00000006747e0000)
 tenured generation   total 86016K, used 47630K [0x00000006e16a0000, 0x00000006e6aa0000, 0x00000007c0000000)
   the space 86016K,  55% used [0x00000006e16a0000, 0x00000006e4523848, 0x00000006e4523a00, 0x00000006e6aa0000)
 Metaspace       used 19750K, capacity 20358K, committed 21504K, reserved 1069056K
  class space    used 2321K, capacity 2486K, committed 2816K, reserved 1048576K
Event: 849.347 GC heap after
Heap after GC invocations=1064 (full 1):
 def new generation   total 38784K, used 1K [0x0000000672200000, 0x0000000674c10000, 0x00000006e16a0000)
  eden space 34496K,   0% used [0x0000000672200000, 0x0000000672200000, 0x00000006743b0000)
  from space 4288K,   0% used [0x00000006743b0000, 0x00000006743b05a0, 0x00000006747e0000)
  to   space 4288K,   0% used [0x00000006747e0000, 0x00000006747e0000, 0x0000000674c10000)
 tenured generation   total 86016K, used 47630K [0x00000006e16a0000, 0x00000006e6aa0000, 0x00000007c0000000)
   the space 86016K,  55% used [0x00000006e16a0000, 0x00000006e4523848, 0x00000006e4523a00, 0x00000006e6aa0000)
 Metaspace       used 19750K, capacity 20358K, committed 21504K, reserved 1069056K
  class space    used 2321K, capacity 2486K, committed 2816K, reserved 1048576K
}
Event: 850.544 GC heap before
{Heap before GC invocations=1064 (full 1):
 def new generation   total 38784K, used 34497K [0x0000000672200000, 0x0000000674c10000, 0x00000006e16a0000)
  eden space 34496K, 100% used [0x0000000672200000, 0x00000006743b0000, 0x00000006743b0000)
  from space 4288K,   0% used [0x00000006743b0000, 0x00000006743b05a0, 0x00000006747e0000)
  to   space 4288K,   0% used [0x00000006747e0000, 0x00000006747e0000, 0x0000000674c10000)
 tenured generation   total 86016K, used 47630K [0x00000006e16a0000, 0x00000006e6aa0000, 0x00000007c0000000)
   the space 86016K,  55% used [0x00000006e16a0000, 0x00000006e4523848, 0x00000006e4523a00, 0x00000006e6aa0000)
 Metaspace       used 19750K, capacity 20358K, committed 21504K, reserved 1069056K
  class space    used 2321K, capacity 2486K, committed 2816K, reserved 1048576K
Event: 850.545 GC heap after
Heap after GC invocations=1065 (full 1):
 def new generation   total 38784K, used 0K [0x0000000672200000, 0x0000000674c10000, 0x00000006e16a0000)
  eden space 34496K,   0% used [0x0000000672200000, 0x0000000672200000, 0x00000006743b0000)
  from space 4288K,   0% used [0x00000006747e0000, 0x00000006747e03f8, 0x0000000674c10000)
  to   space 4288K,   0% used [0x00000006743b0000, 0x00000006743b0000, 0x00000006747e0000)
 tenured generation   total 86016K, used 47630K [0x00000006e16a0000, 0x00000006e6aa0000, 0x00000007c0000000)
   the space 86016K,  55% used [0x00000006e16a0000, 0x00000006e45238c8, 0x00000006e4523a00, 0x00000006e6aa0000)
 Metaspace       used 19750K, capacity 20358K, committed 21504K, reserved 1069056K
  class space    used 2321K, capacity 2486K, committed 2816K, reserved 1048576K
}
Event: 852.167 GC heap before
{Heap before GC invocations=1065 (full 1):
 def new generation   total 38784K, used 34496K [0x0000000672200000, 0x0000000674c10000, 0x00000006e16a0000)
  eden space 34496K, 100% used [0x0000000672200000, 0x00000006743b0000, 0x00000006743b0000)
  from space 4288K,   0% used [0x00000006747e0000, 0x00000006747e03f8, 0x0000000674c10000)
  to   space 4288K,   0% used [0x00000006743b0000, 0x00000006743b0000, 0x00000006747e0000)
 tenured generation   total 86016K, used 47630K [0x00000006e16a0000, 0x00000006e6aa0000, 0x00000007c0000000)
   the space 86016K,  55% used [0x00000006e16a0000, 0x00000006e45238c8, 0x00000006e4523a00, 0x00000006e6aa0000)
 Metaspace       used 19750K, capacity 20358K, committed 21504K, reserved 1069056K
  class space    used 2321K, capacity 2486K, committed 2816K, reserved 1048576K
Event: 852.175 GC heap after
Heap after GC invocations=1066 (full 1):
 def new generation   total 38784K, used 890K [0x0000000672200000, 0x0000000674c10000, 0x00000006e16a0000)
  eden space 34496K,   0% used [0x0000000672200000, 0x0000000672200000, 0x00000006743b0000)
  from space 4288K,  20% used [0x00000006743b0000, 0x000000067448e9b0, 0x00000006747e0000)
  to   space 4288K,   0% used [0x00000006747e0000, 0x00000006747e0000, 0x0000000674c10000)
 tenured generation   total 86016K, used 47630K [0x00000006e16a0000, 0x00000006e6aa0000, 0x00000007c0000000)
   the space 86016K,  55% used [0x00000006e16a0000, 0x00000006e45238c8, 0x00000006e4523a00, 0x00000006e6aa0000)
 Metaspace       used 19750K, capacity 20358K, committed 21504K, reserved 1069056K
  class space    used 2321K, capacity 2486K, committed 2816K, reserved 1048576K
}

