# JRE version: OpenJDK Runtime Environment (8.0_162-b12) (build 1.8.0_162-8u162-b12-0ubuntu0.16.04.2-b12)
# Java VM: OpenJDK 64-Bit Server VM (25.162-b12 mixed mode linux-amd64 compressed oops)
# JRE version: OpenJDK Runtime Environment (8.0_162-b12) (build 1.8.0_162-8u162-b12-0ubuntu0.16.04.2-b12)
# Java VM: OpenJDK 64-Bit Server VM (25.162-b12 mixed mode linux-amd64 compressed oops)
Heap:
 def new generation   total 38784K, used 5707K [0x0000000672200000, 0x0000000674c10000, 0x00000006e16a0000)
  eden space 34496K,  14% used [0x0000000672200000, 0x00000006726c7b38, 0x00000006743b0000)
  from space 4288K,  18% used [0x00000006743b0000, 0x000000067447b4a8, 0x00000006747e0000)
  to   space 4288K,   0% used [0x00000006747e0000, 0x00000006747e0000, 0x0000000674c10000)
 tenured generation   total 86016K, used 47331K [0x00000006e16a0000, 0x00000006e6aa0000, 0x00000007c0000000)
   the space 86016K,  55% used [0x00000006e16a0000, 0x00000006e44d8e80, 0x00000006e44d9000, 0x00000006e6aa0000)
 Metaspace       used 19735K, capacity 20298K, committed 21552K, reserved 1069056K
  class space    used 2320K, capacity 2486K, committed 2816K, reserved 1048576K
GC Heap History (10 events):
Event: 841.826 GC heap before
{Heap before GC invocations=1061 (full 1):
 def new generation   total 38784K, used 34497K [0x0000000672200000, 0x0000000674c10000, 0x00000006e16a0000)
  eden space 34496K, 100% used [0x0000000672200000, 0x00000006743b0000, 0x00000006743b0000)
  from space 4288K,   0% used [0x00000006747e0000, 0x00000006747e04b8, 0x0000000674c10000)
  to   space 4288K,   0% used [0x00000006743b0000, 0x00000006743b0000, 0x00000006747e0000)
 tenured generation   total 86016K, used 47331K [0x00000006e16a0000, 0x00000006e6aa0000, 0x00000007c0000000)
   the space 86016K,  55% used [0x00000006e16a0000, 0x00000006e44d8e00, 0x00000006e44d8e00, 0x00000006e6aa0000)
 Metaspace       used 19731K, capacity 20290K, committed 21552K, reserved 1069056K
  class space    used 2320K, capacity 2486K, committed 2816K, reserved 1048576K
Event: 841.828 GC heap after
Heap after GC invocations=1062 (full 1):
 def new generation   total 38784K, used 1K [0x0000000672200000, 0x0000000674c10000, 0x00000006e16a0000)
  eden space 34496K,   0% used [0x0000000672200000, 0x0000000672200000, 0x00000006743b0000)
  from space 4288K,   0% used [0x00000006743b0000, 0x00000006743b0500, 0x00000006747e0000)
  to   space 4288K,   0% used [0x00000006747e0000, 0x00000006747e0000, 0x0000000674c10000)
 tenured generation   total 86016K, used 47331K [0x00000006e16a0000, 0x00000006e6aa0000, 0x00000007c0000000)
   the space 86016K,  55% used [0x00000006e16a0000, 0x00000006e44d8e00, 0x00000006e44d8e00, 0x00000006e6aa0000)
 Metaspace       used 19731K, capacity 20290K, committed 21552K, reserved 1069056K
  class space    used 2320K, capacity 2486K, committed 2816K, reserved 1048576K
}
Event: 842.876 GC heap before
{Heap before GC invocations=1062 (full 1):
 def new generation   total 38784K, used 34497K [0x0000000672200000, 0x0000000674c10000, 0x00000006e16a0000)
  eden space 34496K, 100% used [0x0000000672200000, 0x00000006743b0000, 0x00000006743b0000)
  from space 4288K,   0% used [0x00000006743b0000, 0x00000006743b0500, 0x00000006747e0000)
  to   space 4288K,   0% used [0x00000006747e0000, 0x00000006747e0000, 0x0000000674c10000)
 tenured generation   total 86016K, used 47331K [0x00000006e16a0000, 0x00000006e6aa0000, 0x00000007c0000000)
   the space 86016K,  55% used [0x00000006e16a0000, 0x00000006e44d8e00, 0x00000006e44d8e00, 0x00000006e6aa0000)
 Metaspace       used 19731K, capacity 20290K, committed 21552K, reserved 1069056K
  class space    used 2320K, capacity 2486K, committed 2816K, reserved 1048576K
Event: 842.877 GC heap after
Heap after GC invocations=1063 (full 1):
 def new generation   total 38784K, used 1K [0x0000000672200000, 0x0000000674c10000, 0x00000006e16a0000)
  eden space 34496K,   0% used [0x0000000672200000, 0x0000000672200000, 0x00000006743b0000)
  from space 4288K,   0% used [0x00000006747e0000, 0x00000006747e04d8, 0x0000000674c10000)
  to   space 4288K,   0% used [0x00000006743b0000, 0x00000006743b0000, 0x00000006747e0000)
 tenured generation   total 86016K, used 47331K [0x00000006e16a0000, 0x00000006e6aa0000, 0x00000007c0000000)
   the space 86016K,  55% used [0x00000006e16a0000, 0x00000006e44d8e00, 0x00000006e44d8e00, 0x00000006e6aa0000)
 Metaspace       used 19731K, capacity 20290K, committed 21552K, reserved 1069056K
  class space    used 2320K, capacity 2486K, committed 2816K, reserved 1048576K
}
Event: 844.032 GC heap before
{Heap before GC invocations=1063 (full 1):
 def new generation   total 38784K, used 34497K [0x0000000672200000, 0x0000000674c10000, 0x00000006e16a0000)
  eden space 34496K, 100% used [0x0000000672200000, 0x00000006743b0000, 0x00000006743b0000)
  from space 4288K,   0% used [0x00000006747e0000, 0x00000006747e04d8, 0x0000000674c10000)
  to   space 4288K,   0% used [0x00000006743b0000, 0x00000006743b0000, 0x00000006747e0000)
 tenured generation   total 86016K, used 47331K [0x00000006e16a0000, 0x00000006e6aa0000, 0x00000007c0000000)
   the space 86016K,  55% used [0x00000006e16a0000, 0x00000006e44d8e00, 0x00000006e44d8e00, 0x00000006e6aa0000)
 Metaspace       used 19731K, capacity 20290K, committed 21552K, reserved 1069056K
  class space    used 2320K, capacity 2486K, committed 2816K, reserved 1048576K
Event: 844.033 GC heap after
Heap after GC invocations=1064 (full 1):
 def new generation   total 38784K, used 1K [0x0000000672200000, 0x0000000674c10000, 0x00000006e16a0000)
  eden space 34496K,   0% used [0x0000000672200000, 0x0000000672200000, 0x00000006743b0000)
  from space 4288K,   0% used [0x00000006743b0000, 0x00000006743b04d8, 0x00000006747e0000)
  to   space 4288K,   0% used [0x00000006747e0000, 0x00000006747e0000, 0x0000000674c10000)
 tenured generation   total 86016K, used 47331K [0x00000006e16a0000, 0x00000006e6aa0000, 0x00000007c0000000)
   the space 86016K,  55% used [0x00000006e16a0000, 0x00000006e44d8e80, 0x00000006e44d9000, 0x00000006e6aa0000)
 Metaspace       used 19731K, capacity 20290K, committed 21552K, reserved 1069056K
  class space    used 2320K, capacity 2486K, committed 2816K, reserved 1048576K
}
Event: 845.198 GC heap before
{Heap before GC invocations=1064 (full 1):
 def new generation   total 38784K, used 34497K [0x0000000672200000, 0x0000000674c10000, 0x00000006e16a0000)
  eden space 34496K, 100% used [0x0000000672200000, 0x00000006743b0000, 0x00000006743b0000)
  from space 4288K,   0% used [0x00000006743b0000, 0x00000006743b04d8, 0x00000006747e0000)
  to   space 4288K,   0% used [0x00000006747e0000, 0x00000006747e0000, 0x0000000674c10000)
 tenured generation   total 86016K, used 47331K [0x00000006e16a0000, 0x00000006e6aa0000, 0x00000007c0000000)
   the space 86016K,  55% used [0x00000006e16a0000, 0x00000006e44d8e80, 0x00000006e44d9000, 0x00000006e6aa0000)
 Metaspace       used 19731K, capacity 20290K, committed 21552K, reserved 1069056K
  class space    used 2320K, capacity 2486K, committed 2816K, reserved 1048576K
Event: 845.199 GC heap after
Heap after GC invocations=1065 (full 1):
 def new generation   total 38784K, used 1K [0x0000000672200000, 0x0000000674c10000, 0x00000006e16a0000)
  eden space 34496K,   0% used [0x0000000672200000, 0x0000000672200000, 0x00000006743b0000)
  from space 4288K,   0% used [0x00000006747e0000, 0x00000006747e04f0, 0x0000000674c10000)
  to   space 4288K,   0% used [0x00000006743b0000, 0x00000006743b0000, 0x00000006747e0000)
 tenured generation   total 86016K, used 47331K [0x00000006e16a0000, 0x00000006e6aa0000, 0x00000007c0000000)
   the space 86016K,  55% used [0x00000006e16a0000, 0x00000006e44d8e80, 0x00000006e44d9000, 0x00000006e6aa0000)
 Metaspace       used 19731K, capacity 20290K, committed 21552K, reserved 1069056K
  class space    used 2320K, capacity 2486K, committed 2816K, reserved 1048576K
}
Event: 846.665 GC heap before
{Heap before GC invocations=1065 (full 1):
 def new generation   total 38784K, used 34497K [0x0000000672200000, 0x0000000674c10000, 0x00000006e16a0000)
  eden space 34496K, 100% used [0x0000000672200000, 0x00000006743b0000, 0x00000006743b0000)
  from space 4288K,   0% used [0x00000006747e0000, 0x00000006747e04f0, 0x0000000674c10000)
  to   space 4288K,   0% used [0x00000006743b0000, 0x00000006743b0000, 0x00000006747e0000)
 tenured generation   total 86016K, used 47331K [0x00000006e16a0000, 0x00000006e6aa0000, 0x00000007c0000000)
   the space 86016K,  55% used [0x00000006e16a0000, 0x00000006e44d8e80, 0x00000006e44d9000, 0x00000006e6aa0000)
 Metaspace       used 19732K, capacity 20290K, committed 21552K, reserved 1069056K
  class space    used 2320K, capacity 2486K, committed 2816K, reserved 1048576K
Event: 846.670 GC heap after
Heap after GC invocations=1066 (full 1):
 def new generation   total 38784K, used 813K [0x0000000672200000, 0x0000000674c10000, 0x00000006e16a0000)
  eden space 34496K,   0% used [0x0000000672200000, 0x0000000672200000, 0x00000006743b0000)
  from space 4288K,  18% used [0x00000006743b0000, 0x000000067447b4a8, 0x00000006747e0000)
  to   space 4288K,   0% used [0x00000006747e0000, 0x00000006747e0000, 0x0000000674c10000)
 tenured generation   total 86016K, used 47331K [0x00000006e16a0000, 0x00000006e6aa0000, 0x00000007c0000000)
   the space 86016K,  55% used [0x00000006e16a0000, 0x00000006e44d8e80, 0x00000006e44d9000, 0x00000006e6aa0000)
 Metaspace       used 19732K, capacity 20290K, committed 21552K, reserved 1069056K
  class space    used 2320K, capacity 2486K, committed 2816K, reserved 1048576K
}

