# JRE version: OpenJDK Runtime Environment (8.0_162-b12) (build 1.8.0_162-8u162-b12-0ubuntu0.16.04.2-b12)
# Java VM: OpenJDK 64-Bit Server VM (25.162-b12 mixed mode linux-amd64 compressed oops)
Heap:
 def new generation   total 1084672K, used 0K [0x0000000672200000, 0x00000006bbaf0000, 0x00000006e16a0000)
  eden space 964160K,   0% used [0x0000000672200000, 0x0000000672200000, 0x00000006acf90000)
  from space 120512K,   0% used [0x00000006acf90000, 0x00000006acf90000, 0x00000006b4540000)
  to   space 120512K,   0% used [0x00000006b4540000, 0x00000006b4540000, 0x00000006bbaf0000)
 tenured generation   total 2437328K, used 2417734K [0x00000006e16a0000, 0x00000007762d4000, 0x00000007c0000000)
   the space 2437328K,  99% used [0x00000006e16a0000, 0x0000000774fb1848, 0x0000000774fb1a00, 0x00000007762d4000)
 Metaspace       used 20330K, capacity 20868K, committed 21552K, reserved 1069056K
  class space    used 2302K, capacity 2457K, committed 2688K, reserved 1048576K
GC Heap History (10 events):
Event: 359.696 GC heap after
Heap after GC invocations=329 (full 11):
 def new generation   total 1084672K, used 72655K [0x0000000672200000, 0x00000006bbaf0000, 0x00000006e16a0000)
  eden space 964160K,   0% used [0x0000000672200000, 0x0000000672200000, 0x00000006acf90000)
  from space 120512K,  60% used [0x00000006b4540000, 0x00000006b8c33e88, 0x00000006bbaf0000)
  to   space 120512K,   0% used [0x00000006acf90000, 0x00000006acf90000, 0x00000006b4540000)
 tenured generation   total 2410256K, used 2256260K [0x00000006e16a0000, 0x0000000774864000, 0x00000007c0000000)
   the space 2410256K,  93% used [0x00000006e16a0000, 0x000000076b201010, 0x000000076b201200, 0x0000000774864000)
 Metaspace       used 20330K, capacity 20868K, committed 21552K, reserved 1069056K
  class space    used 2302K, capacity 2457K, committed 2688K, reserved 1048576K
}
Event: 364.501 GC heap before
{Heap before GC invocations=329 (full 11):
 def new generation   total 1084672K, used 1036815K [0x0000000672200000, 0x00000006bbaf0000, 0x00000006e16a0000)
  eden space 964160K, 100% used [0x0000000672200000, 0x00000006acf90000, 0x00000006acf90000)
  from space 120512K,  60% used [0x00000006b4540000, 0x00000006b8c33e88, 0x00000006bbaf0000)
  to   space 120512K,   0% used [0x00000006acf90000, 0x00000006acf90000, 0x00000006b4540000)
 tenured generation   total 2410256K, used 2256260K [0x00000006e16a0000, 0x0000000774864000, 0x00000007c0000000)
   the space 2410256K,  93% used [0x00000006e16a0000, 0x000000076b201010, 0x000000076b201200, 0x0000000774864000)
 Metaspace       used 20330K, capacity 20868K, committed 21552K, reserved 1069056K
  class space    used 2302K, capacity 2457K, committed 2688K, reserved 1048576K
Event: 365.092 GC heap after
Heap after GC invocations=330 (full 11):
 def new generation   total 1084672K, used 72431K [0x0000000672200000, 0x00000006bbaf0000, 0x00000006e16a0000)
  eden space 964160K,   0% used [0x0000000672200000, 0x0000000672200000, 0x00000006acf90000)
  from space 120512K,  60% used [0x00000006acf90000, 0x00000006b164bdd0, 0x00000006b4540000)
  to   space 120512K,   0% used [0x00000006b4540000, 0x00000006b4540000, 0x00000006bbaf0000)
 tenured generation   total 2410256K, used 2292575K [0x00000006e16a0000, 0x0000000774864000, 0x00000007c0000000)
   the space 2410256K,  95% used [0x00000006e16a0000, 0x000000076d577fa0, 0x000000076d578000, 0x0000000774864000)
 Metaspace       used 20330K, capacity 20868K, committed 21552K, reserved 1069056K
  class space    used 2302K, capacity 2457K, committed 2688K, reserved 1048576K
}
Event: 370.017 GC heap before
{Heap before GC invocations=330 (full 11):
 def new generation   total 1084672K, used 1036591K [0x0000000672200000, 0x00000006bbaf0000, 0x00000006e16a0000)
  eden space 964160K, 100% used [0x0000000672200000, 0x00000006acf90000, 0x00000006acf90000)
  from space 120512K,  60% used [0x00000006acf90000, 0x00000006b164bdd0, 0x00000006b4540000)
  to   space 120512K,   0% used [0x00000006b4540000, 0x00000006b4540000, 0x00000006bbaf0000)
 tenured generation   total 2410256K, used 2292575K [0x00000006e16a0000, 0x0000000774864000, 0x00000007c0000000)
   the space 2410256K,  95% used [0x00000006e16a0000, 0x000000076d577fa0, 0x000000076d578000, 0x0000000774864000)
 Metaspace       used 20330K, capacity 20868K, committed 21552K, reserved 1069056K
  class space    used 2302K, capacity 2457K, committed 2688K, reserved 1048576K
Event: 370.579 GC heap after
Heap after GC invocations=331 (full 11):
 def new generation   total 1084672K, used 72097K [0x0000000672200000, 0x00000006bbaf0000, 0x00000006e16a0000)
  eden space 964160K,   0% used [0x0000000672200000, 0x0000000672200000, 0x00000006acf90000)
  from space 120512K,  59% used [0x00000006b4540000, 0x00000006b8ba8740, 0x00000006bbaf0000)
  to   space 120512K,   0% used [0x00000006acf90000, 0x00000006acf90000, 0x00000006b4540000)
 tenured generation   total 2410256K, used 2328881K [0x00000006e16a0000, 0x0000000774864000, 0x00000007c0000000)
   the space 2410256K,  96% used [0x00000006e16a0000, 0x000000076f8ec798, 0x000000076f8ec800, 0x0000000774864000)
 Metaspace       used 20330K, capacity 20868K, committed 21552K, reserved 1069056K
  class space    used 2302K, capacity 2457K, committed 2688K, reserved 1048576K
}
Event: 375.525 GC heap before
{Heap before GC invocations=331 (full 11):
 def new generation   total 1084672K, used 1036257K [0x0000000672200000, 0x00000006bbaf0000, 0x00000006e16a0000)
  eden space 964160K, 100% used [0x0000000672200000, 0x00000006acf90000, 0x00000006acf90000)
  from space 120512K,  59% used [0x00000006b4540000, 0x00000006b8ba8740, 0x00000006bbaf0000)
  to   space 120512K,   0% used [0x00000006acf90000, 0x00000006acf90000, 0x00000006b4540000)
 tenured generation   total 2410256K, used 2328881K [0x00000006e16a0000, 0x0000000774864000, 0x00000007c0000000)
   the space 2410256K,  96% used [0x00000006e16a0000, 0x000000076f8ec798, 0x000000076f8ec800, 0x0000000774864000)
 Metaspace       used 20330K, capacity 20868K, committed 21552K, reserved 1069056K
  class space    used 2302K, capacity 2457K, committed 2688K, reserved 1048576K
Event: 376.107 GC heap after
Heap after GC invocations=332 (full 11):
 def new generation   total 1084672K, used 72341K [0x0000000672200000, 0x00000006bbaf0000, 0x00000006e16a0000)
  eden space 964160K,   0% used [0x0000000672200000, 0x0000000672200000, 0x00000006acf90000)
  from space 120512K,  60% used [0x00000006acf90000, 0x00000006b16355c0, 0x00000006b4540000)
  to   space 120512K,   0% used [0x00000006b4540000, 0x00000006b4540000, 0x00000006bbaf0000)
 tenured generation   total 2410256K, used 2364979K [0x00000006e16a0000, 0x0000000774864000, 0x00000007c0000000)
   the space 2410256K,  98% used [0x00000006e16a0000, 0x0000000771c2cec8, 0x0000000771c2d000, 0x0000000774864000)
 Metaspace       used 20330K, capacity 20868K, committed 21552K, reserved 1069056K
  class space    used 2302K, capacity 2457K, committed 2688K, reserved 1048576K
}
Event: 381.328 GC heap before
{Heap before GC invocations=332 (full 11):
 def new generation   total 1084672K, used 1036501K [0x0000000672200000, 0x00000006bbaf0000, 0x00000006e16a0000)
  eden space 964160K, 100% used [0x0000000672200000, 0x00000006acf90000, 0x00000006acf90000)
  from space 120512K,  60% used [0x00000006acf90000, 0x00000006b16355c0, 0x00000006b4540000)
  to   space 120512K,   0% used [0x00000006b4540000, 0x00000006b4540000, 0x00000006bbaf0000)
 tenured generation   total 2410256K, used 2364979K [0x00000006e16a0000, 0x0000000774864000, 0x00000007c0000000)
   the space 2410256K,  98% used [0x00000006e16a0000, 0x0000000771c2cec8, 0x0000000771c2d000, 0x0000000774864000)
 Metaspace       used 20330K, capacity 20868K, committed 21552K, reserved 1069056K
  class space    used 2302K, capacity 2457K, committed 2688K, reserved 1048576K
Event: 381.892 GC heap after
Heap after GC invocations=333 (full 11):
 def new generation   total 1084672K, used 72677K [0x0000000672200000, 0x00000006bbaf0000, 0x00000006e16a0000)
  eden space 964160K,   0% used [0x0000000672200000, 0x0000000672200000, 0x00000006acf90000)
  from space 120512K,  60% used [0x00000006b4540000, 0x00000006b8c39448, 0x00000006bbaf0000)
  to   space 120512K,   0% used [0x00000006acf90000, 0x00000006acf90000, 0x00000006b4540000)
 tenured generation   total 2410256K, used 2400949K [0x00000006e16a0000, 0x0000000774864000, 0x00000007c0000000)
   the space 2410256K,  99% used [0x00000006e16a0000, 0x0000000773f4d5c8, 0x0000000773f4d600, 0x0000000774864000)
 Metaspace       used 20330K, capacity 20868K, committed 21552K, reserved 1069056K
  class space    used 2302K, capacity 2457K, committed 2688K, reserved 1048576K
}
Event: 386.640 GC heap before
{Heap before GC invocations=333 (full 11):
 def new generation   total 1084672K, used 1036837K [0x0000000672200000, 0x00000006bbaf0000, 0x00000006e16a0000)
  eden space 964160K, 100% used [0x0000000672200000, 0x00000006acf90000, 0x00000006acf90000)
  from space 120512K,  60% used [0x00000006b4540000, 0x00000006b8c39448, 0x00000006bbaf0000)
  to   space 120512K,   0% used [0x00000006acf90000, 0x00000006acf90000, 0x00000006b4540000)
 tenured generation   total 2410256K, used 2400949K [0x00000006e16a0000, 0x0000000774864000, 0x00000007c0000000)
   the space 2410256K,  99% used [0x00000006e16a0000, 0x0000000773f4d5c8, 0x0000000773f4d600, 0x0000000774864000)
 Metaspace       used 20330K, capacity 20868K, committed 21552K, reserved 1069056K
  class space    used 2302K, capacity 2457K, committed 2688K, reserved 1048576K

