# JRE version: OpenJDK Runtime Environment (8.0_162-b12) (build 1.8.0_162-8u162-b12-0ubuntu0.16.04.2-b12)
# Java VM: OpenJDK 64-Bit Server VM (25.162-b12 mixed mode linux-amd64 compressed oops)
Heap:
 def new generation   total 983168K, used 62891K [0x0000000672200000, 0x00000006b4cc0000, 0x00000006e16a0000)
  eden space 873984K,   7% used [0x0000000672200000, 0x0000000675f6acf0, 0x00000006a7780000)
  from space 109184K,   0% used [0x00000006a7780000, 0x00000006a7780000, 0x00000006ae220000)
  to   space 109184K,   0% used [0x00000006ae220000, 0x00000006ae220000, 0x00000006b4cc0000)
 tenured generation   total 2192856K, used 2192856K [0x00000006e16a0000, 0x0000000767416000, 0x00000007c0000000)
   the space 2192856K, 100% used [0x00000006e16a0000, 0x0000000767416000, 0x0000000767416000, 0x0000000767416000)
 Metaspace       used 20407K, capacity 21000K, committed 22960K, reserved 1069056K
  class space    used 2301K, capacity 2457K, committed 2816K, reserved 1048576K
GC Heap History (10 events):
Event: 650.816 GC heap after
Heap after GC invocations=319 (full 13):
 def new generation   total 983168K, used 63267K [0x0000000672200000, 0x00000006b4cc0000, 0x00000006e16a0000)
  eden space 873984K,   0% used [0x0000000672200000, 0x0000000672200000, 0x00000006a7780000)
  from space 109184K,  57% used [0x00000006ae220000, 0x00000006b1fe8c60, 0x00000006b4cc0000)
  to   space 109184K,   0% used [0x00000006a7780000, 0x00000006a7780000, 0x00000006ae220000)
 tenured generation   total 2184600K, used 2034678K [0x00000006e16a0000, 0x0000000766c06000, 0x00000007c0000000)
   the space 2184600K,  93% used [0x00000006e16a0000, 0x000000075d99da50, 0x000000075d99dc00, 0x0000000766c06000)
 Metaspace       used 20407K, capacity 21000K, committed 22960K, reserved 1069056K
  class space    used 2301K, capacity 2457K, committed 2816K, reserved 1048576K
}
Event: 655.935 GC heap before
{Heap before GC invocations=319 (full 13):
 def new generation   total 983168K, used 937251K [0x0000000672200000, 0x00000006b4cc0000, 0x00000006e16a0000)
  eden space 873984K, 100% used [0x0000000672200000, 0x00000006a7780000, 0x00000006a7780000)
  from space 109184K,  57% used [0x00000006ae220000, 0x00000006b1fe8c60, 0x00000006b4cc0000)
  to   space 109184K,   0% used [0x00000006a7780000, 0x00000006a7780000, 0x00000006ae220000)
 tenured generation   total 2184600K, used 2034678K [0x00000006e16a0000, 0x0000000766c06000, 0x00000007c0000000)
   the space 2184600K,  93% used [0x00000006e16a0000, 0x000000075d99da50, 0x000000075d99dc00, 0x0000000766c06000)
 Metaspace       used 20407K, capacity 21000K, committed 22960K, reserved 1069056K
  class space    used 2301K, capacity 2457K, committed 2816K, reserved 1048576K
Event: 656.454 GC heap after
Heap after GC invocations=320 (full 13):
 def new generation   total 983168K, used 62633K [0x0000000672200000, 0x00000006b4cc0000, 0x00000006e16a0000)
  eden space 873984K,   0% used [0x0000000672200000, 0x0000000672200000, 0x00000006a7780000)
  from space 109184K,  57% used [0x00000006a7780000, 0x00000006ab4aa580, 0x00000006ae220000)
  to   space 109184K,   0% used [0x00000006ae220000, 0x00000006ae220000, 0x00000006b4cc0000)
 tenured generation   total 2184600K, used 2066361K [0x00000006e16a0000, 0x0000000766c06000, 0x00000007c0000000)
   the space 2184600K,  94% used [0x00000006e16a0000, 0x000000075f88e5f8, 0x000000075f88e600, 0x0000000766c06000)
 Metaspace       used 20407K, capacity 21000K, committed 22960K, reserved 1069056K
  class space    used 2301K, capacity 2457K, committed 2816K, reserved 1048576K
}
Event: 661.908 GC heap before
{Heap before GC invocations=320 (full 13):
 def new generation   total 983168K, used 936617K [0x0000000672200000, 0x00000006b4cc0000, 0x00000006e16a0000)
  eden space 873984K, 100% used [0x0000000672200000, 0x00000006a7780000, 0x00000006a7780000)
  from space 109184K,  57% used [0x00000006a7780000, 0x00000006ab4aa580, 0x00000006ae220000)
  to   space 109184K,   0% used [0x00000006ae220000, 0x00000006ae220000, 0x00000006b4cc0000)
 tenured generation   total 2184600K, used 2066361K [0x00000006e16a0000, 0x0000000766c06000, 0x00000007c0000000)
   the space 2184600K,  94% used [0x00000006e16a0000, 0x000000075f88e5f8, 0x000000075f88e600, 0x0000000766c06000)
 Metaspace       used 20407K, capacity 21000K, committed 22960K, reserved 1069056K
  class space    used 2301K, capacity 2457K, committed 2816K, reserved 1048576K
Event: 662.420 GC heap after
Heap after GC invocations=321 (full 13):
 def new generation   total 983168K, used 63264K [0x0000000672200000, 0x00000006b4cc0000, 0x00000006e16a0000)
  eden space 873984K,   0% used [0x0000000672200000, 0x0000000672200000, 0x00000006a7780000)
  from space 109184K,  57% used [0x00000006ae220000, 0x00000006b1fe8138, 0x00000006b4cc0000)
  to   space 109184K,   0% used [0x00000006a7780000, 0x00000006a7780000, 0x00000006ae220000)
 tenured generation   total 2184600K, used 2097915K [0x00000006e16a0000, 0x0000000766c06000, 0x00000007c0000000)
   the space 2184600K,  96% used [0x00000006e16a0000, 0x000000076175ec20, 0x000000076175ee00, 0x0000000766c06000)
 Metaspace       used 20407K, capacity 21000K, committed 22960K, reserved 1069056K
  class space    used 2301K, capacity 2457K, committed 2816K, reserved 1048576K
}
Event: 667.959 GC heap before
{Heap before GC invocations=321 (full 13):
 def new generation   total 983168K, used 937248K [0x0000000672200000, 0x00000006b4cc0000, 0x00000006e16a0000)
  eden space 873984K, 100% used [0x0000000672200000, 0x00000006a7780000, 0x00000006a7780000)
  from space 109184K,  57% used [0x00000006ae220000, 0x00000006b1fe8138, 0x00000006b4cc0000)
  to   space 109184K,   0% used [0x00000006a7780000, 0x00000006a7780000, 0x00000006ae220000)
 tenured generation   total 2184600K, used 2097915K [0x00000006e16a0000, 0x0000000766c06000, 0x00000007c0000000)
   the space 2184600K,  96% used [0x00000006e16a0000, 0x000000076175ec20, 0x000000076175ee00, 0x0000000766c06000)
 Metaspace       used 20407K, capacity 21000K, committed 22960K, reserved 1069056K
  class space    used 2301K, capacity 2457K, committed 2816K, reserved 1048576K
Event: 668.462 GC heap after
Heap after GC invocations=322 (full 13):
 def new generation   total 983168K, used 63854K [0x0000000672200000, 0x00000006b4cc0000, 0x00000006e16a0000)
  eden space 873984K,   0% used [0x0000000672200000, 0x0000000672200000, 0x00000006a7780000)
  from space 109184K,  58% used [0x00000006a7780000, 0x00000006ab5db8f0, 0x00000006ae220000)
  to   space 109184K,   0% used [0x00000006ae220000, 0x00000006ae220000, 0x00000006b4cc0000)
 tenured generation   total 2184600K, used 2128969K [0x00000006e16a0000, 0x0000000766c06000, 0x00000007c0000000)
   the space 2184600K,  97% used [0x00000006e16a0000, 0x00000007635b2410, 0x00000007635b2600, 0x0000000766c06000)
 Metaspace       used 20407K, capacity 21000K, committed 22960K, reserved 1069056K
  class space    used 2301K, capacity 2457K, committed 2816K, reserved 1048576K
}
Event: 674.415 GC heap before
{Heap before GC invocations=322 (full 13):
 def new generation   total 983168K, used 937838K [0x0000000672200000, 0x00000006b4cc0000, 0x00000006e16a0000)
  eden space 873984K, 100% used [0x0000000672200000, 0x00000006a7780000, 0x00000006a7780000)
  from space 109184K,  58% used [0x00000006a7780000, 0x00000006ab5db8f0, 0x00000006ae220000)
  to   space 109184K,   0% used [0x00000006ae220000, 0x00000006ae220000, 0x00000006b4cc0000)
 tenured generation   total 2184600K, used 2128969K [0x00000006e16a0000, 0x0000000766c06000, 0x00000007c0000000)
   the space 2184600K,  97% used [0x00000006e16a0000, 0x00000007635b2410, 0x00000007635b2600, 0x0000000766c06000)
 Metaspace       used 20407K, capacity 21000K, committed 22960K, reserved 1069056K
  class space    used 2301K, capacity 2457K, committed 2816K, reserved 1048576K
Event: 674.918 GC heap after
Heap after GC invocations=323 (full 13):
 def new generation   total 983168K, used 63587K [0x0000000672200000, 0x00000006b4cc0000, 0x00000006e16a0000)
  eden space 873984K,   0% used [0x0000000672200000, 0x0000000672200000, 0x00000006a7780000)
  from space 109184K,  58% used [0x00000006ae220000, 0x00000006b2038ec8, 0x00000006b4cc0000)
  to   space 109184K,   0% used [0x00000006a7780000, 0x00000006a7780000, 0x00000006ae220000)
 tenured generation   total 2184600K, used 2160706K [0x00000006e16a0000, 0x0000000766c06000, 0x00000007c0000000)
   the space 2184600K,  98% used [0x00000006e16a0000, 0x00000007654b0918, 0x00000007654b0a00, 0x0000000766c06000)
 Metaspace       used 20407K, capacity 21000K, committed 22960K, reserved 1069056K
  class space    used 2301K, capacity 2457K, committed 2816K, reserved 1048576K
}
Event: 680.883 GC heap before
{Heap before GC invocations=323 (full 13):
 def new generation   total 983168K, used 937571K [0x0000000672200000, 0x00000006b4cc0000, 0x00000006e16a0000)
  eden space 873984K, 100% used [0x0000000672200000, 0x00000006a7780000, 0x00000006a7780000)
  from space 109184K,  58% used [0x00000006ae220000, 0x00000006b2038ec8, 0x00000006b4cc0000)
  to   space 109184K,   0% used [0x00000006a7780000, 0x00000006a7780000, 0x00000006ae220000)
 tenured generation   total 2184600K, used 2160706K [0x00000006e16a0000, 0x0000000766c06000, 0x00000007c0000000)
   the space 2184600K,  98% used [0x00000006e16a0000, 0x00000007654b0918, 0x00000007654b0a00, 0x0000000766c06000)
 Metaspace       used 20407K, capacity 21000K, committed 22960K, reserved 1069056K
  class space    used 2301K, capacity 2457K, committed 2816K, reserved 1048576K

