# JRE version: OpenJDK Runtime Environment (8.0_162-b12) (build 1.8.0_162-8u162-b12-0ubuntu0.16.04.2-b12)
# Java VM: OpenJDK 64-Bit Server VM (25.162-b12 mixed mode linux-amd64 compressed oops)
Heap:
 def new generation   total 1073472K, used 47820K [0x0000000672200000, 0x00000006baec0000, 0x00000006e16a0000)
  eden space 954240K,   5% used [0x0000000672200000, 0x00000006750b3168, 0x00000006ac5e0000)
  from space 119232K,   0% used [0x00000006ac5e0000, 0x00000006ac5e0000, 0x00000006b3a50000)
  to   space 119232K,   0% used [0x00000006b3a50000, 0x00000006b3a50000, 0x00000006baec0000)
 tenured generation   total 2406412K, used 2406411K [0x00000006e16a0000, 0x00000007744a3000, 0x00000007c0000000)
   the space 2406412K,  99% used [0x00000006e16a0000, 0x00000007744a2fc0, 0x00000007744a3000, 0x00000007744a3000)
 Metaspace       used 20375K, capacity 20928K, committed 22960K, reserved 1069056K
  class space    used 2302K, capacity 2457K, committed 2816K, reserved 1048576K
GC Heap History (10 events):
Event: 712.381 GC heap after
Heap after GC invocations=288 (full 10):
 def new generation   total 1073472K, used 88596K [0x0000000672200000, 0x00000006baec0000, 0x00000006e16a0000)
  eden space 954240K,   0% used [0x0000000672200000, 0x0000000672200000, 0x00000006ac5e0000)
  from space 119232K,  74% used [0x00000006b3a50000, 0x00000006b90d51c8, 0x00000006baec0000)
  to   space 119232K,   0% used [0x00000006ac5e0000, 0x00000006ac5e0000, 0x00000006b3a50000)
 tenured generation   total 2385292K, used 2213031K [0x00000006e16a0000, 0x0000000773003000, 0x00000007c0000000)
   the space 2385292K,  92% used [0x00000006e16a0000, 0x00000007687c9f70, 0x00000007687ca000, 0x0000000773003000)
 Metaspace       used 20375K, capacity 20928K, committed 22960K, reserved 1069056K
  class space    used 2302K, capacity 2457K, committed 2816K, reserved 1048576K
}
Event: 719.175 GC heap before
{Heap before GC invocations=288 (full 10):
 def new generation   total 1073472K, used 1042836K [0x0000000672200000, 0x00000006baec0000, 0x00000006e16a0000)
  eden space 954240K, 100% used [0x0000000672200000, 0x00000006ac5e0000, 0x00000006ac5e0000)
  from space 119232K,  74% used [0x00000006b3a50000, 0x00000006b90d51c8, 0x00000006baec0000)
  to   space 119232K,   0% used [0x00000006ac5e0000, 0x00000006ac5e0000, 0x00000006b3a50000)
 tenured generation   total 2385292K, used 2213031K [0x00000006e16a0000, 0x0000000773003000, 0x00000007c0000000)
   the space 2385292K,  92% used [0x00000006e16a0000, 0x00000007687c9f70, 0x00000007687ca000, 0x0000000773003000)
 Metaspace       used 20375K, capacity 20928K, committed 22960K, reserved 1069056K
  class space    used 2302K, capacity 2457K, committed 2816K, reserved 1048576K
Event: 719.818 GC heap after
Heap after GC invocations=289 (full 10):
 def new generation   total 1073472K, used 88371K [0x0000000672200000, 0x00000006baec0000, 0x00000006e16a0000)
  eden space 954240K,   0% used [0x0000000672200000, 0x0000000672200000, 0x00000006ac5e0000)
  from space 119232K,  74% used [0x00000006ac5e0000, 0x00000006b1c2cfd8, 0x00000006b3a50000)
  to   space 119232K,   0% used [0x00000006b3a50000, 0x00000006b3a50000, 0x00000006baec0000)
 tenured generation   total 2385292K, used 2248919K [0x00000006e16a0000, 0x0000000773003000, 0x00000007c0000000)
   the space 2385292K,  94% used [0x00000006e16a0000, 0x000000076aad5d80, 0x000000076aad5e00, 0x0000000773003000)
 Metaspace       used 20375K, capacity 20928K, committed 22960K, reserved 1069056K
  class space    used 2302K, capacity 2457K, committed 2816K, reserved 1048576K
}
Event: 726.382 GC heap before
{Heap before GC invocations=289 (full 10):
 def new generation   total 1073472K, used 1042611K [0x0000000672200000, 0x00000006baec0000, 0x00000006e16a0000)
  eden space 954240K, 100% used [0x0000000672200000, 0x00000006ac5e0000, 0x00000006ac5e0000)
  from space 119232K,  74% used [0x00000006ac5e0000, 0x00000006b1c2cfd8, 0x00000006b3a50000)
  to   space 119232K,   0% used [0x00000006b3a50000, 0x00000006b3a50000, 0x00000006baec0000)
 tenured generation   total 2385292K, used 2248919K [0x00000006e16a0000, 0x0000000773003000, 0x00000007c0000000)
   the space 2385292K,  94% used [0x00000006e16a0000, 0x000000076aad5d80, 0x000000076aad5e00, 0x0000000773003000)
 Metaspace       used 20375K, capacity 20928K, committed 22960K, reserved 1069056K
  class space    used 2302K, capacity 2457K, committed 2816K, reserved 1048576K
Event: 727.010 GC heap after
Heap after GC invocations=290 (full 10):
 def new generation   total 1073472K, used 70622K [0x0000000672200000, 0x00000006baec0000, 0x00000006e16a0000)
  eden space 954240K,   0% used [0x0000000672200000, 0x0000000672200000, 0x00000006ac5e0000)
  from space 119232K,  59% used [0x00000006b3a50000, 0x00000006b7f47a98, 0x00000006baec0000)
  to   space 119232K,   0% used [0x00000006ac5e0000, 0x00000006ac5e0000, 0x00000006b3a50000)
 tenured generation   total 2385292K, used 2301349K [0x00000006e16a0000, 0x0000000773003000, 0x00000007c0000000)
   the space 2385292K,  96% used [0x00000006e16a0000, 0x000000076de09560, 0x000000076de09600, 0x0000000773003000)
 Metaspace       used 20375K, capacity 20928K, committed 22960K, reserved 1069056K
  class space    used 2302K, capacity 2457K, committed 2816K, reserved 1048576K
}
Event: 734.210 GC heap before
{Heap before GC invocations=290 (full 10):
 def new generation   total 1073472K, used 1024862K [0x0000000672200000, 0x00000006baec0000, 0x00000006e16a0000)
  eden space 954240K, 100% used [0x0000000672200000, 0x00000006ac5e0000, 0x00000006ac5e0000)
  from space 119232K,  59% used [0x00000006b3a50000, 0x00000006b7f47a98, 0x00000006baec0000)
  to   space 119232K,   0% used [0x00000006ac5e0000, 0x00000006ac5e0000, 0x00000006b3a50000)
 tenured generation   total 2385292K, used 2301349K [0x00000006e16a0000, 0x0000000773003000, 0x00000007c0000000)
   the space 2385292K,  96% used [0x00000006e16a0000, 0x000000076de09560, 0x000000076de09600, 0x0000000773003000)
 Metaspace       used 20375K, capacity 20928K, committed 22960K, reserved 1069056K
  class space    used 2302K, capacity 2457K, committed 2816K, reserved 1048576K
Event: 734.805 GC heap after
Heap after GC invocations=291 (full 10):
 def new generation   total 1073472K, used 69112K [0x0000000672200000, 0x00000006baec0000, 0x00000006e16a0000)
  eden space 954240K,   0% used [0x0000000672200000, 0x0000000672200000, 0x00000006ac5e0000)
  from space 119232K,  57% used [0x00000006ac5e0000, 0x00000006b095e328, 0x00000006b3a50000)
  to   space 119232K,   0% used [0x00000006b3a50000, 0x00000006b3a50000, 0x00000006baec0000)
 tenured generation   total 2385292K, used 2337217K [0x00000006e16a0000, 0x0000000773003000, 0x00000007c0000000)
   the space 2385292K,  97% used [0x00000006e16a0000, 0x00000007701104d8, 0x0000000770110600, 0x0000000773003000)
 Metaspace       used 20375K, capacity 20928K, committed 22960K, reserved 1069056K
  class space    used 2302K, capacity 2457K, committed 2816K, reserved 1048576K
}
Event: 741.646 GC heap before
{Heap before GC invocations=291 (full 10):
 def new generation   total 1073472K, used 1023352K [0x0000000672200000, 0x00000006baec0000, 0x00000006e16a0000)
  eden space 954240K, 100% used [0x0000000672200000, 0x00000006ac5e0000, 0x00000006ac5e0000)
  from space 119232K,  57% used [0x00000006ac5e0000, 0x00000006b095e328, 0x00000006b3a50000)
  to   space 119232K,   0% used [0x00000006b3a50000, 0x00000006b3a50000, 0x00000006baec0000)
 tenured generation   total 2385292K, used 2337217K [0x00000006e16a0000, 0x0000000773003000, 0x00000007c0000000)
   the space 2385292K,  97% used [0x00000006e16a0000, 0x00000007701104d8, 0x0000000770110600, 0x0000000773003000)
 Metaspace       used 20375K, capacity 20928K, committed 22960K, reserved 1069056K
  class space    used 2302K, capacity 2457K, committed 2816K, reserved 1048576K
Event: 742.344 GC heap after
Heap after GC invocations=292 (full 10):
 def new generation   total 1073472K, used 70850K [0x0000000672200000, 0x00000006baec0000, 0x00000006e16a0000)
  eden space 954240K,   0% used [0x0000000672200000, 0x0000000672200000, 0x00000006ac5e0000)
  from space 119232K,  59% used [0x00000006b3a50000, 0x00000006b7f80be0, 0x00000006baec0000)
  to   space 119232K,   0% used [0x00000006ac5e0000, 0x00000006ac5e0000, 0x00000006b3a50000)
 tenured generation   total 2385292K, used 2371854K [0x00000006e16a0000, 0x0000000773003000, 0x00000007c0000000)
   the space 2385292K,  99% used [0x00000006e16a0000, 0x00000007722e3888, 0x00000007722e3a00, 0x0000000773003000)
 Metaspace       used 20375K, capacity 20928K, committed 22960K, reserved 1069056K
  class space    used 2302K, capacity 2457K, committed 2816K, reserved 1048576K
}
Event: 749.070 GC heap before
{Heap before GC invocations=292 (full 10):
 def new generation   total 1073472K, used 1025090K [0x0000000672200000, 0x00000006baec0000, 0x00000006e16a0000)
  eden space 954240K, 100% used [0x0000000672200000, 0x00000006ac5e0000, 0x00000006ac5e0000)
  from space 119232K,  59% used [0x00000006b3a50000, 0x00000006b7f80be0, 0x00000006baec0000)
  to   space 119232K,   0% used [0x00000006ac5e0000, 0x00000006ac5e0000, 0x00000006b3a50000)
 tenured generation   total 2385292K, used 2371854K [0x00000006e16a0000, 0x0000000773003000, 0x00000007c0000000)
   the space 2385292K,  99% used [0x00000006e16a0000, 0x00000007722e3888, 0x00000007722e3a00, 0x0000000773003000)
 Metaspace       used 20375K, capacity 20928K, committed 22960K, reserved 1069056K
  class space    used 2302K, capacity 2457K, committed 2816K, reserved 1048576K

