# JRE version: OpenJDK Runtime Environment (8.0_162-b12) (build 1.8.0_162-8u162-b12-0ubuntu0.16.04.2-b12)
# Java VM: OpenJDK 64-Bit Server VM (25.162-b12 mixed mode linux-amd64 compressed oops)
Heap:
 def new generation   total 1113216K, used 77429K [0x0000000672200000, 0x00000006bd9e0000, 0x00000006e16a0000)
  eden space 989568K,   7% used [0x0000000672200000, 0x0000000676d9d7f0, 0x00000006ae860000)
  from space 123648K,   0% used [0x00000006ae860000, 0x00000006ae860000, 0x00000006b6120000)
  to   space 123648K,   0% used [0x00000006b6120000, 0x00000006b6120000, 0x00000006bd9e0000)
 tenured generation   total 2488480K, used 2488480K [0x00000006e16a0000, 0x00000007794c8000, 0x00000007c0000000)
   the space 2488480K, 100% used [0x00000006e16a0000, 0x00000007794c8000, 0x00000007794c8000, 0x00000007794c8000)
 Metaspace       used 20384K, capacity 20920K, committed 22960K, reserved 1069056K
  class space    used 2301K, capacity 2457K, committed 2816K, reserved 1048576K
GC Heap History (10 events):
Event: 786.585 GC heap after
Heap after GC invocations=355 (full 14):
 def new generation   total 1113216K, used 87075K [0x0000000672200000, 0x00000006bd9e0000, 0x00000006e16a0000)
  eden space 989568K,   0% used [0x0000000672200000, 0x0000000672200000, 0x00000006ae860000)
  from space 123648K,  70% used [0x00000006b6120000, 0x00000006bb628ef8, 0x00000006bd9e0000)
  to   space 123648K,   0% used [0x00000006ae860000, 0x00000006ae860000, 0x00000006b6120000)
 tenured generation   total 2473696K, used 2288778K [0x00000006e16a0000, 0x0000000778658000, 0x00000007c0000000)
   the space 2473696K,  92% used [0x00000006e16a0000, 0x000000076d1c2868, 0x000000076d1c2a00, 0x0000000778658000)
 Metaspace       used 20384K, capacity 20920K, committed 22960K, reserved 1069056K
  class space    used 2301K, capacity 2457K, committed 2816K, reserved 1048576K
}
Event: 794.927 GC heap before
{Heap before GC invocations=355 (full 14):
 def new generation   total 1113216K, used 1076643K [0x0000000672200000, 0x00000006bd9e0000, 0x00000006e16a0000)
  eden space 989568K, 100% used [0x0000000672200000, 0x00000006ae860000, 0x00000006ae860000)
  from space 123648K,  70% used [0x00000006b6120000, 0x00000006bb628ef8, 0x00000006bd9e0000)
  to   space 123648K,   0% used [0x00000006ae860000, 0x00000006ae860000, 0x00000006b6120000)
 tenured generation   total 2473696K, used 2288778K [0x00000006e16a0000, 0x0000000778658000, 0x00000007c0000000)
   the space 2473696K,  92% used [0x00000006e16a0000, 0x000000076d1c2868, 0x000000076d1c2a00, 0x0000000778658000)
 Metaspace       used 20384K, capacity 20920K, committed 22960K, reserved 1069056K
  class space    used 2301K, capacity 2457K, committed 2816K, reserved 1048576K
Event: 795.509 GC heap after
Heap after GC invocations=356 (full 14):
 def new generation   total 1113216K, used 69998K [0x0000000672200000, 0x00000006bd9e0000, 0x00000006e16a0000)
  eden space 989568K,   0% used [0x0000000672200000, 0x0000000672200000, 0x00000006ae860000)
  from space 123648K,  56% used [0x00000006ae860000, 0x00000006b2cbb9f8, 0x00000006b6120000)
  to   space 123648K,   0% used [0x00000006b6120000, 0x00000006b6120000, 0x00000006bd9e0000)
 tenured generation   total 2473696K, used 2340106K [0x00000006e16a0000, 0x0000000778658000, 0x00000007c0000000)
   the space 2473696K,  94% used [0x00000006e16a0000, 0x00000007703e2b78, 0x00000007703e2c00, 0x0000000778658000)
 Metaspace       used 20384K, capacity 20920K, committed 22960K, reserved 1069056K
  class space    used 2301K, capacity 2457K, committed 2816K, reserved 1048576K
}
Event: 801.799 GC heap before
{Heap before GC invocations=356 (full 14):
 def new generation   total 1113216K, used 1059566K [0x0000000672200000, 0x00000006bd9e0000, 0x00000006e16a0000)
  eden space 989568K, 100% used [0x0000000672200000, 0x00000006ae860000, 0x00000006ae860000)
  from space 123648K,  56% used [0x00000006ae860000, 0x00000006b2cbb9f8, 0x00000006b6120000)
  to   space 123648K,   0% used [0x00000006b6120000, 0x00000006b6120000, 0x00000006bd9e0000)
 tenured generation   total 2473696K, used 2340106K [0x00000006e16a0000, 0x0000000778658000, 0x00000007c0000000)
   the space 2473696K,  94% used [0x00000006e16a0000, 0x00000007703e2b78, 0x00000007703e2c00, 0x0000000778658000)
 Metaspace       used 20384K, capacity 20920K, committed 22960K, reserved 1069056K
  class space    used 2301K, capacity 2457K, committed 2816K, reserved 1048576K
Event: 802.626 GC heap after
Heap after GC invocations=357 (full 14):
 def new generation   total 1113216K, used 73487K [0x0000000672200000, 0x00000006bd9e0000, 0x00000006e16a0000)
  eden space 989568K,   0% used [0x0000000672200000, 0x0000000672200000, 0x00000006ae860000)
  from space 123648K,  59% used [0x00000006b6120000, 0x00000006ba8e3eb8, 0x00000006bd9e0000)
  to   space 123648K,   0% used [0x00000006ae860000, 0x00000006ae860000, 0x00000006b6120000)
 tenured generation   total 2473696K, used 2375828K [0x00000006e16a0000, 0x0000000778658000, 0x00000007c0000000)
   the space 2473696K,  96% used [0x00000006e16a0000, 0x00000007726c51e8, 0x00000007726c5200, 0x0000000778658000)
 Metaspace       used 20384K, capacity 20920K, committed 22960K, reserved 1069056K
  class space    used 2301K, capacity 2457K, committed 2816K, reserved 1048576K
}
Event: 809.181 GC heap before
{Heap before GC invocations=357 (full 14):
 def new generation   total 1113216K, used 1063055K [0x0000000672200000, 0x00000006bd9e0000, 0x00000006e16a0000)
  eden space 989568K, 100% used [0x0000000672200000, 0x00000006ae860000, 0x00000006ae860000)
  from space 123648K,  59% used [0x00000006b6120000, 0x00000006ba8e3eb8, 0x00000006bd9e0000)
  to   space 123648K,   0% used [0x00000006ae860000, 0x00000006ae860000, 0x00000006b6120000)
 tenured generation   total 2473696K, used 2375828K [0x00000006e16a0000, 0x0000000778658000, 0x00000007c0000000)
   the space 2473696K,  96% used [0x00000006e16a0000, 0x00000007726c51e8, 0x00000007726c5200, 0x0000000778658000)
 Metaspace       used 20384K, capacity 20920K, committed 22960K, reserved 1069056K
  class space    used 2301K, capacity 2457K, committed 2816K, reserved 1048576K
Event: 810.026 GC heap after
Heap after GC invocations=358 (full 14):
 def new generation   total 1113216K, used 78355K [0x0000000672200000, 0x00000006bd9e0000, 0x00000006e16a0000)
  eden space 989568K,   0% used [0x0000000672200000, 0x0000000672200000, 0x00000006ae860000)
  from space 123648K,  63% used [0x00000006ae860000, 0x00000006b34e4c58, 0x00000006b6120000)
  to   space 123648K,   0% used [0x00000006b6120000, 0x00000006b6120000, 0x00000006bd9e0000)
 tenured generation   total 2473696K, used 2410012K [0x00000006e16a0000, 0x0000000778658000, 0x00000007c0000000)
   the space 2473696K,  97% used [0x00000006e16a0000, 0x0000000774827380, 0x0000000774827400, 0x0000000778658000)
 Metaspace       used 20384K, capacity 20920K, committed 22960K, reserved 1069056K
  class space    used 2301K, capacity 2457K, committed 2816K, reserved 1048576K
}
Event: 816.735 GC heap before
{Heap before GC invocations=358 (full 14):
 def new generation   total 1113216K, used 1067923K [0x0000000672200000, 0x00000006bd9e0000, 0x00000006e16a0000)
  eden space 989568K, 100% used [0x0000000672200000, 0x00000006ae860000, 0x00000006ae860000)
  from space 123648K,  63% used [0x00000006ae860000, 0x00000006b34e4c58, 0x00000006b6120000)
  to   space 123648K,   0% used [0x00000006b6120000, 0x00000006b6120000, 0x00000006bd9e0000)
 tenured generation   total 2473696K, used 2410012K [0x00000006e16a0000, 0x0000000778658000, 0x00000007c0000000)
   the space 2473696K,  97% used [0x00000006e16a0000, 0x0000000774827380, 0x0000000774827400, 0x0000000778658000)
 Metaspace       used 20384K, capacity 20920K, committed 22960K, reserved 1069056K
  class space    used 2301K, capacity 2457K, committed 2816K, reserved 1048576K
Event: 817.458 GC heap after
Heap after GC invocations=359 (full 14):
 def new generation   total 1113216K, used 77770K [0x0000000672200000, 0x00000006bd9e0000, 0x00000006e16a0000)
  eden space 989568K,   0% used [0x0000000672200000, 0x0000000672200000, 0x00000006ae860000)
  from space 123648K,  62% used [0x00000006b6120000, 0x00000006bad12a80, 0x00000006bd9e0000)
  to   space 123648K,   0% used [0x00000006ae860000, 0x00000006ae860000, 0x00000006b6120000)
 tenured generation   total 2473696K, used 2449255K [0x00000006e16a0000, 0x0000000778658000, 0x00000007c0000000)
   the space 2473696K,  99% used [0x00000006e16a0000, 0x0000000776e79d18, 0x0000000776e79e00, 0x0000000778658000)
 Metaspace       used 20384K, capacity 20920K, committed 22960K, reserved 1069056K
  class space    used 2301K, capacity 2457K, committed 2816K, reserved 1048576K
}
Event: 823.226 GC heap before
{Heap before GC invocations=359 (full 14):
 def new generation   total 1113216K, used 1067338K [0x0000000672200000, 0x00000006bd9e0000, 0x00000006e16a0000)
  eden space 989568K, 100% used [0x0000000672200000, 0x00000006ae860000, 0x00000006ae860000)
  from space 123648K,  62% used [0x00000006b6120000, 0x00000006bad12a80, 0x00000006bd9e0000)
  to   space 123648K,   0% used [0x00000006ae860000, 0x00000006ae860000, 0x00000006b6120000)
 tenured generation   total 2473696K, used 2449255K [0x00000006e16a0000, 0x0000000778658000, 0x00000007c0000000)
   the space 2473696K,  99% used [0x00000006e16a0000, 0x0000000776e79d18, 0x0000000776e79e00, 0x0000000778658000)
 Metaspace       used 20384K, capacity 20920K, committed 22960K, reserved 1069056K
  class space    used 2301K, capacity 2457K, committed 2816K, reserved 1048576K

