# JRE version: OpenJDK Runtime Environment (8.0_162-b12) (build 1.8.0_162-8u162-b12-0ubuntu0.16.04.2-b12)
# Java VM: OpenJDK 64-Bit Server VM (25.162-b12 mixed mode linux-amd64 compressed oops)
Heap:
 def new generation   total 1067648K, used 80431K [0x0000000672200000, 0x00000006ba870000, 0x00000006e16a0000)
  eden space 949056K,   8% used [0x0000000672200000, 0x000000067708bc28, 0x00000006ac0d0000)
  from space 118592K,   0% used [0x00000006b34a0000, 0x00000006b34a0000, 0x00000006ba870000)
  to   space 118592K,   0% used [0x00000006ac0d0000, 0x00000006ac0d0000, 0x00000006b34a0000)
 tenured generation   total 2387576K, used 2387575K [0x00000006e16a0000, 0x000000077323e000, 0x00000007c0000000)
   the space 2387576K,  99% used [0x00000006e16a0000, 0x000000077323dfe8, 0x000000077323e000, 0x000000077323e000)
 Metaspace       used 20309K, capacity 20852K, committed 23216K, reserved 1069056K
  class space    used 2301K, capacity 2457K, committed 2816K, reserved 1048576K
GC Heap History (10 events):
Event: 627.801 GC heap after
Heap after GC invocations=252 (full 9):
 def new generation   total 1067648K, used 98105K [0x0000000672200000, 0x00000006ba870000, 0x00000006e16a0000)
  eden space 949056K,   0% used [0x0000000672200000, 0x0000000672200000, 0x00000006ac0d0000)
  from space 118592K,  82% used [0x00000006ac0d0000, 0x00000006b209e778, 0x00000006b34a0000)
  to   space 118592K,   0% used [0x00000006b34a0000, 0x00000006b34a0000, 0x00000006ba870000)
 tenured generation   total 2372408K, used 2166798K [0x00000006e16a0000, 0x000000077236e000, 0x00000007c0000000)
   the space 2372408K,  91% used [0x00000006e16a0000, 0x0000000765aa3a30, 0x0000000765aa3c00, 0x000000077236e000)
 Metaspace       used 20309K, capacity 20852K, committed 23216K, reserved 1069056K
  class space    used 2301K, capacity 2457K, committed 2816K, reserved 1048576K
}
Event: 633.156 GC heap before
{Heap before GC invocations=252 (full 9):
 def new generation   total 1067648K, used 1047161K [0x0000000672200000, 0x00000006ba870000, 0x00000006e16a0000)
  eden space 949056K, 100% used [0x0000000672200000, 0x00000006ac0d0000, 0x00000006ac0d0000)
  from space 118592K,  82% used [0x00000006ac0d0000, 0x00000006b209e778, 0x00000006b34a0000)
  to   space 118592K,   0% used [0x00000006b34a0000, 0x00000006b34a0000, 0x00000006ba870000)
 tenured generation   total 2372408K, used 2166798K [0x00000006e16a0000, 0x000000077236e000, 0x00000007c0000000)
   the space 2372408K,  91% used [0x00000006e16a0000, 0x0000000765aa3a30, 0x0000000765aa3c00, 0x000000077236e000)
 Metaspace       used 20309K, capacity 20852K, committed 23216K, reserved 1069056K
  class space    used 2301K, capacity 2457K, committed 2816K, reserved 1048576K
Event: 633.853 GC heap after
Heap after GC invocations=253 (full 9):
 def new generation   total 1067648K, used 80897K [0x0000000672200000, 0x00000006ba870000, 0x00000006e16a0000)
  eden space 949056K,   0% used [0x0000000672200000, 0x0000000672200000, 0x00000006ac0d0000)
  from space 118592K,  68% used [0x00000006b34a0000, 0x00000006b83a0778, 0x00000006ba870000)
  to   space 118592K,   0% used [0x00000006ac0d0000, 0x00000006ac0d0000, 0x00000006b34a0000)
 tenured generation   total 2372408K, used 2224013K [0x00000006e16a0000, 0x000000077236e000, 0x00000007c0000000)
   the space 2372408K,  93% used [0x00000006e16a0000, 0x0000000769283790, 0x0000000769283800, 0x000000077236e000)
 Metaspace       used 20309K, capacity 20852K, committed 23216K, reserved 1069056K
  class space    used 2301K, capacity 2457K, committed 2816K, reserved 1048576K
}
Event: 639.502 GC heap before
{Heap before GC invocations=253 (full 9):
 def new generation   total 1067648K, used 1029953K [0x0000000672200000, 0x00000006ba870000, 0x00000006e16a0000)
  eden space 949056K, 100% used [0x0000000672200000, 0x00000006ac0d0000, 0x00000006ac0d0000)
  from space 118592K,  68% used [0x00000006b34a0000, 0x00000006b83a0778, 0x00000006ba870000)
  to   space 118592K,   0% used [0x00000006ac0d0000, 0x00000006ac0d0000, 0x00000006b34a0000)
 tenured generation   total 2372408K, used 2224013K [0x00000006e16a0000, 0x000000077236e000, 0x00000007c0000000)
   the space 2372408K,  93% used [0x00000006e16a0000, 0x0000000769283790, 0x0000000769283800, 0x000000077236e000)
 Metaspace       used 20309K, capacity 20852K, committed 23216K, reserved 1069056K
  class space    used 2301K, capacity 2457K, committed 2816K, reserved 1048576K
Event: 640.212 GC heap after
Heap after GC invocations=254 (full 9):
 def new generation   total 1067648K, used 81392K [0x0000000672200000, 0x00000006ba870000, 0x00000006e16a0000)
  eden space 949056K,   0% used [0x0000000672200000, 0x0000000672200000, 0x00000006ac0d0000)
  from space 118592K,  68% used [0x00000006ac0d0000, 0x00000006b104c1a8, 0x00000006b34a0000)
  to   space 118592K,   0% used [0x00000006b34a0000, 0x00000006b34a0000, 0x00000006ba870000)
 tenured generation   total 2372408K, used 2264898K [0x00000006e16a0000, 0x000000077236e000, 0x00000007c0000000)
   the space 2372408K,  95% used [0x00000006e16a0000, 0x000000076ba70b00, 0x000000076ba70c00, 0x000000077236e000)
 Metaspace       used 20309K, capacity 20852K, committed 23216K, reserved 1069056K
  class space    used 2301K, capacity 2457K, committed 2816K, reserved 1048576K
}
Event: 645.804 GC heap before
{Heap before GC invocations=254 (full 9):
 def new generation   total 1067648K, used 1030448K [0x0000000672200000, 0x00000006ba870000, 0x00000006e16a0000)
  eden space 949056K, 100% used [0x0000000672200000, 0x00000006ac0d0000, 0x00000006ac0d0000)
  from space 118592K,  68% used [0x00000006ac0d0000, 0x00000006b104c1a8, 0x00000006b34a0000)
  to   space 118592K,   0% used [0x00000006b34a0000, 0x00000006b34a0000, 0x00000006ba870000)
 tenured generation   total 2372408K, used 2264898K [0x00000006e16a0000, 0x000000077236e000, 0x00000007c0000000)
   the space 2372408K,  95% used [0x00000006e16a0000, 0x000000076ba70b00, 0x000000076ba70c00, 0x000000077236e000)
 Metaspace       used 20309K, capacity 20852K, committed 23216K, reserved 1069056K
  class space    used 2301K, capacity 2457K, committed 2816K, reserved 1048576K
Event: 646.510 GC heap after
Heap after GC invocations=255 (full 9):
 def new generation   total 1067648K, used 82994K [0x0000000672200000, 0x00000006ba870000, 0x00000006e16a0000)
  eden space 949056K,   0% used [0x0000000672200000, 0x0000000672200000, 0x00000006ac0d0000)
  from space 118592K,  69% used [0x00000006b34a0000, 0x00000006b85aca60, 0x00000006ba870000)
  to   space 118592K,   0% used [0x00000006ac0d0000, 0x00000006ac0d0000, 0x00000006b34a0000)
 tenured generation   total 2372408K, used 2304902K [0x00000006e16a0000, 0x000000077236e000, 0x00000007c0000000)
   the space 2372408K,  97% used [0x00000006e16a0000, 0x000000076e181978, 0x000000076e181a00, 0x000000077236e000)
 Metaspace       used 20309K, capacity 20852K, committed 23216K, reserved 1069056K
  class space    used 2301K, capacity 2457K, committed 2816K, reserved 1048576K
}
Event: 652.472 GC heap before
{Heap before GC invocations=255 (full 9):
 def new generation   total 1067648K, used 1032050K [0x0000000672200000, 0x00000006ba870000, 0x00000006e16a0000)
  eden space 949056K, 100% used [0x0000000672200000, 0x00000006ac0d0000, 0x00000006ac0d0000)
  from space 118592K,  69% used [0x00000006b34a0000, 0x00000006b85aca60, 0x00000006ba870000)
  to   space 118592K,   0% used [0x00000006ac0d0000, 0x00000006ac0d0000, 0x00000006b34a0000)
 tenured generation   total 2372408K, used 2304902K [0x00000006e16a0000, 0x000000077236e000, 0x00000007c0000000)
   the space 2372408K,  97% used [0x00000006e16a0000, 0x000000076e181978, 0x000000076e181a00, 0x000000077236e000)
 Metaspace       used 20309K, capacity 20852K, committed 23216K, reserved 1069056K
  class space    used 2301K, capacity 2457K, committed 2816K, reserved 1048576K
Event: 653.186 GC heap after
Heap after GC invocations=256 (full 9):
 def new generation   total 1067648K, used 81526K [0x0000000672200000, 0x00000006ba870000, 0x00000006e16a0000)
  eden space 949056K,   0% used [0x0000000672200000, 0x0000000672200000, 0x00000006ac0d0000)
  from space 118592K,  68% used [0x00000006ac0d0000, 0x00000006b106da60, 0x00000006b34a0000)
  to   space 118592K,   0% used [0x00000006b34a0000, 0x00000006b34a0000, 0x00000006ba870000)
 tenured generation   total 2372408K, used 2346281K [0x00000006e16a0000, 0x000000077236e000, 0x00000007c0000000)
   the space 2372408K,  98% used [0x00000006e16a0000, 0x00000007709ea460, 0x00000007709ea600, 0x000000077236e000)
 Metaspace       used 20309K, capacity 20852K, committed 23216K, reserved 1069056K
  class space    used 2301K, capacity 2457K, committed 2816K, reserved 1048576K
}
Event: 659.543 GC heap before
{Heap before GC invocations=256 (full 9):
 def new generation   total 1067648K, used 1030582K [0x0000000672200000, 0x00000006ba870000, 0x00000006e16a0000)
  eden space 949056K, 100% used [0x0000000672200000, 0x00000006ac0d0000, 0x00000006ac0d0000)
  from space 118592K,  68% used [0x00000006ac0d0000, 0x00000006b106da60, 0x00000006b34a0000)
  to   space 118592K,   0% used [0x00000006b34a0000, 0x00000006b34a0000, 0x00000006ba870000)
 tenured generation   total 2372408K, used 2346281K [0x00000006e16a0000, 0x000000077236e000, 0x00000007c0000000)
   the space 2372408K,  98% used [0x00000006e16a0000, 0x00000007709ea460, 0x00000007709ea600, 0x000000077236e000)
 Metaspace       used 20309K, capacity 20852K, committed 23216K, reserved 1069056K
  class space    used 2301K, capacity 2457K, committed 2816K, reserved 1048576K

