# JRE version: OpenJDK Runtime Environment (8.0_162-b12) (build 1.8.0_162-8u162-b12-0ubuntu0.16.04.2-b12)
# Java VM: OpenJDK 64-Bit Server VM (25.162-b12 mixed mode linux-amd64 compressed oops)
Heap:
 def new generation   total 995200K, used 72186K [0x0000000672200000, 0x00000006b59d0000, 0x00000006e16a0000)
  eden space 884672K,   8% used [0x0000000672200000, 0x000000067687e840, 0x00000006a81f0000)
  from space 110528K,   0% used [0x00000006aede0000, 0x00000006aede0000, 0x00000006b59d0000)
  to   space 110528K,   0% used [0x00000006a81f0000, 0x00000006a81f0000, 0x00000006aede0000)
 tenured generation   total 2238660K, used 2238659K [0x00000006e16a0000, 0x000000076a0d1000, 0x00000007c0000000)
   the space 2238660K,  99% used [0x00000006e16a0000, 0x000000076a0d0fe8, 0x000000076a0d1000, 0x000000076a0d1000)
 Metaspace       used 20296K, capacity 20788K, committed 21552K, reserved 1069056K
  class space    used 2301K, capacity 2457K, committed 2688K, reserved 1048576K
GC Heap History (10 events):
Event: 607.437 GC heap after
Heap after GC invocations=249 (full 9):
 def new generation   total 995200K, used 90908K [0x0000000672200000, 0x00000006b59d0000, 0x00000006e16a0000)
  eden space 884672K,   0% used [0x0000000672200000, 0x0000000672200000, 0x00000006a81f0000)
  from space 110528K,  82% used [0x00000006a81f0000, 0x00000006adab71a8, 0x00000006aede0000)
  to   space 110528K,   0% used [0x00000006aede0000, 0x00000006aede0000, 0x00000006b59d0000)
 tenured generation   total 2211396K, used 2022311K [0x00000006e16a0000, 0x0000000768631000, 0x00000007c0000000)
   the space 2211396K,  91% used [0x00000006e16a0000, 0x000000075cd89e28, 0x000000075cd8a000, 0x0000000768631000)
 Metaspace       used 20294K, capacity 20788K, committed 21552K, reserved 1069056K
  class space    used 2301K, capacity 2457K, committed 2688K, reserved 1048576K
}
Event: 612.067 GC heap before
{Heap before GC invocations=249 (full 9):
 def new generation   total 995200K, used 975580K [0x0000000672200000, 0x00000006b59d0000, 0x00000006e16a0000)
  eden space 884672K, 100% used [0x0000000672200000, 0x00000006a81f0000, 0x00000006a81f0000)
  from space 110528K,  82% used [0x00000006a81f0000, 0x00000006adab71a8, 0x00000006aede0000)
  to   space 110528K,   0% used [0x00000006aede0000, 0x00000006aede0000, 0x00000006b59d0000)
 tenured generation   total 2211396K, used 2022311K [0x00000006e16a0000, 0x0000000768631000, 0x00000007c0000000)
   the space 2211396K,  91% used [0x00000006e16a0000, 0x000000075cd89e28, 0x000000075cd8a000, 0x0000000768631000)
 Metaspace       used 20296K, capacity 20788K, committed 21552K, reserved 1069056K
  class space    used 2301K, capacity 2457K, committed 2688K, reserved 1048576K
Event: 612.786 GC heap after
Heap after GC invocations=250 (full 9):
 def new generation   total 995200K, used 74228K [0x0000000672200000, 0x00000006b59d0000, 0x00000006e16a0000)
  eden space 884672K,   0% used [0x0000000672200000, 0x0000000672200000, 0x00000006a81f0000)
  from space 110528K,  67% used [0x00000006aede0000, 0x00000006b365d208, 0x00000006b59d0000)
  to   space 110528K,   0% used [0x00000006a81f0000, 0x00000006a81f0000, 0x00000006aede0000)
 tenured generation   total 2211396K, used 2075845K [0x00000006e16a0000, 0x0000000768631000, 0x00000007c0000000)
   the space 2211396K,  93% used [0x00000006e16a0000, 0x00000007601d15d8, 0x00000007601d1600, 0x0000000768631000)
 Metaspace       used 20296K, capacity 20788K, committed 21552K, reserved 1069056K
  class space    used 2301K, capacity 2457K, committed 2688K, reserved 1048576K
}
Event: 617.345 GC heap before
{Heap before GC invocations=250 (full 9):
 def new generation   total 995200K, used 958900K [0x0000000672200000, 0x00000006b59d0000, 0x00000006e16a0000)
  eden space 884672K, 100% used [0x0000000672200000, 0x00000006a81f0000, 0x00000006a81f0000)
  from space 110528K,  67% used [0x00000006aede0000, 0x00000006b365d208, 0x00000006b59d0000)
  to   space 110528K,   0% used [0x00000006a81f0000, 0x00000006a81f0000, 0x00000006aede0000)
 tenured generation   total 2211396K, used 2075845K [0x00000006e16a0000, 0x0000000768631000, 0x00000007c0000000)
   the space 2211396K,  93% used [0x00000006e16a0000, 0x00000007601d15d8, 0x00000007601d1600, 0x0000000768631000)
 Metaspace       used 20296K, capacity 20788K, committed 21552K, reserved 1069056K
  class space    used 2301K, capacity 2457K, committed 2688K, reserved 1048576K
Event: 618.023 GC heap after
Heap after GC invocations=251 (full 9):
 def new generation   total 995200K, used 89085K [0x0000000672200000, 0x00000006b59d0000, 0x00000006e16a0000)
  eden space 884672K,   0% used [0x0000000672200000, 0x0000000672200000, 0x00000006a81f0000)
  from space 110528K,  80% used [0x00000006a81f0000, 0x00000006ad8ef520, 0x00000006aede0000)
  to   space 110528K,   0% used [0x00000006aede0000, 0x00000006aede0000, 0x00000006b59d0000)
 tenured generation   total 2211396K, used 2113203K [0x00000006e16a0000, 0x0000000768631000, 0x00000007c0000000)
   the space 2211396K,  95% used [0x00000006e16a0000, 0x000000076264cee0, 0x000000076264d000, 0x0000000768631000)
 Metaspace       used 20296K, capacity 20788K, committed 21552K, reserved 1069056K
  class space    used 2301K, capacity 2457K, committed 2688K, reserved 1048576K
}
Event: 622.631 GC heap before
{Heap before GC invocations=251 (full 9):
 def new generation   total 995200K, used 973757K [0x0000000672200000, 0x00000006b59d0000, 0x00000006e16a0000)
  eden space 884672K, 100% used [0x0000000672200000, 0x00000006a81f0000, 0x00000006a81f0000)
  from space 110528K,  80% used [0x00000006a81f0000, 0x00000006ad8ef520, 0x00000006aede0000)
  to   space 110528K,   0% used [0x00000006aede0000, 0x00000006aede0000, 0x00000006b59d0000)
 tenured generation   total 2211396K, used 2113203K [0x00000006e16a0000, 0x0000000768631000, 0x00000007c0000000)
   the space 2211396K,  95% used [0x00000006e16a0000, 0x000000076264cee0, 0x000000076264d000, 0x0000000768631000)
 Metaspace       used 20296K, capacity 20788K, committed 21552K, reserved 1069056K
  class space    used 2301K, capacity 2457K, committed 2688K, reserved 1048576K
Event: 623.276 GC heap after
Heap after GC invocations=252 (full 9):
 def new generation   total 995200K, used 88532K [0x0000000672200000, 0x00000006b59d0000, 0x00000006e16a0000)
  eden space 884672K,   0% used [0x0000000672200000, 0x0000000672200000, 0x00000006a81f0000)
  from space 110528K,  80% used [0x00000006aede0000, 0x00000006b44550e0, 0x00000006b59d0000)
  to   space 110528K,   0% used [0x00000006a81f0000, 0x00000006a81f0000, 0x00000006aede0000)
 tenured generation   total 2211396K, used 2150055K [0x00000006e16a0000, 0x0000000768631000, 0x00000007c0000000)
   the space 2211396K,  97% used [0x00000006e16a0000, 0x0000000764a49e98, 0x0000000764a4a000, 0x0000000768631000)
 Metaspace       used 20296K, capacity 20788K, committed 21552K, reserved 1069056K
  class space    used 2301K, capacity 2457K, committed 2688K, reserved 1048576K
}
Event: 627.829 GC heap before
{Heap before GC invocations=252 (full 9):
 def new generation   total 995200K, used 973204K [0x0000000672200000, 0x00000006b59d0000, 0x00000006e16a0000)
  eden space 884672K, 100% used [0x0000000672200000, 0x00000006a81f0000, 0x00000006a81f0000)
  from space 110528K,  80% used [0x00000006aede0000, 0x00000006b44550e0, 0x00000006b59d0000)
  to   space 110528K,   0% used [0x00000006a81f0000, 0x00000006a81f0000, 0x00000006aede0000)
 tenured generation   total 2211396K, used 2150055K [0x00000006e16a0000, 0x0000000768631000, 0x00000007c0000000)
   the space 2211396K,  97% used [0x00000006e16a0000, 0x0000000764a49e98, 0x0000000764a4a000, 0x0000000768631000)
 Metaspace       used 20296K, capacity 20788K, committed 21552K, reserved 1069056K
  class space    used 2301K, capacity 2457K, committed 2688K, reserved 1048576K
Event: 628.469 GC heap after
Heap after GC invocations=253 (full 9):
 def new generation   total 995200K, used 72992K [0x0000000672200000, 0x00000006b59d0000, 0x00000006e16a0000)
  eden space 884672K,   0% used [0x0000000672200000, 0x0000000672200000, 0x00000006a81f0000)
  from space 110528K,  66% used [0x00000006a81f0000, 0x00000006ac938120, 0x00000006aede0000)
  to   space 110528K,   0% used [0x00000006aede0000, 0x00000006aede0000, 0x00000006b59d0000)
 tenured generation   total 2211396K, used 2201927K [0x00000006e16a0000, 0x0000000768631000, 0x00000007c0000000)
   the space 2211396K,  99% used [0x00000006e16a0000, 0x0000000767cf1dc0, 0x0000000767cf1e00, 0x0000000768631000)
 Metaspace       used 20296K, capacity 20788K, committed 21552K, reserved 1069056K
  class space    used 2301K, capacity 2457K, committed 2688K, reserved 1048576K
}
Event: 633.228 GC heap before
{Heap before GC invocations=253 (full 9):
 def new generation   total 995200K, used 957664K [0x0000000672200000, 0x00000006b59d0000, 0x00000006e16a0000)
  eden space 884672K, 100% used [0x0000000672200000, 0x00000006a81f0000, 0x00000006a81f0000)
  from space 110528K,  66% used [0x00000006a81f0000, 0x00000006ac938120, 0x00000006aede0000)
  to   space 110528K,   0% used [0x00000006aede0000, 0x00000006aede0000, 0x00000006b59d0000)
 tenured generation   total 2211396K, used 2201927K [0x00000006e16a0000, 0x0000000768631000, 0x00000007c0000000)
   the space 2211396K,  99% used [0x00000006e16a0000, 0x0000000767cf1dc0, 0x0000000767cf1e00, 0x0000000768631000)
 Metaspace       used 20296K, capacity 20788K, committed 21552K, reserved 1069056K
  class space    used 2301K, capacity 2457K, committed 2688K, reserved 1048576K

