# JRE version: OpenJDK Runtime Environment (8.0_162-b12) (build 1.8.0_162-8u162-b12-0ubuntu0.16.04.2-b12)
# Java VM: OpenJDK 64-Bit Server VM (25.162-b12 mixed mode linux-amd64 compressed oops)
Heap:
 def new generation   total 915584K, used 0K [0x0000000672200000, 0x00000006b0370000, 0x00000006e16a0000)
  eden space 813888K,   0% used [0x0000000672200000, 0x0000000672200000, 0x00000006a3cd0000)
  from space 101696K,   0% used [0x00000006a3cd0000, 0x00000006a3cd0000, 0x00000006aa020000)
  to   space 101696K,   0% used [0x00000006aa020000, 0x00000006aa020000, 0x00000006b0370000)
 tenured generation   total 2060996K, used 2042310K [0x00000006e16a0000, 0x000000075f351000, 0x00000007c0000000)
   the space 2060996K,  99% used [0x00000006e16a0000, 0x000000075e1118c0, 0x000000075e111a00, 0x000000075f351000)
 Metaspace       used 20342K, capacity 20852K, committed 21552K, reserved 1069056K
  class space    used 2301K, capacity 2457K, committed 2688K, reserved 1048576K
GC Heap History (10 events):
Event: 732.085 GC heap after
Heap after GC invocations=316 (full 11):
 def new generation   total 915584K, used 59676K [0x0000000672200000, 0x00000006b0370000, 0x00000006e16a0000)
  eden space 813888K,   0% used [0x0000000672200000, 0x0000000672200000, 0x00000006a3cd0000)
  from space 101696K,  58% used [0x00000006aa020000, 0x00000006ada67290, 0x00000006b0370000)
  to   space 101696K,   0% used [0x00000006a3cd0000, 0x00000006a3cd0000, 0x00000006aa020000)
 tenured generation   total 2034500K, used 1910296K [0x00000006e16a0000, 0x000000075d971000, 0x00000007c0000000)
   the space 2034500K,  93% used [0x00000006e16a0000, 0x0000000756026138, 0x0000000756026200, 0x000000075d971000)
 Metaspace       used 20342K, capacity 20852K, committed 21552K, reserved 1069056K
  class space    used 2301K, capacity 2457K, committed 2688K, reserved 1048576K
}
Event: 742.097 GC heap before
{Heap before GC invocations=316 (full 11):
 def new generation   total 915584K, used 873564K [0x0000000672200000, 0x00000006b0370000, 0x00000006e16a0000)
  eden space 813888K, 100% used [0x0000000672200000, 0x00000006a3cd0000, 0x00000006a3cd0000)
  from space 101696K,  58% used [0x00000006aa020000, 0x00000006ada67290, 0x00000006b0370000)
  to   space 101696K,   0% used [0x00000006a3cd0000, 0x00000006a3cd0000, 0x00000006aa020000)
 tenured generation   total 2034500K, used 1910296K [0x00000006e16a0000, 0x000000075d971000, 0x00000007c0000000)
   the space 2034500K,  93% used [0x00000006e16a0000, 0x0000000756026138, 0x0000000756026200, 0x000000075d971000)
 Metaspace       used 20342K, capacity 20852K, committed 21552K, reserved 1069056K
  class space    used 2301K, capacity 2457K, committed 2688K, reserved 1048576K
Event: 742.650 GC heap after
Heap after GC invocations=317 (full 11):
 def new generation   total 915584K, used 60259K [0x0000000672200000, 0x00000006b0370000, 0x00000006e16a0000)
  eden space 813888K,   0% used [0x0000000672200000, 0x0000000672200000, 0x00000006a3cd0000)
  from space 101696K,  59% used [0x00000006a3cd0000, 0x00000006a77a8e38, 0x00000006aa020000)
  to   space 101696K,   0% used [0x00000006aa020000, 0x00000006aa020000, 0x00000006b0370000)
 tenured generation   total 2034500K, used 1939715K [0x00000006e16a0000, 0x000000075d971000, 0x00000007c0000000)
   the space 2034500K,  95% used [0x00000006e16a0000, 0x0000000757ce0e48, 0x0000000757ce1000, 0x000000075d971000)
 Metaspace       used 20342K, capacity 20852K, committed 21552K, reserved 1069056K
  class space    used 2301K, capacity 2457K, committed 2688K, reserved 1048576K
}
Event: 751.481 GC heap before
{Heap before GC invocations=317 (full 11):
 def new generation   total 915584K, used 874147K [0x0000000672200000, 0x00000006b0370000, 0x00000006e16a0000)
  eden space 813888K, 100% used [0x0000000672200000, 0x00000006a3cd0000, 0x00000006a3cd0000)
  from space 101696K,  59% used [0x00000006a3cd0000, 0x00000006a77a8e38, 0x00000006aa020000)
  to   space 101696K,   0% used [0x00000006aa020000, 0x00000006aa020000, 0x00000006b0370000)
 tenured generation   total 2034500K, used 1939715K [0x00000006e16a0000, 0x000000075d971000, 0x00000007c0000000)
   the space 2034500K,  95% used [0x00000006e16a0000, 0x0000000757ce0e48, 0x0000000757ce1000, 0x000000075d971000)
 Metaspace       used 20342K, capacity 20852K, committed 21552K, reserved 1069056K
  class space    used 2301K, capacity 2457K, committed 2688K, reserved 1048576K
Event: 752.042 GC heap after
Heap after GC invocations=318 (full 11):
 def new generation   total 915584K, used 60937K [0x0000000672200000, 0x00000006b0370000, 0x00000006e16a0000)
  eden space 813888K,   0% used [0x0000000672200000, 0x0000000672200000, 0x00000006a3cd0000)
  from space 101696K,  59% used [0x00000006aa020000, 0x00000006adba2618, 0x00000006b0370000)
  to   space 101696K,   0% used [0x00000006a3cd0000, 0x00000006a3cd0000, 0x00000006aa020000)
 tenured generation   total 2034500K, used 1969935K [0x00000006e16a0000, 0x000000075d971000, 0x00000007c0000000)
   the space 2034500K,  96% used [0x00000006e16a0000, 0x0000000759a63d38, 0x0000000759a63e00, 0x000000075d971000)
 Metaspace       used 20342K, capacity 20852K, committed 21552K, reserved 1069056K
  class space    used 2301K, capacity 2457K, committed 2688K, reserved 1048576K
}
Event: 758.466 GC heap before
{Heap before GC invocations=318 (full 11):
 def new generation   total 915584K, used 874825K [0x0000000672200000, 0x00000006b0370000, 0x00000006e16a0000)
  eden space 813888K, 100% used [0x0000000672200000, 0x00000006a3cd0000, 0x00000006a3cd0000)
  from space 101696K,  59% used [0x00000006aa020000, 0x00000006adba2618, 0x00000006b0370000)
  to   space 101696K,   0% used [0x00000006a3cd0000, 0x00000006a3cd0000, 0x00000006aa020000)
 tenured generation   total 2034500K, used 1969935K [0x00000006e16a0000, 0x000000075d971000, 0x00000007c0000000)
   the space 2034500K,  96% used [0x00000006e16a0000, 0x0000000759a63d38, 0x0000000759a63e00, 0x000000075d971000)
 Metaspace       used 20342K, capacity 20852K, committed 21552K, reserved 1069056K
  class space    used 2301K, capacity 2457K, committed 2688K, reserved 1048576K
Event: 759.008 GC heap after
Heap after GC invocations=319 (full 11):
 def new generation   total 915584K, used 61038K [0x0000000672200000, 0x00000006b0370000, 0x00000006e16a0000)
  eden space 813888K,   0% used [0x0000000672200000, 0x0000000672200000, 0x00000006a3cd0000)
  from space 101696K,  60% used [0x00000006a3cd0000, 0x00000006a786bba0, 0x00000006aa020000)
  to   space 101696K,   0% used [0x00000006aa020000, 0x00000006aa020000, 0x00000006b0370000)
 tenured generation   total 2034500K, used 1999948K [0x00000006e16a0000, 0x000000075d971000, 0x00000007c0000000)
   the space 2034500K,  98% used [0x00000006e16a0000, 0x000000075b7b3138, 0x000000075b7b3200, 0x000000075d971000)
 Metaspace       used 20342K, capacity 20852K, committed 21552K, reserved 1069056K
  class space    used 2301K, capacity 2457K, committed 2688K, reserved 1048576K
}
Event: 765.076 GC heap before
{Heap before GC invocations=319 (full 11):
 def new generation   total 915584K, used 874926K [0x0000000672200000, 0x00000006b0370000, 0x00000006e16a0000)
  eden space 813888K, 100% used [0x0000000672200000, 0x00000006a3cd0000, 0x00000006a3cd0000)
  from space 101696K,  60% used [0x00000006a3cd0000, 0x00000006a786bba0, 0x00000006aa020000)
  to   space 101696K,   0% used [0x00000006aa020000, 0x00000006aa020000, 0x00000006b0370000)
 tenured generation   total 2034500K, used 1999948K [0x00000006e16a0000, 0x000000075d971000, 0x00000007c0000000)
   the space 2034500K,  98% used [0x00000006e16a0000, 0x000000075b7b3138, 0x000000075b7b3200, 0x000000075d971000)
 Metaspace       used 20342K, capacity 20852K, committed 21552K, reserved 1069056K
  class space    used 2301K, capacity 2457K, committed 2688K, reserved 1048576K
Event: 765.613 GC heap after
Heap after GC invocations=320 (full 11):
 def new generation   total 915584K, used 60818K [0x0000000672200000, 0x00000006b0370000, 0x00000006e16a0000)
  eden space 813888K,   0% used [0x0000000672200000, 0x0000000672200000, 0x00000006a3cd0000)
  from space 101696K,  59% used [0x00000006aa020000, 0x00000006adb84a80, 0x00000006b0370000)
  to   space 101696K,   0% used [0x00000006a3cd0000, 0x00000006a3cd0000, 0x00000006aa020000)
 tenured generation   total 2034500K, used 2030826K [0x00000006e16a0000, 0x000000075d971000, 0x00000007c0000000)
   the space 2034500K,  99% used [0x00000006e16a0000, 0x000000075d5dab90, 0x000000075d5dac00, 0x000000075d971000)
 Metaspace       used 20342K, capacity 20852K, committed 21552K, reserved 1069056K
  class space    used 2301K, capacity 2457K, committed 2688K, reserved 1048576K
}
Event: 772.920 GC heap before
{Heap before GC invocations=320 (full 11):
 def new generation   total 915584K, used 874706K [0x0000000672200000, 0x00000006b0370000, 0x00000006e16a0000)
  eden space 813888K, 100% used [0x0000000672200000, 0x00000006a3cd0000, 0x00000006a3cd0000)
  from space 101696K,  59% used [0x00000006aa020000, 0x00000006adb84a80, 0x00000006b0370000)
  to   space 101696K,   0% used [0x00000006a3cd0000, 0x00000006a3cd0000, 0x00000006aa020000)
 tenured generation   total 2034500K, used 2030826K [0x00000006e16a0000, 0x000000075d971000, 0x00000007c0000000)
   the space 2034500K,  99% used [0x00000006e16a0000, 0x000000075d5dab90, 0x000000075d5dac00, 0x000000075d971000)
 Metaspace       used 20342K, capacity 20852K, committed 21552K, reserved 1069056K
  class space    used 2301K, capacity 2457K, committed 2688K, reserved 1048576K

