# JRE version: OpenJDK Runtime Environment (8.0_162-b12) (build 1.8.0_162-8u162-b12-0ubuntu0.16.04.2-b12)
# Java VM: OpenJDK 64-Bit Server VM (25.162-b12 mixed mode linux-amd64 compressed oops)
Heap:
 def new generation   total 1008064K, used 64641K [0x0000000672200000, 0x00000006b67d0000, 0x00000006e16a0000)
  eden space 896064K,   7% used [0x0000000672200000, 0x0000000676120748, 0x00000006a8d10000)
  from space 112000K,   0% used [0x00000006a8d10000, 0x00000006a8d10000, 0x00000006afa70000)
  to   space 112000K,   0% used [0x00000006afa70000, 0x00000006afa70000, 0x00000006b67d0000)
 tenured generation   total 2256740K, used 2256739K [0x00000006e16a0000, 0x000000076b279000, 0x00000007c0000000)
   the space 2256740K,  99% used [0x00000006e16a0000, 0x000000076b278ff0, 0x000000076b279000, 0x000000076b279000)
 Metaspace       used 20403K, capacity 20920K, committed 21552K, reserved 1069056K
  class space    used 2303K, capacity 2457K, committed 2688K, reserved 1048576K
GC Heap History (10 events):
Event: 707.584 GC heap after
Heap after GC invocations=326 (full 13):
 def new generation   total 1008064K, used 66680K [0x0000000672200000, 0x00000006b67d0000, 0x00000006e16a0000)
  eden space 896064K,   0% used [0x0000000672200000, 0x0000000672200000, 0x00000006a8d10000)
  from space 112000K,  59% used [0x00000006afa70000, 0x00000006b3b8e200, 0x00000006b67d0000)
  to   space 112000K,   0% used [0x00000006a8d10000, 0x00000006a8d10000, 0x00000006afa70000)
 tenured generation   total 2240036K, used 2097372K [0x00000006e16a0000, 0x000000076a229000, 0x00000007c0000000)
   the space 2240036K,  93% used [0x00000006e16a0000, 0x00000007616d7300, 0x00000007616d7400, 0x000000076a229000)
 Metaspace       used 20403K, capacity 20920K, committed 21552K, reserved 1069056K
  class space    used 2303K, capacity 2457K, committed 2688K, reserved 1048576K
}
Event: 712.220 GC heap before
{Heap before GC invocations=326 (full 13):
 def new generation   total 1008064K, used 962744K [0x0000000672200000, 0x00000006b67d0000, 0x00000006e16a0000)
  eden space 896064K, 100% used [0x0000000672200000, 0x00000006a8d10000, 0x00000006a8d10000)
  from space 112000K,  59% used [0x00000006afa70000, 0x00000006b3b8e200, 0x00000006b67d0000)
  to   space 112000K,   0% used [0x00000006a8d10000, 0x00000006a8d10000, 0x00000006afa70000)
 tenured generation   total 2240036K, used 2097372K [0x00000006e16a0000, 0x000000076a229000, 0x00000007c0000000)
   the space 2240036K,  93% used [0x00000006e16a0000, 0x00000007616d7300, 0x00000007616d7400, 0x000000076a229000)
 Metaspace       used 20403K, capacity 20920K, committed 21552K, reserved 1069056K
  class space    used 2303K, capacity 2457K, committed 2688K, reserved 1048576K
Event: 712.755 GC heap after
Heap after GC invocations=327 (full 13):
 def new generation   total 1008064K, used 65196K [0x0000000672200000, 0x00000006b67d0000, 0x00000006e16a0000)
  eden space 896064K,   0% used [0x0000000672200000, 0x0000000672200000, 0x00000006a8d10000)
  from space 112000K,  58% used [0x00000006a8d10000, 0x00000006accbb160, 0x00000006afa70000)
  to   space 112000K,   0% used [0x00000006afa70000, 0x00000006afa70000, 0x00000006b67d0000)
 tenured generation   total 2240036K, used 2130494K [0x00000006e16a0000, 0x000000076a229000, 0x00000007c0000000)
   the space 2240036K,  95% used [0x00000006e16a0000, 0x000000076372f828, 0x000000076372fa00, 0x000000076a229000)
 Metaspace       used 20403K, capacity 20920K, committed 21552K, reserved 1069056K
  class space    used 2303K, capacity 2457K, committed 2688K, reserved 1048576K
}
Event: 717.148 GC heap before
{Heap before GC invocations=327 (full 13):
 def new generation   total 1008064K, used 961260K [0x0000000672200000, 0x00000006b67d0000, 0x00000006e16a0000)
  eden space 896064K, 100% used [0x0000000672200000, 0x00000006a8d10000, 0x00000006a8d10000)
  from space 112000K,  58% used [0x00000006a8d10000, 0x00000006accbb160, 0x00000006afa70000)
  to   space 112000K,   0% used [0x00000006afa70000, 0x00000006afa70000, 0x00000006b67d0000)
 tenured generation   total 2240036K, used 2130494K [0x00000006e16a0000, 0x000000076a229000, 0x00000007c0000000)
   the space 2240036K,  95% used [0x00000006e16a0000, 0x000000076372f828, 0x000000076372fa00, 0x000000076a229000)
 Metaspace       used 20403K, capacity 20920K, committed 21552K, reserved 1069056K
  class space    used 2303K, capacity 2457K, committed 2688K, reserved 1048576K
Event: 717.661 GC heap after
Heap after GC invocations=328 (full 13):
 def new generation   total 1008064K, used 62189K [0x0000000672200000, 0x00000006b67d0000, 0x00000006e16a0000)
  eden space 896064K,   0% used [0x0000000672200000, 0x0000000672200000, 0x00000006a8d10000)
  from space 112000K,  55% used [0x00000006afa70000, 0x00000006b372b680, 0x00000006b67d0000)
  to   space 112000K,   0% used [0x00000006a8d10000, 0x00000006a8d10000, 0x00000006afa70000)
 tenured generation   total 2240036K, used 2163850K [0x00000006e16a0000, 0x000000076a229000, 0x00000007c0000000)
   the space 2240036K,  96% used [0x00000006e16a0000, 0x00000007657c2a20, 0x00000007657c2c00, 0x000000076a229000)
 Metaspace       used 20403K, capacity 20920K, committed 21552K, reserved 1069056K
  class space    used 2303K, capacity 2457K, committed 2688K, reserved 1048576K
}
Event: 722.883 GC heap before
{Heap before GC invocations=328 (full 13):
 def new generation   total 1008064K, used 958253K [0x0000000672200000, 0x00000006b67d0000, 0x00000006e16a0000)
  eden space 896064K, 100% used [0x0000000672200000, 0x00000006a8d10000, 0x00000006a8d10000)
  from space 112000K,  55% used [0x00000006afa70000, 0x00000006b372b680, 0x00000006b67d0000)
  to   space 112000K,   0% used [0x00000006a8d10000, 0x00000006a8d10000, 0x00000006afa70000)
 tenured generation   total 2240036K, used 2163850K [0x00000006e16a0000, 0x000000076a229000, 0x00000007c0000000)
   the space 2240036K,  96% used [0x00000006e16a0000, 0x00000007657c2a20, 0x00000007657c2c00, 0x000000076a229000)
 Metaspace       used 20403K, capacity 20920K, committed 21552K, reserved 1069056K
  class space    used 2303K, capacity 2457K, committed 2688K, reserved 1048576K
Event: 723.372 GC heap after
Heap after GC invocations=329 (full 13):
 def new generation   total 1008064K, used 61043K [0x0000000672200000, 0x00000006b67d0000, 0x00000006e16a0000)
  eden space 896064K,   0% used [0x0000000672200000, 0x0000000672200000, 0x00000006a8d10000)
  from space 112000K,  54% used [0x00000006a8d10000, 0x00000006ac8ace48, 0x00000006afa70000)
  to   space 112000K,   0% used [0x00000006afa70000, 0x00000006afa70000, 0x00000006b67d0000)
 tenured generation   total 2240036K, used 2195658K [0x00000006e16a0000, 0x000000076a229000, 0x00000007c0000000)
   the space 2240036K,  98% used [0x00000006e16a0000, 0x00000007676d2b10, 0x00000007676d2c00, 0x000000076a229000)
 Metaspace       used 20403K, capacity 20920K, committed 21552K, reserved 1069056K
  class space    used 2303K, capacity 2457K, committed 2688K, reserved 1048576K
}
Event: 728.989 GC heap before
{Heap before GC invocations=329 (full 13):
 def new generation   total 1008064K, used 957107K [0x0000000672200000, 0x00000006b67d0000, 0x00000006e16a0000)
  eden space 896064K, 100% used [0x0000000672200000, 0x00000006a8d10000, 0x00000006a8d10000)
  from space 112000K,  54% used [0x00000006a8d10000, 0x00000006ac8ace48, 0x00000006afa70000)
  to   space 112000K,   0% used [0x00000006afa70000, 0x00000006afa70000, 0x00000006b67d0000)
 tenured generation   total 2240036K, used 2195658K [0x00000006e16a0000, 0x000000076a229000, 0x00000007c0000000)
   the space 2240036K,  98% used [0x00000006e16a0000, 0x00000007676d2b10, 0x00000007676d2c00, 0x000000076a229000)
 Metaspace       used 20403K, capacity 20920K, committed 21552K, reserved 1069056K
  class space    used 2303K, capacity 2457K, committed 2688K, reserved 1048576K
Event: 729.558 GC heap after
Heap after GC invocations=330 (full 13):
 def new generation   total 1008064K, used 79389K [0x0000000672200000, 0x00000006b67d0000, 0x00000006e16a0000)
  eden space 896064K,   0% used [0x0000000672200000, 0x0000000672200000, 0x00000006a8d10000)
  from space 112000K,  70% used [0x00000006afa70000, 0x00000006b47f7698, 0x00000006b67d0000)
  to   space 112000K,   0% used [0x00000006a8d10000, 0x00000006a8d10000, 0x00000006afa70000)
 tenured generation   total 2240036K, used 2225998K [0x00000006e16a0000, 0x000000076a229000, 0x00000007c0000000)
   the space 2240036K,  99% used [0x00000006e16a0000, 0x00000007694739b8, 0x0000000769473a00, 0x000000076a229000)
 Metaspace       used 20403K, capacity 20920K, committed 21552K, reserved 1069056K
  class space    used 2303K, capacity 2457K, committed 2688K, reserved 1048576K
}
Event: 735.012 GC heap before
{Heap before GC invocations=330 (full 13):
 def new generation   total 1008064K, used 975453K [0x0000000672200000, 0x00000006b67d0000, 0x00000006e16a0000)
  eden space 896064K, 100% used [0x0000000672200000, 0x00000006a8d10000, 0x00000006a8d10000)
  from space 112000K,  70% used [0x00000006afa70000, 0x00000006b47f7698, 0x00000006b67d0000)
  to   space 112000K,   0% used [0x00000006a8d10000, 0x00000006a8d10000, 0x00000006afa70000)
 tenured generation   total 2240036K, used 2225998K [0x00000006e16a0000, 0x000000076a229000, 0x00000007c0000000)
   the space 2240036K,  99% used [0x00000006e16a0000, 0x00000007694739b8, 0x0000000769473a00, 0x000000076a229000)
 Metaspace       used 20403K, capacity 20920K, committed 21552K, reserved 1069056K
  class space    used 2303K, capacity 2457K, committed 2688K, reserved 1048576K

