# JRE version: OpenJDK Runtime Environment (8.0_162-b12) (build 1.8.0_162-8u162-b12-0ubuntu0.16.04.2-b12)
# Java VM: OpenJDK 64-Bit Server VM (25.162-b12 mixed mode linux-amd64 compressed oops)
Heap:
 def new generation   total 989568K, used 52591K [0x0000000672200000, 0x00000006b53b0000, 0x00000006e16a0000)
  eden space 879680K,   5% used [0x0000000672200000, 0x000000067555bc40, 0x00000006a7d10000)
  from space 109888K,   0% used [0x00000006a7d10000, 0x00000006a7d10000, 0x00000006ae860000)
  to   space 109888K,   0% used [0x00000006ae860000, 0x00000006ae860000, 0x00000006b53b0000)
 tenured generation   total 2220348K, used 2220348K [0x00000006e16a0000, 0x0000000768eef000, 0x00000007c0000000)
   the space 2220348K, 100% used [0x00000006e16a0000, 0x0000000768eef000, 0x0000000768eef000, 0x0000000768eef000)
 Metaspace       used 20362K, capacity 20868K, committed 21552K, reserved 1069056K
  class space    used 2301K, capacity 2457K, committed 2688K, reserved 1048576K
GC Heap History (10 events):
Event: 750.874 GC heap after
Heap after GC invocations=345 (full 13):
 def new generation   total 989568K, used 62477K [0x0000000672200000, 0x00000006b53b0000, 0x00000006e16a0000)
  eden space 879680K,   0% used [0x0000000672200000, 0x0000000672200000, 0x00000006a7d10000)
  from space 109888K,  56% used [0x00000006ae860000, 0x00000006b25634a8, 0x00000006b53b0000)
  to   space 109888K,   0% used [0x00000006a7d10000, 0x00000006a7d10000, 0x00000006ae860000)
 tenured generation   total 2198844K, used 2064521K [0x00000006e16a0000, 0x00000007679ef000, 0x00000007c0000000)
   the space 2198844K,  93% used [0x00000006e16a0000, 0x000000075f6c27d8, 0x000000075f6c2800, 0x00000007679ef000)
 Metaspace       used 20362K, capacity 20868K, committed 21552K, reserved 1069056K
  class space    used 2301K, capacity 2457K, committed 2688K, reserved 1048576K
}
Event: 755.044 GC heap before
{Heap before GC invocations=345 (full 13):
 def new generation   total 989568K, used 942157K [0x0000000672200000, 0x00000006b53b0000, 0x00000006e16a0000)
  eden space 879680K, 100% used [0x0000000672200000, 0x00000006a7d10000, 0x00000006a7d10000)
  from space 109888K,  56% used [0x00000006ae860000, 0x00000006b25634a8, 0x00000006b53b0000)
  to   space 109888K,   0% used [0x00000006a7d10000, 0x00000006a7d10000, 0x00000006ae860000)
 tenured generation   total 2198844K, used 2064521K [0x00000006e16a0000, 0x00000007679ef000, 0x00000007c0000000)
   the space 2198844K,  93% used [0x00000006e16a0000, 0x000000075f6c27d8, 0x000000075f6c2800, 0x00000007679ef000)
 Metaspace       used 20362K, capacity 20868K, committed 21552K, reserved 1069056K
  class space    used 2301K, capacity 2457K, committed 2688K, reserved 1048576K
Event: 755.581 GC heap after
Heap after GC invocations=346 (full 13):
 def new generation   total 989568K, used 64945K [0x0000000672200000, 0x00000006b53b0000, 0x00000006e16a0000)
  eden space 879680K,   0% used [0x0000000672200000, 0x0000000672200000, 0x00000006a7d10000)
  from space 109888K,  59% used [0x00000006a7d10000, 0x00000006abc7c560, 0x00000006ae860000)
  to   space 109888K,   0% used [0x00000006ae860000, 0x00000006ae860000, 0x00000006b53b0000)
 tenured generation   total 2198844K, used 2094312K [0x00000006e16a0000, 0x00000007679ef000, 0x00000007c0000000)
   the space 2198844K,  95% used [0x00000006e16a0000, 0x00000007613da260, 0x00000007613da400, 0x00000007679ef000)
 Metaspace       used 20362K, capacity 20868K, committed 21552K, reserved 1069056K
  class space    used 2301K, capacity 2457K, committed 2688K, reserved 1048576K
}
Event: 760.301 GC heap before
{Heap before GC invocations=346 (full 13):
 def new generation   total 989568K, used 944625K [0x0000000672200000, 0x00000006b53b0000, 0x00000006e16a0000)
  eden space 879680K, 100% used [0x0000000672200000, 0x00000006a7d10000, 0x00000006a7d10000)
  from space 109888K,  59% used [0x00000006a7d10000, 0x00000006abc7c560, 0x00000006ae860000)
  to   space 109888K,   0% used [0x00000006ae860000, 0x00000006ae860000, 0x00000006b53b0000)
 tenured generation   total 2198844K, used 2094312K [0x00000006e16a0000, 0x00000007679ef000, 0x00000007c0000000)
   the space 2198844K,  95% used [0x00000006e16a0000, 0x00000007613da260, 0x00000007613da400, 0x00000007679ef000)
 Metaspace       used 20362K, capacity 20868K, committed 21552K, reserved 1069056K
  class space    used 2301K, capacity 2457K, committed 2688K, reserved 1048576K
Event: 760.827 GC heap after
Heap after GC invocations=347 (full 13):
 def new generation   total 989568K, used 63546K [0x0000000672200000, 0x00000006b53b0000, 0x00000006e16a0000)
  eden space 879680K,   0% used [0x0000000672200000, 0x0000000672200000, 0x00000006a7d10000)
  from space 109888K,  57% used [0x00000006ae860000, 0x00000006b266e888, 0x00000006b53b0000)
  to   space 109888K,   0% used [0x00000006a7d10000, 0x00000006a7d10000, 0x00000006ae860000)
 tenured generation   total 2198844K, used 2126774K [0x00000006e16a0000, 0x00000007679ef000, 0x00000007c0000000)
   the space 2198844K,  96% used [0x00000006e16a0000, 0x000000076338dbf8, 0x000000076338dc00, 0x00000007679ef000)
 Metaspace       used 20362K, capacity 20868K, committed 21552K, reserved 1069056K
  class space    used 2301K, capacity 2457K, committed 2688K, reserved 1048576K
}
Event: 765.466 GC heap before
{Heap before GC invocations=347 (full 13):
 def new generation   total 989568K, used 943226K [0x0000000672200000, 0x00000006b53b0000, 0x00000006e16a0000)
  eden space 879680K, 100% used [0x0000000672200000, 0x00000006a7d10000, 0x00000006a7d10000)
  from space 109888K,  57% used [0x00000006ae860000, 0x00000006b266e888, 0x00000006b53b0000)
  to   space 109888K,   0% used [0x00000006a7d10000, 0x00000006a7d10000, 0x00000006ae860000)
 tenured generation   total 2198844K, used 2126774K [0x00000006e16a0000, 0x00000007679ef000, 0x00000007c0000000)
   the space 2198844K,  96% used [0x00000006e16a0000, 0x000000076338dbf8, 0x000000076338dc00, 0x00000007679ef000)
 Metaspace       used 20362K, capacity 20868K, committed 21552K, reserved 1069056K
  class space    used 2301K, capacity 2457K, committed 2688K, reserved 1048576K
Event: 766.023 GC heap after
Heap after GC invocations=348 (full 13):
 def new generation   total 989568K, used 61093K [0x0000000672200000, 0x00000006b53b0000, 0x00000006e16a0000)
  eden space 879680K,   0% used [0x0000000672200000, 0x0000000672200000, 0x00000006a7d10000)
  from space 109888K,  55% used [0x00000006a7d10000, 0x00000006ab8b96b0, 0x00000006ae860000)
  to   space 109888K,   0% used [0x00000006ae860000, 0x00000006ae860000, 0x00000006b53b0000)
 tenured generation   total 2198844K, used 2159240K [0x00000006e16a0000, 0x00000007679ef000, 0x00000007c0000000)
   the space 2198844K,  98% used [0x00000006e16a0000, 0x00000007653421c8, 0x0000000765342200, 0x00000007679ef000)
 Metaspace       used 20362K, capacity 20868K, committed 21552K, reserved 1069056K
  class space    used 2301K, capacity 2457K, committed 2688K, reserved 1048576K
}
Event: 771.436 GC heap before
{Heap before GC invocations=348 (full 13):
 def new generation   total 989568K, used 940773K [0x0000000672200000, 0x00000006b53b0000, 0x00000006e16a0000)
  eden space 879680K, 100% used [0x0000000672200000, 0x00000006a7d10000, 0x00000006a7d10000)
  from space 109888K,  55% used [0x00000006a7d10000, 0x00000006ab8b96b0, 0x00000006ae860000)
  to   space 109888K,   0% used [0x00000006ae860000, 0x00000006ae860000, 0x00000006b53b0000)
 tenured generation   total 2198844K, used 2159240K [0x00000006e16a0000, 0x00000007679ef000, 0x00000007c0000000)
   the space 2198844K,  98% used [0x00000006e16a0000, 0x00000007653421c8, 0x0000000765342200, 0x00000007679ef000)
 Metaspace       used 20362K, capacity 20868K, committed 21552K, reserved 1069056K
  class space    used 2301K, capacity 2457K, committed 2688K, reserved 1048576K
Event: 771.924 GC heap after
Heap after GC invocations=349 (full 13):
 def new generation   total 989568K, used 59840K [0x0000000672200000, 0x00000006b53b0000, 0x00000006e16a0000)
  eden space 879680K,   0% used [0x0000000672200000, 0x0000000672200000, 0x00000006a7d10000)
  from space 109888K,  54% used [0x00000006ae860000, 0x00000006b22d01c0, 0x00000006b53b0000)
  to   space 109888K,   0% used [0x00000006a7d10000, 0x00000006a7d10000, 0x00000006ae860000)
 tenured generation   total 2198844K, used 2190304K [0x00000006e16a0000, 0x00000007679ef000, 0x00000007c0000000)
   the space 2198844K,  99% used [0x00000006e16a0000, 0x0000000767198008, 0x0000000767198200, 0x00000007679ef000)
 Metaspace       used 20362K, capacity 20868K, committed 21552K, reserved 1069056K
  class space    used 2301K, capacity 2457K, committed 2688K, reserved 1048576K
}
Event: 777.645 GC heap before
{Heap before GC invocations=349 (full 13):
 def new generation   total 989568K, used 939520K [0x0000000672200000, 0x00000006b53b0000, 0x00000006e16a0000)
  eden space 879680K, 100% used [0x0000000672200000, 0x00000006a7d10000, 0x00000006a7d10000)
  from space 109888K,  54% used [0x00000006ae860000, 0x00000006b22d01c0, 0x00000006b53b0000)
  to   space 109888K,   0% used [0x00000006a7d10000, 0x00000006a7d10000, 0x00000006ae860000)
 tenured generation   total 2198844K, used 2190304K [0x00000006e16a0000, 0x00000007679ef000, 0x00000007c0000000)
   the space 2198844K,  99% used [0x00000006e16a0000, 0x0000000767198008, 0x0000000767198200, 0x00000007679ef000)
 Metaspace       used 20362K, capacity 20868K, committed 21552K, reserved 1069056K
  class space    used 2301K, capacity 2457K, committed 2688K, reserved 1048576K

