# JRE version: OpenJDK Runtime Environment (8.0_162-b12) (build 1.8.0_162-8u162-b12-0ubuntu0.16.04.2-b12)
# Java VM: OpenJDK 64-Bit Server VM (25.162-b12 mixed mode linux-amd64 compressed oops)
Heap:
 def new generation   total 888512K, used 0K [0x0000000672200000, 0x00000006ae610000, 0x00000006e16a0000)
  eden space 789824K,   0% used [0x0000000672200000, 0x0000000672200000, 0x00000006a2550000)
  from space 98688K,   0% used [0x00000006a85b0000, 0x00000006a85b0000, 0x00000006ae610000)
  to   space 98688K,   0% used [0x00000006a2550000, 0x00000006a2550000, 0x00000006a85b0000)
 tenured generation   total 1993700K, used 1923908K [0x00000006e16a0000, 0x000000075b199000, 0x00000007c0000000)
   the space 1993700K,  96% used [0x00000006e16a0000, 0x0000000756d71208, 0x0000000756d71400, 0x000000075b199000)
 Metaspace       used 20345K, capacity 20920K, committed 23296K, reserved 1069056K
  class space    used 2303K, capacity 2457K, committed 2816K, reserved 1048576K
GC Heap History (10 events):
Event: 382.598 GC heap after
Heap after GC invocations=314 (full 11):
 def new generation   total 888512K, used 75109K [0x0000000672200000, 0x00000006ae610000, 0x00000006e16a0000)
  eden space 789824K,   0% used [0x0000000672200000, 0x0000000672200000, 0x00000006a2550000)
  from space 98688K,  76% used [0x00000006a2550000, 0x00000006a6ea9580, 0x00000006a85b0000)
  to   space 98688K,   0% used [0x00000006a85b0000, 0x00000006a85b0000, 0x00000006ae610000)
 tenured generation   total 1974308K, used 1800258K [0x00000006e16a0000, 0x0000000759ea9000, 0x00000007c0000000)
   the space 1974308K,  91% used [0x00000006e16a0000, 0x000000074f4b0a10, 0x000000074f4b0c00, 0x0000000759ea9000)
 Metaspace       used 20344K, capacity 20920K, committed 23296K, reserved 1069056K
  class space    used 2303K, capacity 2457K, committed 2816K, reserved 1048576K
}
Event: 385.658 GC heap before
{Heap before GC invocations=314 (full 11):
 def new generation   total 888512K, used 864933K [0x0000000672200000, 0x00000006ae610000, 0x00000006e16a0000)
  eden space 789824K, 100% used [0x0000000672200000, 0x00000006a2550000, 0x00000006a2550000)
  from space 98688K,  76% used [0x00000006a2550000, 0x00000006a6ea9580, 0x00000006a85b0000)
  to   space 98688K,   0% used [0x00000006a85b0000, 0x00000006a85b0000, 0x00000006ae610000)
 tenured generation   total 1974308K, used 1800258K [0x00000006e16a0000, 0x0000000759ea9000, 0x00000007c0000000)
   the space 1974308K,  91% used [0x00000006e16a0000, 0x000000074f4b0a10, 0x000000074f4b0c00, 0x0000000759ea9000)
 Metaspace       used 20345K, capacity 20920K, committed 23296K, reserved 1069056K
  class space    used 2303K, capacity 2457K, committed 2816K, reserved 1048576K
Event: 386.206 GC heap after
Heap after GC invocations=315 (full 11):
 def new generation   total 888512K, used 98688K [0x0000000672200000, 0x00000006ae610000, 0x00000006e16a0000)
  eden space 789824K,   0% used [0x0000000672200000, 0x0000000672200000, 0x00000006a2550000)
  from space 98688K, 100% used [0x00000006a85b0000, 0x00000006ae610000, 0x00000006ae610000)
  to   space 98688K,   0% used [0x00000006a2550000, 0x00000006a2550000, 0x00000006a85b0000)
 tenured generation   total 1974308K, used 1836553K [0x00000006e16a0000, 0x0000000759ea9000, 0x00000007c0000000)
   the space 1974308K,  93% used [0x00000006e16a0000, 0x0000000751822708, 0x0000000751822800, 0x0000000759ea9000)
 Metaspace       used 20345K, capacity 20920K, committed 23296K, reserved 1069056K
  class space    used 2303K, capacity 2457K, committed 2816K, reserved 1048576K
}
Event: 389.247 GC heap before
{Heap before GC invocations=315 (full 11):
 def new generation   total 888512K, used 888512K [0x0000000672200000, 0x00000006ae610000, 0x00000006e16a0000)
  eden space 789824K, 100% used [0x0000000672200000, 0x00000006a2550000, 0x00000006a2550000)
  from space 98688K, 100% used [0x00000006a85b0000, 0x00000006ae610000, 0x00000006ae610000)
  to   space 98688K,   0% used [0x00000006a2550000, 0x00000006a2550000, 0x00000006a85b0000)
 tenured generation   total 1974308K, used 1836553K [0x00000006e16a0000, 0x0000000759ea9000, 0x00000007c0000000)
   the space 1974308K,  93% used [0x00000006e16a0000, 0x0000000751822708, 0x0000000751822800, 0x0000000759ea9000)
 Metaspace       used 20345K, capacity 20920K, committed 23296K, reserved 1069056K
  class space    used 2303K, capacity 2457K, committed 2816K, reserved 1048576K
Event: 389.719 GC heap after
Heap after GC invocations=316 (full 11):
 def new generation   total 888512K, used 28888K [0x0000000672200000, 0x00000006ae610000, 0x00000006e16a0000)
  eden space 789824K,   0% used [0x0000000672200000, 0x0000000672200000, 0x00000006a2550000)
  from space 98688K,  29% used [0x00000006a2550000, 0x00000006a41863f0, 0x00000006a85b0000)
  to   space 98688K,   0% used [0x00000006a85b0000, 0x00000006a85b0000, 0x00000006ae610000)
 tenured generation   total 1974308K, used 1935219K [0x00000006e16a0000, 0x0000000759ea9000, 0x00000007c0000000)
   the space 1974308K,  98% used [0x00000006e16a0000, 0x000000075787cf98, 0x000000075787d000, 0x0000000759ea9000)
 Metaspace       used 20345K, capacity 20920K, committed 23296K, reserved 1069056K
  class space    used 2303K, capacity 2457K, committed 2816K, reserved 1048576K
}
Event: 392.769 GC heap before
{Heap before GC invocations=316 (full 11):
 def new generation   total 888512K, used 818712K [0x0000000672200000, 0x00000006ae610000, 0x00000006e16a0000)
  eden space 789824K, 100% used [0x0000000672200000, 0x00000006a2550000, 0x00000006a2550000)
  from space 98688K,  29% used [0x00000006a2550000, 0x00000006a41863f0, 0x00000006a85b0000)
  to   space 98688K,   0% used [0x00000006a85b0000, 0x00000006a85b0000, 0x00000006ae610000)
 tenured generation   total 1974308K, used 1935219K [0x00000006e16a0000, 0x0000000759ea9000, 0x00000007c0000000)
   the space 1974308K,  98% used [0x00000006e16a0000, 0x000000075787cf98, 0x000000075787d000, 0x0000000759ea9000)
 Metaspace       used 20345K, capacity 20920K, committed 23296K, reserved 1069056K
  class space    used 2303K, capacity 2457K, committed 2816K, reserved 1048576K
Event: 393.133 GC heap after
Heap after GC invocations=317 (full 11):
 def new generation   total 888512K, used 58343K [0x0000000672200000, 0x00000006ae610000, 0x00000006e16a0000)
  eden space 789824K,   0% used [0x0000000672200000, 0x0000000672200000, 0x00000006a2550000)
  from space 98688K,  59% used [0x00000006a85b0000, 0x00000006abea9c40, 0x00000006ae610000)
  to   space 98688K,   0% used [0x00000006a2550000, 0x00000006a2550000, 0x00000006a85b0000)
 tenured generation   total 1974308K, used 1935219K [0x00000006e16a0000, 0x0000000759ea9000, 0x00000007c0000000)
   the space 1974308K,  98% used [0x00000006e16a0000, 0x000000075787cf98, 0x000000075787d000, 0x0000000759ea9000)
 Metaspace       used 20345K, capacity 20920K, committed 23296K, reserved 1069056K
  class space    used 2303K, capacity 2457K, committed 2816K, reserved 1048576K
}
Event: 396.389 GC heap before
{Heap before GC invocations=317 (full 11):
 def new generation   total 888512K, used 848167K [0x0000000672200000, 0x00000006ae610000, 0x00000006e16a0000)
  eden space 789824K, 100% used [0x0000000672200000, 0x00000006a2550000, 0x00000006a2550000)
  from space 98688K,  59% used [0x00000006a85b0000, 0x00000006abea9c40, 0x00000006ae610000)
  to   space 98688K,   0% used [0x00000006a2550000, 0x00000006a2550000, 0x00000006a85b0000)
 tenured generation   total 1974308K, used 1935219K [0x00000006e16a0000, 0x0000000759ea9000, 0x00000007c0000000)
   the space 1974308K,  98% used [0x00000006e16a0000, 0x000000075787cf98, 0x000000075787d000, 0x0000000759ea9000)
 Metaspace       used 20345K, capacity 20920K, committed 23296K, reserved 1069056K
  class space    used 2303K, capacity 2457K, committed 2816K, reserved 1048576K
Event: 396.874 GC heap after
Heap after GC invocations=318 (full 11):
 def new generation   total 888512K, used 58757K [0x0000000672200000, 0x00000006ae610000, 0x00000006e16a0000)
  eden space 789824K,   0% used [0x0000000672200000, 0x0000000672200000, 0x00000006a2550000)
  from space 98688K,  59% used [0x00000006a2550000, 0x00000006a5eb16c8, 0x00000006a85b0000)
  to   space 98688K,   0% used [0x00000006a85b0000, 0x00000006a85b0000, 0x00000006ae610000)
 tenured generation   total 1974308K, used 1964075K [0x00000006e16a0000, 0x0000000759ea9000, 0x00000007c0000000)
   the space 1974308K,  99% used [0x00000006e16a0000, 0x00000007594aafd0, 0x00000007594ab000, 0x0000000759ea9000)
 Metaspace       used 20345K, capacity 20920K, committed 23296K, reserved 1069056K
  class space    used 2303K, capacity 2457K, committed 2816K, reserved 1048576K
}
Event: 400.729 GC heap before
{Heap before GC invocations=318 (full 11):
 def new generation   total 888512K, used 848581K [0x0000000672200000, 0x00000006ae610000, 0x00000006e16a0000)
  eden space 789824K, 100% used [0x0000000672200000, 0x00000006a2550000, 0x00000006a2550000)
  from space 98688K,  59% used [0x00000006a2550000, 0x00000006a5eb16c8, 0x00000006a85b0000)
  to   space 98688K,   0% used [0x00000006a85b0000, 0x00000006a85b0000, 0x00000006ae610000)
 tenured generation   total 1974308K, used 1964075K [0x00000006e16a0000, 0x0000000759ea9000, 0x00000007c0000000)
   the space 1974308K,  99% used [0x00000006e16a0000, 0x00000007594aafd0, 0x00000007594ab000, 0x0000000759ea9000)
 Metaspace       used 20345K, capacity 20920K, committed 23296K, reserved 1069056K
  class space    used 2303K, capacity 2457K, committed 2816K, reserved 1048576K

