# JRE version: OpenJDK Runtime Environment (8.0_162-b12) (build 1.8.0_162-8u162-b12-0ubuntu0.16.04.2-b12)
# Java VM: OpenJDK 64-Bit Server VM (25.162-b12 mixed mode linux-amd64 compressed oops)
Heap:
 def new generation   total 962432K, used 60255K [0x0000000672200000, 0x00000006b3640000, 0x00000006e16a0000)
  eden space 855552K,   7% used [0x0000000672200000, 0x0000000675cd7fd8, 0x00000006a6580000)
  from space 106880K,   0% used [0x00000006a6580000, 0x00000006a6580000, 0x00000006acde0000)
  to   space 106880K,   0% used [0x00000006acde0000, 0x00000006acde0000, 0x00000006b3640000)
 tenured generation   total 2153172K, used 2153171K [0x00000006e16a0000, 0x0000000764d55000, 0x00000007c0000000)
   the space 2153172K,  99% used [0x00000006e16a0000, 0x0000000764d54ff0, 0x0000000764d55000, 0x0000000764d55000)
 Metaspace       used 20331K, capacity 20868K, committed 23296K, reserved 1069056K
  class space    used 2303K, capacity 2457K, committed 2816K, reserved 1048576K
GC Heap History (10 events):
Event: 861.629 GC heap after
Heap after GC invocations=379 (full 12):
 def new generation   total 962432K, used 58763K [0x0000000672200000, 0x00000006b3640000, 0x00000006e16a0000)
  eden space 855552K,   0% used [0x0000000672200000, 0x0000000672200000, 0x00000006a6580000)
  from space 106880K,  54% used [0x00000006acde0000, 0x00000006b0742e38, 0x00000006b3640000)
  to   space 106880K,   0% used [0x00000006a6580000, 0x00000006a6580000, 0x00000006acde0000)
 tenured generation   total 2138580K, used 2007126K [0x00000006e16a0000, 0x0000000763f15000, 0x00000007c0000000)
   the space 2138580K,  93% used [0x00000006e16a0000, 0x000000075beb58e0, 0x000000075beb5a00, 0x0000000763f15000)
 Metaspace       used 20330K, capacity 20868K, committed 23296K, reserved 1069056K
  class space    used 2303K, capacity 2457K, committed 2816K, reserved 1048576K
}
Event: 866.109 GC heap before
{Heap before GC invocations=379 (full 12):
 def new generation   total 962432K, used 914315K [0x0000000672200000, 0x00000006b3640000, 0x00000006e16a0000)
  eden space 855552K, 100% used [0x0000000672200000, 0x00000006a6580000, 0x00000006a6580000)
  from space 106880K,  54% used [0x00000006acde0000, 0x00000006b0742e38, 0x00000006b3640000)
  to   space 106880K,   0% used [0x00000006a6580000, 0x00000006a6580000, 0x00000006acde0000)
 tenured generation   total 2138580K, used 2007126K [0x00000006e16a0000, 0x0000000763f15000, 0x00000007c0000000)
   the space 2138580K,  93% used [0x00000006e16a0000, 0x000000075beb58e0, 0x000000075beb5a00, 0x0000000763f15000)
 Metaspace       used 20330K, capacity 20868K, committed 23296K, reserved 1069056K
  class space    used 2303K, capacity 2457K, committed 2816K, reserved 1048576K
Event: 866.514 GC heap after
Heap after GC invocations=380 (full 12):
 def new generation   total 962432K, used 58673K [0x0000000672200000, 0x00000006b3640000, 0x00000006e16a0000)
  eden space 855552K,   0% used [0x0000000672200000, 0x0000000672200000, 0x00000006a6580000)
  from space 106880K,  54% used [0x00000006a6580000, 0x00000006a9ecc710, 0x00000006acde0000)
  to   space 106880K,   0% used [0x00000006acde0000, 0x00000006acde0000, 0x00000006b3640000)
 tenured generation   total 2138580K, used 2036559K [0x00000006e16a0000, 0x0000000763f15000, 0x00000007c0000000)
   the space 2138580K,  95% used [0x00000006e16a0000, 0x000000075db73eb8, 0x000000075db74000, 0x0000000763f15000)
 Metaspace       used 20330K, capacity 20868K, committed 23296K, reserved 1069056K
  class space    used 2303K, capacity 2457K, committed 2816K, reserved 1048576K
}
Event: 871.361 GC heap before
{Heap before GC invocations=380 (full 12):
 def new generation   total 962432K, used 914225K [0x0000000672200000, 0x00000006b3640000, 0x00000006e16a0000)
  eden space 855552K, 100% used [0x0000000672200000, 0x00000006a6580000, 0x00000006a6580000)
  from space 106880K,  54% used [0x00000006a6580000, 0x00000006a9ecc710, 0x00000006acde0000)
  to   space 106880K,   0% used [0x00000006acde0000, 0x00000006acde0000, 0x00000006b3640000)
 tenured generation   total 2138580K, used 2036559K [0x00000006e16a0000, 0x0000000763f15000, 0x00000007c0000000)
   the space 2138580K,  95% used [0x00000006e16a0000, 0x000000075db73eb8, 0x000000075db74000, 0x0000000763f15000)
 Metaspace       used 20331K, capacity 20868K, committed 23296K, reserved 1069056K
  class space    used 2303K, capacity 2457K, committed 2816K, reserved 1048576K
Event: 871.758 GC heap after
Heap after GC invocations=381 (full 12):
 def new generation   total 962432K, used 58198K [0x0000000672200000, 0x00000006b3640000, 0x00000006e16a0000)
  eden space 855552K,   0% used [0x0000000672200000, 0x0000000672200000, 0x00000006a6580000)
  from space 106880K,  54% used [0x00000006acde0000, 0x00000006b06b5998, 0x00000006b3640000)
  to   space 106880K,   0% used [0x00000006a6580000, 0x00000006a6580000, 0x00000006acde0000)
 tenured generation   total 2138580K, used 2065856K [0x00000006e16a0000, 0x0000000763f15000, 0x00000007c0000000)
   the space 2138580K,  96% used [0x00000006e16a0000, 0x000000075f810280, 0x000000075f810400, 0x0000000763f15000)
 Metaspace       used 20331K, capacity 20868K, committed 23296K, reserved 1069056K
  class space    used 2303K, capacity 2457K, committed 2816K, reserved 1048576K
}
Event: 876.657 GC heap before
{Heap before GC invocations=381 (full 12):
 def new generation   total 962432K, used 913750K [0x0000000672200000, 0x00000006b3640000, 0x00000006e16a0000)
  eden space 855552K, 100% used [0x0000000672200000, 0x00000006a6580000, 0x00000006a6580000)
  from space 106880K,  54% used [0x00000006acde0000, 0x00000006b06b5998, 0x00000006b3640000)
  to   space 106880K,   0% used [0x00000006a6580000, 0x00000006a6580000, 0x00000006acde0000)
 tenured generation   total 2138580K, used 2065856K [0x00000006e16a0000, 0x0000000763f15000, 0x00000007c0000000)
   the space 2138580K,  96% used [0x00000006e16a0000, 0x000000075f810280, 0x000000075f810400, 0x0000000763f15000)
 Metaspace       used 20331K, capacity 20868K, committed 23296K, reserved 1069056K
  class space    used 2303K, capacity 2457K, committed 2816K, reserved 1048576K
Event: 877.044 GC heap after
Heap after GC invocations=382 (full 12):
 def new generation   total 962432K, used 57971K [0x0000000672200000, 0x00000006b3640000, 0x00000006e16a0000)
  eden space 855552K,   0% used [0x0000000672200000, 0x0000000672200000, 0x00000006a6580000)
  from space 106880K,  54% used [0x00000006a6580000, 0x00000006a9e1cf48, 0x00000006acde0000)
  to   space 106880K,   0% used [0x00000006acde0000, 0x00000006acde0000, 0x00000006b3640000)
 tenured generation   total 2138580K, used 2095200K [0x00000006e16a0000, 0x0000000763f15000, 0x00000007c0000000)
   the space 2138580K,  97% used [0x00000006e16a0000, 0x00000007614b8180, 0x00000007614b8200, 0x0000000763f15000)
 Metaspace       used 20331K, capacity 20868K, committed 23296K, reserved 1069056K
  class space    used 2303K, capacity 2457K, committed 2816K, reserved 1048576K
}
Event: 881.806 GC heap before
{Heap before GC invocations=382 (full 12):
 def new generation   total 962432K, used 913523K [0x0000000672200000, 0x00000006b3640000, 0x00000006e16a0000)
  eden space 855552K, 100% used [0x0000000672200000, 0x00000006a6580000, 0x00000006a6580000)
  from space 106880K,  54% used [0x00000006a6580000, 0x00000006a9e1cf48, 0x00000006acde0000)
  to   space 106880K,   0% used [0x00000006acde0000, 0x00000006acde0000, 0x00000006b3640000)
 tenured generation   total 2138580K, used 2095200K [0x00000006e16a0000, 0x0000000763f15000, 0x00000007c0000000)
   the space 2138580K,  97% used [0x00000006e16a0000, 0x00000007614b8180, 0x00000007614b8200, 0x0000000763f15000)
 Metaspace       used 20331K, capacity 20868K, committed 23296K, reserved 1069056K
  class space    used 2303K, capacity 2457K, committed 2816K, reserved 1048576K
Event: 882.185 GC heap after
Heap after GC invocations=383 (full 12):
 def new generation   total 962432K, used 58281K [0x0000000672200000, 0x00000006b3640000, 0x00000006e16a0000)
  eden space 855552K,   0% used [0x0000000672200000, 0x0000000672200000, 0x00000006a6580000)
  from space 106880K,  54% used [0x00000006acde0000, 0x00000006b06ca558, 0x00000006b3640000)
  to   space 106880K,   0% used [0x00000006a6580000, 0x00000006a6580000, 0x00000006acde0000)
 tenured generation   total 2138580K, used 2124005K [0x00000006e16a0000, 0x0000000763f15000, 0x00000007c0000000)
   the space 2138580K,  99% used [0x00000006e16a0000, 0x00000007630d9670, 0x00000007630d9800, 0x0000000763f15000)
 Metaspace       used 20331K, capacity 20868K, committed 23296K, reserved 1069056K
  class space    used 2303K, capacity 2457K, committed 2816K, reserved 1048576K
}
Event: 886.628 GC heap before
{Heap before GC invocations=383 (full 12):
 def new generation   total 962432K, used 913833K [0x0000000672200000, 0x00000006b3640000, 0x00000006e16a0000)
  eden space 855552K, 100% used [0x0000000672200000, 0x00000006a6580000, 0x00000006a6580000)
  from space 106880K,  54% used [0x00000006acde0000, 0x00000006b06ca558, 0x00000006b3640000)
  to   space 106880K,   0% used [0x00000006a6580000, 0x00000006a6580000, 0x00000006acde0000)
 tenured generation   total 2138580K, used 2124005K [0x00000006e16a0000, 0x0000000763f15000, 0x00000007c0000000)
   the space 2138580K,  99% used [0x00000006e16a0000, 0x00000007630d9670, 0x00000007630d9800, 0x0000000763f15000)
 Metaspace       used 20331K, capacity 20868K, committed 23296K, reserved 1069056K
  class space    used 2303K, capacity 2457K, committed 2816K, reserved 1048576K

