# JRE version: OpenJDK Runtime Environment (8.0_162-b12) (build 1.8.0_162-8u162-b12-0ubuntu0.16.04.2-b12)
# Java VM: OpenJDK 64-Bit Server VM (25.162-b12 mixed mode linux-amd64 compressed oops)
Heap:
 def new generation   total 906304K, used 0K [0x0000000672200000, 0x00000006af960000, 0x00000006e16a0000)
  eden space 805632K,   0% used [0x0000000672200000, 0x0000000672200000, 0x00000006a34c0000)
  from space 100672K,   0% used [0x00000006a9710000, 0x00000006a9710000, 0x00000006af960000)
  to   space 100672K,   0% used [0x00000006a34c0000, 0x00000006a34c0000, 0x00000006a9710000)
 tenured generation   total 2022084K, used 2014512K [0x00000006e16a0000, 0x000000075cd51000, 0x00000007c0000000)
   the space 2022084K,  99% used [0x00000006e16a0000, 0x000000075c5ec200, 0x000000075c5ec200, 0x000000075cd51000)
 Metaspace       used 20323K, capacity 20852K, committed 21552K, reserved 1069056K
  class space    used 2303K, capacity 2457K, committed 2688K, reserved 1048576K
GC Heap History (10 events):
Event: 406.294 GC heap after
Heap after GC invocations=339 (full 11):
 def new generation   total 906304K, used 87802K [0x0000000672200000, 0x00000006af960000, 0x00000006e16a0000)
  eden space 805632K,   0% used [0x0000000672200000, 0x0000000672200000, 0x00000006a34c0000)
  from space 100672K,  87% used [0x00000006a34c0000, 0x00000006a8a7eb48, 0x00000006a9710000)
  to   space 100672K,   0% used [0x00000006a9710000, 0x00000006a9710000, 0x00000006af960000)
 tenured generation   total 2013828K, used 1849754K [0x00000006e16a0000, 0x000000075c541000, 0x00000007c0000000)
   the space 2013828K,  91% used [0x00000006e16a0000, 0x0000000752506a40, 0x0000000752506c00, 0x000000075c541000)
 Metaspace       used 20323K, capacity 20852K, committed 21552K, reserved 1069056K
  class space    used 2303K, capacity 2457K, committed 2688K, reserved 1048576K
}
Event: 412.422 GC heap before
{Heap before GC invocations=339 (full 11):
 def new generation   total 906304K, used 893434K [0x0000000672200000, 0x00000006af960000, 0x00000006e16a0000)
  eden space 805632K, 100% used [0x0000000672200000, 0x00000006a34c0000, 0x00000006a34c0000)
  from space 100672K,  87% used [0x00000006a34c0000, 0x00000006a8a7eb48, 0x00000006a9710000)
  to   space 100672K,   0% used [0x00000006a9710000, 0x00000006a9710000, 0x00000006af960000)
 tenured generation   total 2013828K, used 1849754K [0x00000006e16a0000, 0x000000075c541000, 0x00000007c0000000)
   the space 2013828K,  91% used [0x00000006e16a0000, 0x0000000752506a40, 0x0000000752506c00, 0x000000075c541000)
 Metaspace       used 20323K, capacity 20852K, committed 21552K, reserved 1069056K
  class space    used 2303K, capacity 2457K, committed 2688K, reserved 1048576K
Event: 412.882 GC heap after
Heap after GC invocations=340 (full 11):
 def new generation   total 906304K, used 27560K [0x0000000672200000, 0x00000006af960000, 0x00000006e16a0000)
  eden space 805632K,   0% used [0x0000000672200000, 0x0000000672200000, 0x00000006a34c0000)
  from space 100672K,  27% used [0x00000006a9710000, 0x00000006ab1fa1e0, 0x00000006af960000)
  to   space 100672K,   0% used [0x00000006a34c0000, 0x00000006a34c0000, 0x00000006a9710000)
 tenured generation   total 2013828K, used 1937457K [0x00000006e16a0000, 0x000000075c541000, 0x00000007c0000000)
   the space 2013828K,  96% used [0x00000006e16a0000, 0x0000000757aac768, 0x0000000757aac800, 0x000000075c541000)
 Metaspace       used 20323K, capacity 20852K, committed 21552K, reserved 1069056K
  class space    used 2303K, capacity 2457K, committed 2688K, reserved 1048576K
}
Event: 418.488 GC heap before
{Heap before GC invocations=340 (full 11):
 def new generation   total 906304K, used 833192K [0x0000000672200000, 0x00000006af960000, 0x00000006e16a0000)
  eden space 805632K, 100% used [0x0000000672200000, 0x00000006a34c0000, 0x00000006a34c0000)
  from space 100672K,  27% used [0x00000006a9710000, 0x00000006ab1fa1e0, 0x00000006af960000)
  to   space 100672K,   0% used [0x00000006a34c0000, 0x00000006a34c0000, 0x00000006a9710000)
 tenured generation   total 2013828K, used 1937457K [0x00000006e16a0000, 0x000000075c541000, 0x00000007c0000000)
   the space 2013828K,  96% used [0x00000006e16a0000, 0x0000000757aac768, 0x0000000757aac800, 0x000000075c541000)
 Metaspace       used 20323K, capacity 20852K, committed 21552K, reserved 1069056K
  class space    used 2303K, capacity 2457K, committed 2688K, reserved 1048576K
Event: 418.908 GC heap after
Heap after GC invocations=341 (full 11):
 def new generation   total 906304K, used 55728K [0x0000000672200000, 0x00000006af960000, 0x00000006e16a0000)
  eden space 805632K,   0% used [0x0000000672200000, 0x0000000672200000, 0x00000006a34c0000)
  from space 100672K,  55% used [0x00000006a34c0000, 0x00000006a6b2c0c8, 0x00000006a9710000)
  to   space 100672K,   0% used [0x00000006a9710000, 0x00000006a9710000, 0x00000006af960000)
 tenured generation   total 2013828K, used 1937457K [0x00000006e16a0000, 0x000000075c541000, 0x00000007c0000000)
   the space 2013828K,  96% used [0x00000006e16a0000, 0x0000000757aac768, 0x0000000757aac800, 0x000000075c541000)
 Metaspace       used 20323K, capacity 20852K, committed 21552K, reserved 1069056K
  class space    used 2303K, capacity 2457K, committed 2688K, reserved 1048576K
}
Event: 424.242 GC heap before
{Heap before GC invocations=341 (full 11):
 def new generation   total 906304K, used 861360K [0x0000000672200000, 0x00000006af960000, 0x00000006e16a0000)
  eden space 805632K, 100% used [0x0000000672200000, 0x00000006a34c0000, 0x00000006a34c0000)
  from space 100672K,  55% used [0x00000006a34c0000, 0x00000006a6b2c0c8, 0x00000006a9710000)
  to   space 100672K,   0% used [0x00000006a9710000, 0x00000006a9710000, 0x00000006af960000)
 tenured generation   total 2013828K, used 1937457K [0x00000006e16a0000, 0x000000075c541000, 0x00000007c0000000)
   the space 2013828K,  96% used [0x00000006e16a0000, 0x0000000757aac768, 0x0000000757aac800, 0x000000075c541000)
 Metaspace       used 20323K, capacity 20852K, committed 21552K, reserved 1069056K
  class space    used 2303K, capacity 2457K, committed 2688K, reserved 1048576K
Event: 424.730 GC heap after
Heap after GC invocations=342 (full 11):
 def new generation   total 906304K, used 57195K [0x0000000672200000, 0x00000006af960000, 0x00000006e16a0000)
  eden space 805632K,   0% used [0x0000000672200000, 0x0000000672200000, 0x00000006a34c0000)
  from space 100672K,  56% used [0x00000006a9710000, 0x00000006aceead10, 0x00000006af960000)
  to   space 100672K,   0% used [0x00000006a34c0000, 0x00000006a34c0000, 0x00000006a9710000)
 tenured generation   total 2013828K, used 1964849K [0x00000006e16a0000, 0x000000075c541000, 0x00000007c0000000)
   the space 2013828K,  97% used [0x00000006e16a0000, 0x000000075956c4d8, 0x000000075956c600, 0x000000075c541000)
 Metaspace       used 20323K, capacity 20852K, committed 21552K, reserved 1069056K
  class space    used 2303K, capacity 2457K, committed 2688K, reserved 1048576K
}
Event: 430.737 GC heap before
{Heap before GC invocations=342 (full 11):
 def new generation   total 906304K, used 862827K [0x0000000672200000, 0x00000006af960000, 0x00000006e16a0000)
  eden space 805632K, 100% used [0x0000000672200000, 0x00000006a34c0000, 0x00000006a34c0000)
  from space 100672K,  56% used [0x00000006a9710000, 0x00000006aceead10, 0x00000006af960000)
  to   space 100672K,   0% used [0x00000006a34c0000, 0x00000006a34c0000, 0x00000006a9710000)
 tenured generation   total 2013828K, used 1964849K [0x00000006e16a0000, 0x000000075c541000, 0x00000007c0000000)
   the space 2013828K,  97% used [0x00000006e16a0000, 0x000000075956c4d8, 0x000000075956c600, 0x000000075c541000)
 Metaspace       used 20323K, capacity 20852K, committed 21552K, reserved 1069056K
  class space    used 2303K, capacity 2457K, committed 2688K, reserved 1048576K
Event: 431.256 GC heap after
Heap after GC invocations=343 (full 11):
 def new generation   total 906304K, used 56584K [0x0000000672200000, 0x00000006af960000, 0x00000006e16a0000)
  eden space 805632K,   0% used [0x0000000672200000, 0x0000000672200000, 0x00000006a34c0000)
  from space 100672K,  56% used [0x00000006a34c0000, 0x00000006a6c02370, 0x00000006a9710000)
  to   space 100672K,   0% used [0x00000006a9710000, 0x00000006a9710000, 0x00000006af960000)
 tenured generation   total 2013828K, used 1993119K [0x00000006e16a0000, 0x000000075c541000, 0x00000007c0000000)
   the space 2013828K,  98% used [0x00000006e16a0000, 0x000000075b107fa0, 0x000000075b108000, 0x000000075c541000)
 Metaspace       used 20323K, capacity 20852K, committed 21552K, reserved 1069056K
  class space    used 2303K, capacity 2457K, committed 2688K, reserved 1048576K
}
Event: 437.756 GC heap before
{Heap before GC invocations=343 (full 11):
 def new generation   total 906304K, used 862216K [0x0000000672200000, 0x00000006af960000, 0x00000006e16a0000)
  eden space 805632K, 100% used [0x0000000672200000, 0x00000006a34c0000, 0x00000006a34c0000)
  from space 100672K,  56% used [0x00000006a34c0000, 0x00000006a6c02370, 0x00000006a9710000)
  to   space 100672K,   0% used [0x00000006a9710000, 0x00000006a9710000, 0x00000006af960000)
 tenured generation   total 2013828K, used 1993119K [0x00000006e16a0000, 0x000000075c541000, 0x00000007c0000000)
   the space 2013828K,  98% used [0x00000006e16a0000, 0x000000075b107fa0, 0x000000075b108000, 0x000000075c541000)
 Metaspace       used 20323K, capacity 20852K, committed 21552K, reserved 1069056K
  class space    used 2303K, capacity 2457K, committed 2688K, reserved 1048576K

