# JRE version: OpenJDK Runtime Environment (8.0_151-b12) (build 1.8.0_151-8u151-b12-0ubuntu0.16.04.2-b12)
# Java VM: OpenJDK 64-Bit Server VM (25.151-b12 mixed mode linux-amd64 compressed oops)
# JRE version: OpenJDK Runtime Environment (8.0_151-b12) (build 1.8.0_151-8u151-b12-0ubuntu0.16.04.2-b12)
# Java VM: OpenJDK 64-Bit Server VM (25.151-b12 mixed mode linux-amd64 compressed oops)
Heap:
 def new generation   total 38784K, used 23463K [0x0000000672200000, 0x0000000674c10000, 0x00000006e16a0000)
  eden space 34496K,  68% used [0x0000000672200000, 0x00000006738e99b0, 0x00000006743b0000)
  from space 4288K,   0% used [0x00000006747e0000, 0x00000006747e0440, 0x0000000674c10000)
  to   space 4288K,   0% used [0x00000006743b0000, 0x00000006743b0000, 0x00000006747e0000)
 tenured generation   total 86016K, used 29910K [0x00000006e16a0000, 0x00000006e6aa0000, 0x00000007c0000000)
   the space 86016K,  34% used [0x00000006e16a0000, 0x00000006e33d5b20, 0x00000006e33d5c00, 0x00000006e6aa0000)
 Metaspace       used 19703K, capacity 20302K, committed 21552K, reserved 1069056K
  class space    used 2308K, capacity 2486K, committed 2816K, reserved 1048576K
GC Heap History (10 events):
Event: 238.871 GC heap before
{Heap before GC invocations=350 (full 1):
 def new generation   total 38784K, used 34497K [0x0000000672200000, 0x0000000674c10000, 0x00000006e16a0000)
  eden space 34496K, 100% used [0x0000000672200000, 0x00000006743b0000, 0x00000006743b0000)
  from space 4288K,   0% used [0x00000006743b0000, 0x00000006743b0470, 0x00000006747e0000)
  to   space 4288K,   0% used [0x00000006747e0000, 0x00000006747e0000, 0x0000000674c10000)
 tenured generation   total 86016K, used 29910K [0x00000006e16a0000, 0x00000006e6aa0000, 0x00000007c0000000)
   the space 86016K,  34% used [0x00000006e16a0000, 0x00000006e33d5b20, 0x00000006e33d5c00, 0x00000006e6aa0000)
 Metaspace       used 19699K, capacity 20302K, committed 21552K, reserved 1069056K
  class space    used 2308K, capacity 2486K, committed 2816K, reserved 1048576K
Event: 238.872 GC heap after
Heap after GC invocations=351 (full 1):
 def new generation   total 38784K, used 1K [0x0000000672200000, 0x0000000674c10000, 0x00000006e16a0000)
  eden space 34496K,   0% used [0x0000000672200000, 0x0000000672200000, 0x00000006743b0000)
  from space 4288K,   0% used [0x00000006747e0000, 0x00000006747e0430, 0x0000000674c10000)
  to   space 4288K,   0% used [0x00000006743b0000, 0x00000006743b0000, 0x00000006747e0000)
 tenured generation   total 86016K, used 29910K [0x00000006e16a0000, 0x00000006e6aa0000, 0x00000007c0000000)
   the space 86016K,  34% used [0x00000006e16a0000, 0x00000006e33d5b20, 0x00000006e33d5c00, 0x00000006e6aa0000)
 Metaspace       used 19699K, capacity 20302K, committed 21552K, reserved 1069056K
  class space    used 2308K, capacity 2486K, committed 2816K, reserved 1048576K
}
Event: 239.789 GC heap before
{Heap before GC invocations=351 (full 1):
 def new generation   total 38784K, used 34497K [0x0000000672200000, 0x0000000674c10000, 0x00000006e16a0000)
  eden space 34496K, 100% used [0x0000000672200000, 0x00000006743b0000, 0x00000006743b0000)
  from space 4288K,   0% used [0x00000006747e0000, 0x00000006747e0430, 0x0000000674c10000)
  to   space 4288K,   0% used [0x00000006743b0000, 0x00000006743b0000, 0x00000006747e0000)
 tenured generation   total 86016K, used 29910K [0x00000006e16a0000, 0x00000006e6aa0000, 0x00000007c0000000)
   the space 86016K,  34% used [0x00000006e16a0000, 0x00000006e33d5b20, 0x00000006e33d5c00, 0x00000006e6aa0000)
 Metaspace       used 19699K, capacity 20302K, committed 21552K, reserved 1069056K
  class space    used 2308K, capacity 2486K, committed 2816K, reserved 1048576K
Event: 239.791 GC heap after
Heap after GC invocations=352 (full 1):
 def new generation   total 38784K, used 1K [0x0000000672200000, 0x0000000674c10000, 0x00000006e16a0000)
  eden space 34496K,   0% used [0x0000000672200000, 0x0000000672200000, 0x00000006743b0000)
  from space 4288K,   0% used [0x00000006743b0000, 0x00000006743b0448, 0x00000006747e0000)
  to   space 4288K,   0% used [0x00000006747e0000, 0x00000006747e0000, 0x0000000674c10000)
 tenured generation   total 86016K, used 29910K [0x00000006e16a0000, 0x00000006e6aa0000, 0x00000007c0000000)
   the space 86016K,  34% used [0x00000006e16a0000, 0x00000006e33d5b20, 0x00000006e33d5c00, 0x00000006e6aa0000)
 Metaspace       used 19699K, capacity 20302K, committed 21552K, reserved 1069056K
  class space    used 2308K, capacity 2486K, committed 2816K, reserved 1048576K
}
Event: 240.522 GC heap before
{Heap before GC invocations=352 (full 1):
 def new generation   total 38784K, used 34497K [0x0000000672200000, 0x0000000674c10000, 0x00000006e16a0000)
  eden space 34496K, 100% used [0x0000000672200000, 0x00000006743b0000, 0x00000006743b0000)
  from space 4288K,   0% used [0x00000006743b0000, 0x00000006743b0448, 0x00000006747e0000)
  to   space 4288K,   0% used [0x00000006747e0000, 0x00000006747e0000, 0x0000000674c10000)
 tenured generation   total 86016K, used 29910K [0x00000006e16a0000, 0x00000006e6aa0000, 0x00000007c0000000)
   the space 86016K,  34% used [0x00000006e16a0000, 0x00000006e33d5b20, 0x00000006e33d5c00, 0x00000006e6aa0000)
 Metaspace       used 19699K, capacity 20302K, committed 21552K, reserved 1069056K
  class space    used 2308K, capacity 2486K, committed 2816K, reserved 1048576K
Event: 240.524 GC heap after
Heap after GC invocations=353 (full 1):
 def new generation   total 38784K, used 0K [0x0000000672200000, 0x0000000674c10000, 0x00000006e16a0000)
  eden space 34496K,   0% used [0x0000000672200000, 0x0000000672200000, 0x00000006743b0000)
  from space 4288K,   0% used [0x00000006747e0000, 0x00000006747e03f8, 0x0000000674c10000)
  to   space 4288K,   0% used [0x00000006743b0000, 0x00000006743b0000, 0x00000006747e0000)
 tenured generation   total 86016K, used 29910K [0x00000006e16a0000, 0x00000006e6aa0000, 0x00000007c0000000)
   the space 86016K,  34% used [0x00000006e16a0000, 0x00000006e33d5b20, 0x00000006e33d5c00, 0x00000006e6aa0000)
 Metaspace       used 19699K, capacity 20302K, committed 21552K, reserved 1069056K
  class space    used 2308K, capacity 2486K, committed 2816K, reserved 1048576K
}
Event: 241.659 GC heap before
{Heap before GC invocations=353 (full 1):
 def new generation   total 38784K, used 34496K [0x0000000672200000, 0x0000000674c10000, 0x00000006e16a0000)
  eden space 34496K, 100% used [0x0000000672200000, 0x00000006743b0000, 0x00000006743b0000)
  from space 4288K,   0% used [0x00000006747e0000, 0x00000006747e03f8, 0x0000000674c10000)
  to   space 4288K,   0% used [0x00000006743b0000, 0x00000006743b0000, 0x00000006747e0000)
 tenured generation   total 86016K, used 29910K [0x00000006e16a0000, 0x00000006e6aa0000, 0x00000007c0000000)
   the space 86016K,  34% used [0x00000006e16a0000, 0x00000006e33d5b20, 0x00000006e33d5c00, 0x00000006e6aa0000)
 Metaspace       used 19699K, capacity 20302K, committed 21552K, reserved 1069056K
  class space    used 2308K, capacity 2486K, committed 2816K, reserved 1048576K
Event: 241.661 GC heap after
Heap after GC invocations=354 (full 1):
 def new generation   total 38784K, used 1K [0x0000000672200000, 0x0000000674c10000, 0x00000006e16a0000)
  eden space 34496K,   0% used [0x0000000672200000, 0x0000000672200000, 0x00000006743b0000)
  from space 4288K,   0% used [0x00000006743b0000, 0x00000006743b0490, 0x00000006747e0000)
  to   space 4288K,   0% used [0x00000006747e0000, 0x00000006747e0000, 0x0000000674c10000)
 tenured generation   total 86016K, used 29910K [0x00000006e16a0000, 0x00000006e6aa0000, 0x00000007c0000000)
   the space 86016K,  34% used [0x00000006e16a0000, 0x00000006e33d5b20, 0x00000006e33d5c00, 0x00000006e6aa0000)
 Metaspace       used 19699K, capacity 20302K, committed 21552K, reserved 1069056K
  class space    used 2308K, capacity 2486K, committed 2816K, reserved 1048576K
}
Event: 242.778 GC heap before
{Heap before GC invocations=354 (full 1):
 def new generation   total 38784K, used 34497K [0x0000000672200000, 0x0000000674c10000, 0x00000006e16a0000)
  eden space 34496K, 100% used [0x0000000672200000, 0x00000006743b0000, 0x00000006743b0000)
  from space 4288K,   0% used [0x00000006743b0000, 0x00000006743b0490, 0x00000006747e0000)
  to   space 4288K,   0% used [0x00000006747e0000, 0x00000006747e0000, 0x0000000674c10000)
 tenured generation   total 86016K, used 29910K [0x00000006e16a0000, 0x00000006e6aa0000, 0x00000007c0000000)
   the space 86016K,  34% used [0x00000006e16a0000, 0x00000006e33d5b20, 0x00000006e33d5c00, 0x00000006e6aa0000)
 Metaspace       used 19699K, capacity 20302K, committed 21552K, reserved 1069056K
  class space    used 2308K, capacity 2486K, committed 2816K, reserved 1048576K
Event: 242.780 GC heap after
Heap after GC invocations=355 (full 1):
 def new generation   total 38784K, used 1K [0x0000000672200000, 0x0000000674c10000, 0x00000006e16a0000)
  eden space 34496K,   0% used [0x0000000672200000, 0x0000000672200000, 0x00000006743b0000)
  from space 4288K,   0% used [0x00000006747e0000, 0x00000006747e0440, 0x0000000674c10000)
  to   space 4288K,   0% used [0x00000006743b0000, 0x00000006743b0000, 0x00000006747e0000)
 tenured generation   total 86016K, used 29910K [0x00000006e16a0000, 0x00000006e6aa0000, 0x00000007c0000000)
   the space 86016K,  34% used [0x00000006e16a0000, 0x00000006e33d5b20, 0x00000006e33d5c00, 0x00000006e6aa0000)
 Metaspace       used 19699K, capacity 20302K, committed 21552K, reserved 1069056K
  class space    used 2308K, capacity 2486K, committed 2816K, reserved 1048576K
}

