# JRE version: OpenJDK Runtime Environment (8.0_151-b12) (build 1.8.0_151-8u151-b12-0ubuntu0.16.04.2-b12)
# Java VM: OpenJDK 64-Bit Server VM (25.151-b12 mixed mode linux-amd64 compressed oops)
# JRE version: OpenJDK Runtime Environment (8.0_151-b12) (build 1.8.0_151-8u151-b12-0ubuntu0.16.04.2-b12)
# Java VM: OpenJDK 64-Bit Server VM (25.151-b12 mixed mode linux-amd64 compressed oops)
Heap:
 def new generation   total 38784K, used 11040K [0x0000000672200000, 0x0000000674c10000, 0x00000006e16a0000)
  eden space 34496K,  32% used [0x0000000672200000, 0x0000000672cc7d78, 0x00000006743b0000)
  from space 4288K,   0% used [0x00000006747e0000, 0x00000006747e03d0, 0x0000000674c10000)
  to   space 4288K,   0% used [0x00000006743b0000, 0x00000006743b0000, 0x00000006747e0000)
 tenured generation   total 86016K, used 29257K [0x00000006e16a0000, 0x00000006e6aa0000, 0x00000007c0000000)
   the space 86016K,  34% used [0x00000006e16a0000, 0x00000006e3332418, 0x00000006e3332600, 0x00000006e6aa0000)
 Metaspace       used 19625K, capacity 20234K, committed 21504K, reserved 1069056K
  class space    used 2308K, capacity 2486K, committed 2816K, reserved 1048576K
GC Heap History (10 events):
Event: 184.400 GC heap before
{Heap before GC invocations=264 (full 1):
 def new generation   total 38784K, used 34496K [0x0000000672200000, 0x0000000674c10000, 0x00000006e16a0000)
  eden space 34496K, 100% used [0x0000000672200000, 0x00000006743b0000, 0x00000006743b0000)
  from space 4288K,   0% used [0x00000006743b0000, 0x00000006743b0360, 0x00000006747e0000)
  to   space 4288K,   0% used [0x00000006747e0000, 0x00000006747e0000, 0x0000000674c10000)
 tenured generation   total 86016K, used 29257K [0x00000006e16a0000, 0x00000006e6aa0000, 0x00000007c0000000)
   the space 86016K,  34% used [0x00000006e16a0000, 0x00000006e3332418, 0x00000006e3332600, 0x00000006e6aa0000)
 Metaspace       used 19623K, capacity 20234K, committed 21504K, reserved 1069056K
  class space    used 2308K, capacity 2486K, committed 2816K, reserved 1048576K
Event: 184.401 GC heap after
Heap after GC invocations=265 (full 1):
 def new generation   total 38784K, used 0K [0x0000000672200000, 0x0000000674c10000, 0x00000006e16a0000)
  eden space 34496K,   0% used [0x0000000672200000, 0x0000000672200000, 0x00000006743b0000)
  from space 4288K,   0% used [0x00000006747e0000, 0x00000006747e03a8, 0x0000000674c10000)
  to   space 4288K,   0% used [0x00000006743b0000, 0x00000006743b0000, 0x00000006747e0000)
 tenured generation   total 86016K, used 29257K [0x00000006e16a0000, 0x00000006e6aa0000, 0x00000007c0000000)
   the space 86016K,  34% used [0x00000006e16a0000, 0x00000006e3332418, 0x00000006e3332600, 0x00000006e6aa0000)
 Metaspace       used 19623K, capacity 20234K, committed 21504K, reserved 1069056K
  class space    used 2308K, capacity 2486K, committed 2816K, reserved 1048576K
}
Event: 185.127 GC heap before
{Heap before GC invocations=265 (full 1):
 def new generation   total 38784K, used 34496K [0x0000000672200000, 0x0000000674c10000, 0x00000006e16a0000)
  eden space 34496K, 100% used [0x0000000672200000, 0x00000006743b0000, 0x00000006743b0000)
  from space 4288K,   0% used [0x00000006747e0000, 0x00000006747e03a8, 0x0000000674c10000)
  to   space 4288K,   0% used [0x00000006743b0000, 0x00000006743b0000, 0x00000006747e0000)
 tenured generation   total 86016K, used 29257K [0x00000006e16a0000, 0x00000006e6aa0000, 0x00000007c0000000)
   the space 86016K,  34% used [0x00000006e16a0000, 0x00000006e3332418, 0x00000006e3332600, 0x00000006e6aa0000)
 Metaspace       used 19623K, capacity 20234K, committed 21504K, reserved 1069056K
  class space    used 2308K, capacity 2486K, committed 2816K, reserved 1048576K
Event: 185.128 GC heap after
Heap after GC invocations=266 (full 1):
 def new generation   total 38784K, used 0K [0x0000000672200000, 0x0000000674c10000, 0x00000006e16a0000)
  eden space 34496K,   0% used [0x0000000672200000, 0x0000000672200000, 0x00000006743b0000)
  from space 4288K,   0% used [0x00000006743b0000, 0x00000006743b03c0, 0x00000006747e0000)
  to   space 4288K,   0% used [0x00000006747e0000, 0x00000006747e0000, 0x0000000674c10000)
 tenured generation   total 86016K, used 29257K [0x00000006e16a0000, 0x00000006e6aa0000, 0x00000007c0000000)
   the space 86016K,  34% used [0x00000006e16a0000, 0x00000006e3332418, 0x00000006e3332600, 0x00000006e6aa0000)
 Metaspace       used 19623K, capacity 20234K, committed 21504K, reserved 1069056K
  class space    used 2308K, capacity 2486K, committed 2816K, reserved 1048576K
}
Event: 185.921 GC heap before
{Heap before GC invocations=266 (full 1):
 def new generation   total 38784K, used 34496K [0x0000000672200000, 0x0000000674c10000, 0x00000006e16a0000)
  eden space 34496K, 100% used [0x0000000672200000, 0x00000006743b0000, 0x00000006743b0000)
  from space 4288K,   0% used [0x00000006743b0000, 0x00000006743b03c0, 0x00000006747e0000)
  to   space 4288K,   0% used [0x00000006747e0000, 0x00000006747e0000, 0x0000000674c10000)
 tenured generation   total 86016K, used 29257K [0x00000006e16a0000, 0x00000006e6aa0000, 0x00000007c0000000)
   the space 86016K,  34% used [0x00000006e16a0000, 0x00000006e3332418, 0x00000006e3332600, 0x00000006e6aa0000)
 Metaspace       used 19623K, capacity 20234K, committed 21504K, reserved 1069056K
  class space    used 2308K, capacity 2486K, committed 2816K, reserved 1048576K
Event: 185.922 GC heap after
Heap after GC invocations=267 (full 1):
 def new generation   total 38784K, used 0K [0x0000000672200000, 0x0000000674c10000, 0x00000006e16a0000)
  eden space 34496K,   0% used [0x0000000672200000, 0x0000000672200000, 0x00000006743b0000)
  from space 4288K,   0% used [0x00000006747e0000, 0x00000006747e03b8, 0x0000000674c10000)
  to   space 4288K,   0% used [0x00000006743b0000, 0x00000006743b0000, 0x00000006747e0000)
 tenured generation   total 86016K, used 29257K [0x00000006e16a0000, 0x00000006e6aa0000, 0x00000007c0000000)
   the space 86016K,  34% used [0x00000006e16a0000, 0x00000006e3332418, 0x00000006e3332600, 0x00000006e6aa0000)
 Metaspace       used 19623K, capacity 20234K, committed 21504K, reserved 1069056K
  class space    used 2308K, capacity 2486K, committed 2816K, reserved 1048576K
}
Event: 186.635 GC heap before
{Heap before GC invocations=267 (full 1):
 def new generation   total 38784K, used 34496K [0x0000000672200000, 0x0000000674c10000, 0x00000006e16a0000)
  eden space 34496K, 100% used [0x0000000672200000, 0x00000006743b0000, 0x00000006743b0000)
  from space 4288K,   0% used [0x00000006747e0000, 0x00000006747e03b8, 0x0000000674c10000)
  to   space 4288K,   0% used [0x00000006743b0000, 0x00000006743b0000, 0x00000006747e0000)
 tenured generation   total 86016K, used 29257K [0x00000006e16a0000, 0x00000006e6aa0000, 0x00000007c0000000)
   the space 86016K,  34% used [0x00000006e16a0000, 0x00000006e3332418, 0x00000006e3332600, 0x00000006e6aa0000)
 Metaspace       used 19623K, capacity 20234K, committed 21504K, reserved 1069056K
  class space    used 2308K, capacity 2486K, committed 2816K, reserved 1048576K
Event: 186.636 GC heap after
Heap after GC invocations=268 (full 1):
 def new generation   total 38784K, used 1K [0x0000000672200000, 0x0000000674c10000, 0x00000006e16a0000)
  eden space 34496K,   0% used [0x0000000672200000, 0x0000000672200000, 0x00000006743b0000)
  from space 4288K,   0% used [0x00000006743b0000, 0x00000006743b0408, 0x00000006747e0000)
  to   space 4288K,   0% used [0x00000006747e0000, 0x00000006747e0000, 0x0000000674c10000)
 tenured generation   total 86016K, used 29257K [0x00000006e16a0000, 0x00000006e6aa0000, 0x00000007c0000000)
   the space 86016K,  34% used [0x00000006e16a0000, 0x00000006e3332418, 0x00000006e3332600, 0x00000006e6aa0000)
 Metaspace       used 19623K, capacity 20234K, committed 21504K, reserved 1069056K
  class space    used 2308K, capacity 2486K, committed 2816K, reserved 1048576K
}
Event: 187.306 GC heap before
{Heap before GC invocations=268 (full 1):
 def new generation   total 38784K, used 34497K [0x0000000672200000, 0x0000000674c10000, 0x00000006e16a0000)
  eden space 34496K, 100% used [0x0000000672200000, 0x00000006743b0000, 0x00000006743b0000)
  from space 4288K,   0% used [0x00000006743b0000, 0x00000006743b0408, 0x00000006747e0000)
  to   space 4288K,   0% used [0x00000006747e0000, 0x00000006747e0000, 0x0000000674c10000)
 tenured generation   total 86016K, used 29257K [0x00000006e16a0000, 0x00000006e6aa0000, 0x00000007c0000000)
   the space 86016K,  34% used [0x00000006e16a0000, 0x00000006e3332418, 0x00000006e3332600, 0x00000006e6aa0000)
 Metaspace       used 19623K, capacity 20234K, committed 21504K, reserved 1069056K
  class space    used 2308K, capacity 2486K, committed 2816K, reserved 1048576K
Event: 187.307 GC heap after
Heap after GC invocations=269 (full 1):
 def new generation   total 38784K, used 0K [0x0000000672200000, 0x0000000674c10000, 0x00000006e16a0000)
  eden space 34496K,   0% used [0x0000000672200000, 0x0000000672200000, 0x00000006743b0000)
  from space 4288K,   0% used [0x00000006747e0000, 0x00000006747e03d0, 0x0000000674c10000)
  to   space 4288K,   0% used [0x00000006743b0000, 0x00000006743b0000, 0x00000006747e0000)
 tenured generation   total 86016K, used 29257K [0x00000006e16a0000, 0x00000006e6aa0000, 0x00000007c0000000)
   the space 86016K,  34% used [0x00000006e16a0000, 0x00000006e3332418, 0x00000006e3332600, 0x00000006e6aa0000)
 Metaspace       used 19623K, capacity 20234K, committed 21504K, reserved 1069056K
  class space    used 2308K, capacity 2486K, committed 2816K, reserved 1048576K
}

