# JRE version: OpenJDK Runtime Environment (8.0_151-b12) (build 1.8.0_151-8u151-b12-0ubuntu0.16.04.2-b12)
# Java VM: OpenJDK 64-Bit Server VM (25.151-b12 mixed mode linux-amd64 compressed oops)
# JRE version: OpenJDK Runtime Environment (8.0_151-b12) (build 1.8.0_151-8u151-b12-0ubuntu0.16.04.2-b12)
# Java VM: OpenJDK 64-Bit Server VM (25.151-b12 mixed mode linux-amd64 compressed oops)
Heap:
 def new generation   total 38784K, used 11040K [0x0000000672200000, 0x0000000674c10000, 0x00000006e16a0000)
  eden space 34496K,  32% used [0x0000000672200000, 0x0000000672cc7d58, 0x00000006743b0000)
  from space 4288K,   0% used [0x00000006747e0000, 0x00000006747e0400, 0x0000000674c10000)
  to   space 4288K,   0% used [0x00000006743b0000, 0x00000006743b0000, 0x00000006747e0000)
 tenured generation   total 86016K, used 29268K [0x00000006e16a0000, 0x00000006e6aa0000, 0x00000007c0000000)
   the space 86016K,  34% used [0x00000006e16a0000, 0x00000006e33353e8, 0x00000006e3335400, 0x00000006e6aa0000)
 Metaspace       used 19644K, capacity 20234K, committed 21552K, reserved 1069056K
  class space    used 2308K, capacity 2486K, committed 2816K, reserved 1048576K
GC Heap History (10 events):
Event: 182.951 GC heap before
{Heap before GC invocations=264 (full 1):
 def new generation   total 38784K, used 34496K [0x0000000672200000, 0x0000000674c10000, 0x00000006e16a0000)
  eden space 34496K, 100% used [0x0000000672200000, 0x00000006743b0000, 0x00000006743b0000)
  from space 4288K,   0% used [0x00000006743b0000, 0x00000006743b0348, 0x00000006747e0000)
  to   space 4288K,   0% used [0x00000006747e0000, 0x00000006747e0000, 0x0000000674c10000)
 tenured generation   total 86016K, used 29268K [0x00000006e16a0000, 0x00000006e6aa0000, 0x00000007c0000000)
   the space 86016K,  34% used [0x00000006e16a0000, 0x00000006e33353e8, 0x00000006e3335400, 0x00000006e6aa0000)
 Metaspace       used 19640K, capacity 20234K, committed 21552K, reserved 1069056K
  class space    used 2308K, capacity 2486K, committed 2816K, reserved 1048576K
Event: 182.953 GC heap after
Heap after GC invocations=265 (full 1):
 def new generation   total 38784K, used 0K [0x0000000672200000, 0x0000000674c10000, 0x00000006e16a0000)
  eden space 34496K,   0% used [0x0000000672200000, 0x0000000672200000, 0x00000006743b0000)
  from space 4288K,   0% used [0x00000006747e0000, 0x00000006747e03d8, 0x0000000674c10000)
  to   space 4288K,   0% used [0x00000006743b0000, 0x00000006743b0000, 0x00000006747e0000)
 tenured generation   total 86016K, used 29268K [0x00000006e16a0000, 0x00000006e6aa0000, 0x00000007c0000000)
   the space 86016K,  34% used [0x00000006e16a0000, 0x00000006e33353e8, 0x00000006e3335400, 0x00000006e6aa0000)
 Metaspace       used 19640K, capacity 20234K, committed 21552K, reserved 1069056K
  class space    used 2308K, capacity 2486K, committed 2816K, reserved 1048576K
}
Event: 183.730 GC heap before
{Heap before GC invocations=265 (full 1):
 def new generation   total 38784K, used 34496K [0x0000000672200000, 0x0000000674c10000, 0x00000006e16a0000)
  eden space 34496K, 100% used [0x0000000672200000, 0x00000006743b0000, 0x00000006743b0000)
  from space 4288K,   0% used [0x00000006747e0000, 0x00000006747e03d8, 0x0000000674c10000)
  to   space 4288K,   0% used [0x00000006743b0000, 0x00000006743b0000, 0x00000006747e0000)
 tenured generation   total 86016K, used 29268K [0x00000006e16a0000, 0x00000006e6aa0000, 0x00000007c0000000)
   the space 86016K,  34% used [0x00000006e16a0000, 0x00000006e33353e8, 0x00000006e3335400, 0x00000006e6aa0000)
 Metaspace       used 19640K, capacity 20234K, committed 21552K, reserved 1069056K
  class space    used 2308K, capacity 2486K, committed 2816K, reserved 1048576K
Event: 183.732 GC heap after
Heap after GC invocations=266 (full 1):
 def new generation   total 38784K, used 1K [0x0000000672200000, 0x0000000674c10000, 0x00000006e16a0000)
  eden space 34496K,   0% used [0x0000000672200000, 0x0000000672200000, 0x00000006743b0000)
  from space 4288K,   0% used [0x00000006743b0000, 0x00000006743b0438, 0x00000006747e0000)
  to   space 4288K,   0% used [0x00000006747e0000, 0x00000006747e0000, 0x0000000674c10000)
 tenured generation   total 86016K, used 29268K [0x00000006e16a0000, 0x00000006e6aa0000, 0x00000007c0000000)
   the space 86016K,  34% used [0x00000006e16a0000, 0x00000006e33353e8, 0x00000006e3335400, 0x00000006e6aa0000)
 Metaspace       used 19640K, capacity 20234K, committed 21552K, reserved 1069056K
  class space    used 2308K, capacity 2486K, committed 2816K, reserved 1048576K
}
Event: 184.598 GC heap before
{Heap before GC invocations=266 (full 1):
 def new generation   total 38784K, used 34497K [0x0000000672200000, 0x0000000674c10000, 0x00000006e16a0000)
  eden space 34496K, 100% used [0x0000000672200000, 0x00000006743b0000, 0x00000006743b0000)
  from space 4288K,   0% used [0x00000006743b0000, 0x00000006743b0438, 0x00000006747e0000)
  to   space 4288K,   0% used [0x00000006747e0000, 0x00000006747e0000, 0x0000000674c10000)
 tenured generation   total 86016K, used 29268K [0x00000006e16a0000, 0x00000006e6aa0000, 0x00000007c0000000)
   the space 86016K,  34% used [0x00000006e16a0000, 0x00000006e33353e8, 0x00000006e3335400, 0x00000006e6aa0000)
 Metaspace       used 19640K, capacity 20234K, committed 21552K, reserved 1069056K
  class space    used 2308K, capacity 2486K, committed 2816K, reserved 1048576K
Event: 184.599 GC heap after
Heap after GC invocations=267 (full 1):
 def new generation   total 38784K, used 1K [0x0000000672200000, 0x0000000674c10000, 0x00000006e16a0000)
  eden space 34496K,   0% used [0x0000000672200000, 0x0000000672200000, 0x00000006743b0000)
  from space 4288K,   0% used [0x00000006747e0000, 0x00000006747e0478, 0x0000000674c10000)
  to   space 4288K,   0% used [0x00000006743b0000, 0x00000006743b0000, 0x00000006747e0000)
 tenured generation   total 86016K, used 29268K [0x00000006e16a0000, 0x00000006e6aa0000, 0x00000007c0000000)
   the space 86016K,  34% used [0x00000006e16a0000, 0x00000006e33353e8, 0x00000006e3335400, 0x00000006e6aa0000)
 Metaspace       used 19640K, capacity 20234K, committed 21552K, reserved 1069056K
  class space    used 2308K, capacity 2486K, committed 2816K, reserved 1048576K
}
Event: 185.392 GC heap before
{Heap before GC invocations=267 (full 1):
 def new generation   total 38784K, used 34497K [0x0000000672200000, 0x0000000674c10000, 0x00000006e16a0000)
  eden space 34496K, 100% used [0x0000000672200000, 0x00000006743b0000, 0x00000006743b0000)
  from space 4288K,   0% used [0x00000006747e0000, 0x00000006747e0478, 0x0000000674c10000)
  to   space 4288K,   0% used [0x00000006743b0000, 0x00000006743b0000, 0x00000006747e0000)
 tenured generation   total 86016K, used 29268K [0x00000006e16a0000, 0x00000006e6aa0000, 0x00000007c0000000)
   the space 86016K,  34% used [0x00000006e16a0000, 0x00000006e33353e8, 0x00000006e3335400, 0x00000006e6aa0000)
 Metaspace       used 19640K, capacity 20234K, committed 21552K, reserved 1069056K
  class space    used 2308K, capacity 2486K, committed 2816K, reserved 1048576K
Event: 185.393 GC heap after
Heap after GC invocations=268 (full 1):
 def new generation   total 38784K, used 1K [0x0000000672200000, 0x0000000674c10000, 0x00000006e16a0000)
  eden space 34496K,   0% used [0x0000000672200000, 0x0000000672200000, 0x00000006743b0000)
  from space 4288K,   0% used [0x00000006743b0000, 0x00000006743b0448, 0x00000006747e0000)
  to   space 4288K,   0% used [0x00000006747e0000, 0x00000006747e0000, 0x0000000674c10000)
 tenured generation   total 86016K, used 29268K [0x00000006e16a0000, 0x00000006e6aa0000, 0x00000007c0000000)
   the space 86016K,  34% used [0x00000006e16a0000, 0x00000006e33353e8, 0x00000006e3335400, 0x00000006e6aa0000)
 Metaspace       used 19640K, capacity 20234K, committed 21552K, reserved 1069056K
  class space    used 2308K, capacity 2486K, committed 2816K, reserved 1048576K
}
Event: 186.127 GC heap before
{Heap before GC invocations=268 (full 1):
 def new generation   total 38784K, used 34497K [0x0000000672200000, 0x0000000674c10000, 0x00000006e16a0000)
  eden space 34496K, 100% used [0x0000000672200000, 0x00000006743b0000, 0x00000006743b0000)
  from space 4288K,   0% used [0x00000006743b0000, 0x00000006743b0448, 0x00000006747e0000)
  to   space 4288K,   0% used [0x00000006747e0000, 0x00000006747e0000, 0x0000000674c10000)
 tenured generation   total 86016K, used 29268K [0x00000006e16a0000, 0x00000006e6aa0000, 0x00000007c0000000)
   the space 86016K,  34% used [0x00000006e16a0000, 0x00000006e33353e8, 0x00000006e3335400, 0x00000006e6aa0000)
 Metaspace       used 19640K, capacity 20234K, committed 21552K, reserved 1069056K
  class space    used 2308K, capacity 2486K, committed 2816K, reserved 1048576K
Event: 186.129 GC heap after
Heap after GC invocations=269 (full 1):
 def new generation   total 38784K, used 1K [0x0000000672200000, 0x0000000674c10000, 0x00000006e16a0000)
  eden space 34496K,   0% used [0x0000000672200000, 0x0000000672200000, 0x00000006743b0000)
  from space 4288K,   0% used [0x00000006747e0000, 0x00000006747e0400, 0x0000000674c10000)
  to   space 4288K,   0% used [0x00000006743b0000, 0x00000006743b0000, 0x00000006747e0000)
 tenured generation   total 86016K, used 29268K [0x00000006e16a0000, 0x00000006e6aa0000, 0x00000007c0000000)
   the space 86016K,  34% used [0x00000006e16a0000, 0x00000006e33353e8, 0x00000006e3335400, 0x00000006e6aa0000)
 Metaspace       used 19640K, capacity 20234K, committed 21552K, reserved 1069056K
  class space    used 2308K, capacity 2486K, committed 2816K, reserved 1048576K
}

