# JRE version: OpenJDK Runtime Environment (8.0_151-b12) (build 1.8.0_151-8u151-b12-0ubuntu0.16.04.2-b12)
# Java VM: OpenJDK 64-Bit Server VM (25.151-b12 mixed mode linux-amd64 compressed oops)
# JRE version: OpenJDK Runtime Environment (8.0_151-b12) (build 1.8.0_151-8u151-b12-0ubuntu0.16.04.2-b12)
# Java VM: OpenJDK 64-Bit Server VM (25.151-b12 mixed mode linux-amd64 compressed oops)
Heap:
 def new generation   total 38784K, used 20700K [0x0000000672200000, 0x0000000674c10000, 0x00000006e16a0000)
  eden space 34496K,  60% used [0x0000000672200000, 0x0000000673636e38, 0x00000006743b0000)
  from space 4288K,   0% used [0x00000006743b0000, 0x00000006743b03d8, 0x00000006747e0000)
  to   space 4288K,   0% used [0x00000006747e0000, 0x00000006747e0000, 0x0000000674c10000)
 tenured generation   total 86016K, used 31783K [0x00000006e16a0000, 0x00000006e6aa0000, 0x00000007c0000000)
   the space 86016K,  36% used [0x00000006e16a0000, 0x00000006e35a9df8, 0x00000006e35a9e00, 0x00000006e6aa0000)
 Metaspace       used 19623K, capacity 20234K, committed 21552K, reserved 1069056K
  class space    used 2308K, capacity 2486K, committed 2816K, reserved 1048576K
GC Heap History (10 events):
Event: 269.987 GC heap before
{Heap before GC invocations=379 (full 1):
 def new generation   total 38784K, used 34496K [0x0000000672200000, 0x0000000674c10000, 0x00000006e16a0000)
  eden space 34496K, 100% used [0x0000000672200000, 0x00000006743b0000, 0x00000006743b0000)
  from space 4288K,   0% used [0x00000006747e0000, 0x00000006747e03a8, 0x0000000674c10000)
  to   space 4288K,   0% used [0x00000006743b0000, 0x00000006743b0000, 0x00000006747e0000)
 tenured generation   total 86016K, used 31783K [0x00000006e16a0000, 0x00000006e6aa0000, 0x00000007c0000000)
   the space 86016K,  36% used [0x00000006e16a0000, 0x00000006e35a9df8, 0x00000006e35a9e00, 0x00000006e6aa0000)
 Metaspace       used 19621K, capacity 20226K, committed 21552K, reserved 1069056K
  class space    used 2308K, capacity 2486K, committed 2816K, reserved 1048576K
Event: 269.989 GC heap after
Heap after GC invocations=380 (full 1):
 def new generation   total 38784K, used 1K [0x0000000672200000, 0x0000000674c10000, 0x00000006e16a0000)
  eden space 34496K,   0% used [0x0000000672200000, 0x0000000672200000, 0x00000006743b0000)
  from space 4288K,   0% used [0x00000006743b0000, 0x00000006743b04b8, 0x00000006747e0000)
  to   space 4288K,   0% used [0x00000006747e0000, 0x00000006747e0000, 0x0000000674c10000)
 tenured generation   total 86016K, used 31783K [0x00000006e16a0000, 0x00000006e6aa0000, 0x00000007c0000000)
   the space 86016K,  36% used [0x00000006e16a0000, 0x00000006e35a9df8, 0x00000006e35a9e00, 0x00000006e6aa0000)
 Metaspace       used 19621K, capacity 20226K, committed 21552K, reserved 1069056K
  class space    used 2308K, capacity 2486K, committed 2816K, reserved 1048576K
}
Event: 270.904 GC heap before
{Heap before GC invocations=380 (full 1):
 def new generation   total 38784K, used 34497K [0x0000000672200000, 0x0000000674c10000, 0x00000006e16a0000)
  eden space 34496K, 100% used [0x0000000672200000, 0x00000006743b0000, 0x00000006743b0000)
  from space 4288K,   0% used [0x00000006743b0000, 0x00000006743b04b8, 0x00000006747e0000)
  to   space 4288K,   0% used [0x00000006747e0000, 0x00000006747e0000, 0x0000000674c10000)
 tenured generation   total 86016K, used 31783K [0x00000006e16a0000, 0x00000006e6aa0000, 0x00000007c0000000)
   the space 86016K,  36% used [0x00000006e16a0000, 0x00000006e35a9df8, 0x00000006e35a9e00, 0x00000006e6aa0000)
 Metaspace       used 19621K, capacity 20226K, committed 21552K, reserved 1069056K
  class space    used 2308K, capacity 2486K, committed 2816K, reserved 1048576K
Event: 270.905 GC heap after
Heap after GC invocations=381 (full 1):
 def new generation   total 38784K, used 1K [0x0000000672200000, 0x0000000674c10000, 0x00000006e16a0000)
  eden space 34496K,   0% used [0x0000000672200000, 0x0000000672200000, 0x00000006743b0000)
  from space 4288K,   0% used [0x00000006747e0000, 0x00000006747e0410, 0x0000000674c10000)
  to   space 4288K,   0% used [0x00000006743b0000, 0x00000006743b0000, 0x00000006747e0000)
 tenured generation   total 86016K, used 31783K [0x00000006e16a0000, 0x00000006e6aa0000, 0x00000007c0000000)
   the space 86016K,  36% used [0x00000006e16a0000, 0x00000006e35a9df8, 0x00000006e35a9e00, 0x00000006e6aa0000)
 Metaspace       used 19621K, capacity 20226K, committed 21552K, reserved 1069056K
  class space    used 2308K, capacity 2486K, committed 2816K, reserved 1048576K
}
Event: 271.752 GC heap before
{Heap before GC invocations=381 (full 1):
 def new generation   total 38784K, used 34497K [0x0000000672200000, 0x0000000674c10000, 0x00000006e16a0000)
  eden space 34496K, 100% used [0x0000000672200000, 0x00000006743b0000, 0x00000006743b0000)
  from space 4288K,   0% used [0x00000006747e0000, 0x00000006747e0410, 0x0000000674c10000)
  to   space 4288K,   0% used [0x00000006743b0000, 0x00000006743b0000, 0x00000006747e0000)
 tenured generation   total 86016K, used 31783K [0x00000006e16a0000, 0x00000006e6aa0000, 0x00000007c0000000)
   the space 86016K,  36% used [0x00000006e16a0000, 0x00000006e35a9df8, 0x00000006e35a9e00, 0x00000006e6aa0000)
 Metaspace       used 19621K, capacity 20226K, committed 21552K, reserved 1069056K
  class space    used 2308K, capacity 2486K, committed 2816K, reserved 1048576K
Event: 271.753 GC heap after
Heap after GC invocations=382 (full 1):
 def new generation   total 38784K, used 1K [0x0000000672200000, 0x0000000674c10000, 0x00000006e16a0000)
  eden space 34496K,   0% used [0x0000000672200000, 0x0000000672200000, 0x00000006743b0000)
  from space 4288K,   0% used [0x00000006743b0000, 0x00000006743b0470, 0x00000006747e0000)
  to   space 4288K,   0% used [0x00000006747e0000, 0x00000006747e0000, 0x0000000674c10000)
 tenured generation   total 86016K, used 31783K [0x00000006e16a0000, 0x00000006e6aa0000, 0x00000007c0000000)
   the space 86016K,  36% used [0x00000006e16a0000, 0x00000006e35a9df8, 0x00000006e35a9e00, 0x00000006e6aa0000)
 Metaspace       used 19621K, capacity 20226K, committed 21552K, reserved 1069056K
  class space    used 2308K, capacity 2486K, committed 2816K, reserved 1048576K
}
Event: 272.533 GC heap before
{Heap before GC invocations=382 (full 1):
 def new generation   total 38784K, used 34497K [0x0000000672200000, 0x0000000674c10000, 0x00000006e16a0000)
  eden space 34496K, 100% used [0x0000000672200000, 0x00000006743b0000, 0x00000006743b0000)
  from space 4288K,   0% used [0x00000006743b0000, 0x00000006743b0470, 0x00000006747e0000)
  to   space 4288K,   0% used [0x00000006747e0000, 0x00000006747e0000, 0x0000000674c10000)
 tenured generation   total 86016K, used 31783K [0x00000006e16a0000, 0x00000006e6aa0000, 0x00000007c0000000)
   the space 86016K,  36% used [0x00000006e16a0000, 0x00000006e35a9df8, 0x00000006e35a9e00, 0x00000006e6aa0000)
 Metaspace       used 19621K, capacity 20226K, committed 21552K, reserved 1069056K
  class space    used 2308K, capacity 2486K, committed 2816K, reserved 1048576K
Event: 272.534 GC heap after
Heap after GC invocations=383 (full 1):
 def new generation   total 38784K, used 1K [0x0000000672200000, 0x0000000674c10000, 0x00000006e16a0000)
  eden space 34496K,   0% used [0x0000000672200000, 0x0000000672200000, 0x00000006743b0000)
  from space 4288K,   0% used [0x00000006747e0000, 0x00000006747e0490, 0x0000000674c10000)
  to   space 4288K,   0% used [0x00000006743b0000, 0x00000006743b0000, 0x00000006747e0000)
 tenured generation   total 86016K, used 31783K [0x00000006e16a0000, 0x00000006e6aa0000, 0x00000007c0000000)
   the space 86016K,  36% used [0x00000006e16a0000, 0x00000006e35a9df8, 0x00000006e35a9e00, 0x00000006e6aa0000)
 Metaspace       used 19621K, capacity 20226K, committed 21552K, reserved 1069056K
  class space    used 2308K, capacity 2486K, committed 2816K, reserved 1048576K
}
Event: 273.290 GC heap before
{Heap before GC invocations=383 (full 1):
 def new generation   total 38784K, used 34497K [0x0000000672200000, 0x0000000674c10000, 0x00000006e16a0000)
  eden space 34496K, 100% used [0x0000000672200000, 0x00000006743b0000, 0x00000006743b0000)
  from space 4288K,   0% used [0x00000006747e0000, 0x00000006747e0490, 0x0000000674c10000)
  to   space 4288K,   0% used [0x00000006743b0000, 0x00000006743b0000, 0x00000006747e0000)
 tenured generation   total 86016K, used 31783K [0x00000006e16a0000, 0x00000006e6aa0000, 0x00000007c0000000)
   the space 86016K,  36% used [0x00000006e16a0000, 0x00000006e35a9df8, 0x00000006e35a9e00, 0x00000006e6aa0000)
 Metaspace       used 19621K, capacity 20226K, committed 21552K, reserved 1069056K
  class space    used 2308K, capacity 2486K, committed 2816K, reserved 1048576K
Event: 273.291 GC heap after
Heap after GC invocations=384 (full 1):
 def new generation   total 38784K, used 0K [0x0000000672200000, 0x0000000674c10000, 0x00000006e16a0000)
  eden space 34496K,   0% used [0x0000000672200000, 0x0000000672200000, 0x00000006743b0000)
  from space 4288K,   0% used [0x00000006743b0000, 0x00000006743b03d8, 0x00000006747e0000)
  to   space 4288K,   0% used [0x00000006747e0000, 0x00000006747e0000, 0x0000000674c10000)
 tenured generation   total 86016K, used 31783K [0x00000006e16a0000, 0x00000006e6aa0000, 0x00000007c0000000)
   the space 86016K,  36% used [0x00000006e16a0000, 0x00000006e35a9df8, 0x00000006e35a9e00, 0x00000006e6aa0000)
 Metaspace       used 19621K, capacity 20226K, committed 21552K, reserved 1069056K
  class space    used 2308K, capacity 2486K, committed 2816K, reserved 1048576K
}

