# JRE version: OpenJDK Runtime Environment (8.0_151-b12) (build 1.8.0_151-8u151-b12-0ubuntu0.16.04.2-b12)
# Java VM: OpenJDK 64-Bit Server VM (25.151-b12 mixed mode linux-amd64 compressed oops)
# JRE version: OpenJDK Runtime Environment (8.0_151-b12) (build 1.8.0_151-8u151-b12-0ubuntu0.16.04.2-b12)
# Java VM: OpenJDK 64-Bit Server VM (25.151-b12 mixed mode linux-amd64 compressed oops)
Heap:
 def new generation   total 38784K, used 4146K [0x0000000672200000, 0x0000000674c10000, 0x00000006e16a0000)
  eden space 34496K,  12% used [0x0000000672200000, 0x000000067260c4b8, 0x00000006743b0000)
  from space 4288K,   0% used [0x00000006743b0000, 0x00000006743b0408, 0x00000006747e0000)
  to   space 4288K,   0% used [0x00000006747e0000, 0x00000006747e0000, 0x0000000674c10000)
 tenured generation   total 86016K, used 29666K [0x00000006e16a0000, 0x00000006e6aa0000, 0x00000007c0000000)
   the space 86016K,  34% used [0x00000006e16a0000, 0x00000006e3398bc0, 0x00000006e3398c00, 0x00000006e6aa0000)
 Metaspace       used 19674K, capacity 20238K, committed 21552K, reserved 1069056K
  class space    used 2308K, capacity 2486K, committed 2816K, reserved 1048576K
GC Heap History (10 events):
Event: 222.392 GC heap before
{Heap before GC invocations=329 (full 1):
 def new generation   total 38784K, used 34497K [0x0000000672200000, 0x0000000674c10000, 0x00000006e16a0000)
  eden space 34496K, 100% used [0x0000000672200000, 0x00000006743b0000, 0x00000006743b0000)
  from space 4288K,   0% used [0x00000006747e0000, 0x00000006747e0420, 0x0000000674c10000)
  to   space 4288K,   0% used [0x00000006743b0000, 0x00000006743b0000, 0x00000006747e0000)
 tenured generation   total 86016K, used 29666K [0x00000006e16a0000, 0x00000006e6aa0000, 0x00000007c0000000)
   the space 86016K,  34% used [0x00000006e16a0000, 0x00000006e3398bc0, 0x00000006e3398c00, 0x00000006e6aa0000)
 Metaspace       used 19671K, capacity 20238K, committed 21552K, reserved 1069056K
  class space    used 2308K, capacity 2486K, committed 2816K, reserved 1048576K
Event: 222.393 GC heap after
Heap after GC invocations=330 (full 1):
 def new generation   total 38784K, used 0K [0x0000000672200000, 0x0000000674c10000, 0x00000006e16a0000)
  eden space 34496K,   0% used [0x0000000672200000, 0x0000000672200000, 0x00000006743b0000)
  from space 4288K,   0% used [0x00000006743b0000, 0x00000006743b03d8, 0x00000006747e0000)
  to   space 4288K,   0% used [0x00000006747e0000, 0x00000006747e0000, 0x0000000674c10000)
 tenured generation   total 86016K, used 29666K [0x00000006e16a0000, 0x00000006e6aa0000, 0x00000007c0000000)
   the space 86016K,  34% used [0x00000006e16a0000, 0x00000006e3398bc0, 0x00000006e3398c00, 0x00000006e6aa0000)
 Metaspace       used 19671K, capacity 20238K, committed 21552K, reserved 1069056K
  class space    used 2308K, capacity 2486K, committed 2816K, reserved 1048576K
}
Event: 223.297 GC heap before
{Heap before GC invocations=330 (full 1):
 def new generation   total 38784K, used 34496K [0x0000000672200000, 0x0000000674c10000, 0x00000006e16a0000)
  eden space 34496K, 100% used [0x0000000672200000, 0x00000006743b0000, 0x00000006743b0000)
  from space 4288K,   0% used [0x00000006743b0000, 0x00000006743b03d8, 0x00000006747e0000)
  to   space 4288K,   0% used [0x00000006747e0000, 0x00000006747e0000, 0x0000000674c10000)
 tenured generation   total 86016K, used 29666K [0x00000006e16a0000, 0x00000006e6aa0000, 0x00000007c0000000)
   the space 86016K,  34% used [0x00000006e16a0000, 0x00000006e3398bc0, 0x00000006e3398c00, 0x00000006e6aa0000)
 Metaspace       used 19671K, capacity 20238K, committed 21552K, reserved 1069056K
  class space    used 2308K, capacity 2486K, committed 2816K, reserved 1048576K
Event: 223.299 GC heap after
Heap after GC invocations=331 (full 1):
 def new generation   total 38784K, used 1K [0x0000000672200000, 0x0000000674c10000, 0x00000006e16a0000)
  eden space 34496K,   0% used [0x0000000672200000, 0x0000000672200000, 0x00000006743b0000)
  from space 4288K,   0% used [0x00000006747e0000, 0x00000006747e0438, 0x0000000674c10000)
  to   space 4288K,   0% used [0x00000006743b0000, 0x00000006743b0000, 0x00000006747e0000)
 tenured generation   total 86016K, used 29666K [0x00000006e16a0000, 0x00000006e6aa0000, 0x00000007c0000000)
   the space 86016K,  34% used [0x00000006e16a0000, 0x00000006e3398bc0, 0x00000006e3398c00, 0x00000006e6aa0000)
 Metaspace       used 19671K, capacity 20238K, committed 21552K, reserved 1069056K
  class space    used 2308K, capacity 2486K, committed 2816K, reserved 1048576K
}
Event: 224.251 GC heap before
{Heap before GC invocations=331 (full 1):
 def new generation   total 38784K, used 34497K [0x0000000672200000, 0x0000000674c10000, 0x00000006e16a0000)
  eden space 34496K, 100% used [0x0000000672200000, 0x00000006743b0000, 0x00000006743b0000)
  from space 4288K,   0% used [0x00000006747e0000, 0x00000006747e0438, 0x0000000674c10000)
  to   space 4288K,   0% used [0x00000006743b0000, 0x00000006743b0000, 0x00000006747e0000)
 tenured generation   total 86016K, used 29666K [0x00000006e16a0000, 0x00000006e6aa0000, 0x00000007c0000000)
   the space 86016K,  34% used [0x00000006e16a0000, 0x00000006e3398bc0, 0x00000006e3398c00, 0x00000006e6aa0000)
 Metaspace       used 19671K, capacity 20238K, committed 21552K, reserved 1069056K
  class space    used 2308K, capacity 2486K, committed 2816K, reserved 1048576K
Event: 224.252 GC heap after
Heap after GC invocations=332 (full 1):
 def new generation   total 38784K, used 1K [0x0000000672200000, 0x0000000674c10000, 0x00000006e16a0000)
  eden space 34496K,   0% used [0x0000000672200000, 0x0000000672200000, 0x00000006743b0000)
  from space 4288K,   0% used [0x00000006743b0000, 0x00000006743b0430, 0x00000006747e0000)
  to   space 4288K,   0% used [0x00000006747e0000, 0x00000006747e0000, 0x0000000674c10000)
 tenured generation   total 86016K, used 29666K [0x00000006e16a0000, 0x00000006e6aa0000, 0x00000007c0000000)
   the space 86016K,  34% used [0x00000006e16a0000, 0x00000006e3398bc0, 0x00000006e3398c00, 0x00000006e6aa0000)
 Metaspace       used 19671K, capacity 20238K, committed 21552K, reserved 1069056K
  class space    used 2308K, capacity 2486K, committed 2816K, reserved 1048576K
}
Event: 225.204 GC heap before
{Heap before GC invocations=332 (full 1):
 def new generation   total 38784K, used 34497K [0x0000000672200000, 0x0000000674c10000, 0x00000006e16a0000)
  eden space 34496K, 100% used [0x0000000672200000, 0x00000006743b0000, 0x00000006743b0000)
  from space 4288K,   0% used [0x00000006743b0000, 0x00000006743b0430, 0x00000006747e0000)
  to   space 4288K,   0% used [0x00000006747e0000, 0x00000006747e0000, 0x0000000674c10000)
 tenured generation   total 86016K, used 29666K [0x00000006e16a0000, 0x00000006e6aa0000, 0x00000007c0000000)
   the space 86016K,  34% used [0x00000006e16a0000, 0x00000006e3398bc0, 0x00000006e3398c00, 0x00000006e6aa0000)
 Metaspace       used 19671K, capacity 20238K, committed 21552K, reserved 1069056K
  class space    used 2308K, capacity 2486K, committed 2816K, reserved 1048576K
Event: 225.206 GC heap after
Heap after GC invocations=333 (full 1):
 def new generation   total 38784K, used 1K [0x0000000672200000, 0x0000000674c10000, 0x00000006e16a0000)
  eden space 34496K,   0% used [0x0000000672200000, 0x0000000672200000, 0x00000006743b0000)
  from space 4288K,   0% used [0x00000006747e0000, 0x00000006747e04a8, 0x0000000674c10000)
  to   space 4288K,   0% used [0x00000006743b0000, 0x00000006743b0000, 0x00000006747e0000)
 tenured generation   total 86016K, used 29666K [0x00000006e16a0000, 0x00000006e6aa0000, 0x00000007c0000000)
   the space 86016K,  34% used [0x00000006e16a0000, 0x00000006e3398bc0, 0x00000006e3398c00, 0x00000006e6aa0000)
 Metaspace       used 19671K, capacity 20238K, committed 21552K, reserved 1069056K
  class space    used 2308K, capacity 2486K, committed 2816K, reserved 1048576K
}
Event: 226.134 GC heap before
{Heap before GC invocations=333 (full 1):
 def new generation   total 38784K, used 34497K [0x0000000672200000, 0x0000000674c10000, 0x00000006e16a0000)
  eden space 34496K, 100% used [0x0000000672200000, 0x00000006743b0000, 0x00000006743b0000)
  from space 4288K,   0% used [0x00000006747e0000, 0x00000006747e04a8, 0x0000000674c10000)
  to   space 4288K,   0% used [0x00000006743b0000, 0x00000006743b0000, 0x00000006747e0000)
 tenured generation   total 86016K, used 29666K [0x00000006e16a0000, 0x00000006e6aa0000, 0x00000007c0000000)
   the space 86016K,  34% used [0x00000006e16a0000, 0x00000006e3398bc0, 0x00000006e3398c00, 0x00000006e6aa0000)
 Metaspace       used 19671K, capacity 20238K, committed 21552K, reserved 1069056K
  class space    used 2308K, capacity 2486K, committed 2816K, reserved 1048576K
Event: 226.136 GC heap after
Heap after GC invocations=334 (full 1):
 def new generation   total 38784K, used 1K [0x0000000672200000, 0x0000000674c10000, 0x00000006e16a0000)
  eden space 34496K,   0% used [0x0000000672200000, 0x0000000672200000, 0x00000006743b0000)
  from space 4288K,   0% used [0x00000006743b0000, 0x00000006743b0408, 0x00000006747e0000)
  to   space 4288K,   0% used [0x00000006747e0000, 0x00000006747e0000, 0x0000000674c10000)
 tenured generation   total 86016K, used 29666K [0x00000006e16a0000, 0x00000006e6aa0000, 0x00000007c0000000)
   the space 86016K,  34% used [0x00000006e16a0000, 0x00000006e3398bc0, 0x00000006e3398c00, 0x00000006e6aa0000)
 Metaspace       used 19671K, capacity 20238K, committed 21552K, reserved 1069056K
  class space    used 2308K, capacity 2486K, committed 2816K, reserved 1048576K
}

