# JRE version: OpenJDK Runtime Environment (8.0_162-b12) (build 1.8.0_162-8u162-b12-0ubuntu0.16.04.2-b12)
# Java VM: OpenJDK 64-Bit Server VM (25.162-b12 mixed mode linux-amd64 compressed oops)
Heap:
 def new generation   total 974592K, used 60464K [0x0000000672200000, 0x00000006b4380000, 0x00000006e16a0000)
  eden space 866304K,   6% used [0x0000000672200000, 0x0000000675d0c2c0, 0x00000006a7000000)
  from space 108288K,   0% used [0x00000006a7000000, 0x00000006a7000000, 0x00000006ad9c0000)
  to   space 108288K,   0% used [0x00000006ad9c0000, 0x00000006ad9c0000, 0x00000006b4380000)
 tenured generation   total 2187360K, used 2187359K [0x00000006e16a0000, 0x0000000766eb8000, 0x00000007c0000000)
   the space 2187360K,  99% used [0x00000006e16a0000, 0x0000000766eb7fe8, 0x0000000766eb8000, 0x0000000766eb8000)
 Metaspace       used 20316K, capacity 20856K, committed 23216K, reserved 1069056K
  class space    used 2303K, capacity 2457K, committed 2816K, reserved 1048576K
GC Heap History (10 events):
Event: 402.996 GC heap after
Heap after GC invocations=356 (full 12):
 def new generation   total 974592K, used 60227K [0x0000000672200000, 0x00000006b4380000, 0x00000006e16a0000)
  eden space 866304K,   0% used [0x0000000672200000, 0x0000000672200000, 0x00000006a7000000)
  from space 108288K,  55% used [0x00000006ad9c0000, 0x00000006b1490e50, 0x00000006b4380000)
  to   space 108288K,   0% used [0x00000006a7000000, 0x00000006a7000000, 0x00000006ad9c0000)
 tenured generation   total 2165664K, used 2037145K [0x00000006e16a0000, 0x0000000765988000, 0x00000007c0000000)
   the space 2165664K,  94% used [0x00000006e16a0000, 0x000000075dc06650, 0x000000075dc06800, 0x0000000765988000)
 Metaspace       used 20316K, capacity 20856K, committed 23216K, reserved 1069056K
  class space    used 2303K, capacity 2457K, committed 2816K, reserved 1048576K
}
Event: 407.131 GC heap before
{Heap before GC invocations=356 (full 12):
 def new generation   total 974592K, used 926531K [0x0000000672200000, 0x00000006b4380000, 0x00000006e16a0000)
  eden space 866304K, 100% used [0x0000000672200000, 0x00000006a7000000, 0x00000006a7000000)
  from space 108288K,  55% used [0x00000006ad9c0000, 0x00000006b1490e50, 0x00000006b4380000)
  to   space 108288K,   0% used [0x00000006a7000000, 0x00000006a7000000, 0x00000006ad9c0000)
 tenured generation   total 2165664K, used 2037145K [0x00000006e16a0000, 0x0000000765988000, 0x00000007c0000000)
   the space 2165664K,  94% used [0x00000006e16a0000, 0x000000075dc06650, 0x000000075dc06800, 0x0000000765988000)
 Metaspace       used 20316K, capacity 20856K, committed 23216K, reserved 1069056K
  class space    used 2303K, capacity 2457K, committed 2816K, reserved 1048576K
Event: 407.539 GC heap after
Heap after GC invocations=357 (full 12):
 def new generation   total 974592K, used 60250K [0x0000000672200000, 0x00000006b4380000, 0x00000006e16a0000)
  eden space 866304K,   0% used [0x0000000672200000, 0x0000000672200000, 0x00000006a7000000)
  from space 108288K,  55% used [0x00000006a7000000, 0x00000006aaad6ba8, 0x00000006ad9c0000)
  to   space 108288K,   0% used [0x00000006ad9c0000, 0x00000006ad9c0000, 0x00000006b4380000)
 tenured generation   total 2165664K, used 2067157K [0x00000006e16a0000, 0x0000000765988000, 0x00000007c0000000)
   the space 2165664K,  95% used [0x00000006e16a0000, 0x000000075f955670, 0x000000075f955800, 0x0000000765988000)
 Metaspace       used 20316K, capacity 20856K, committed 23216K, reserved 1069056K
  class space    used 2303K, capacity 2457K, committed 2816K, reserved 1048576K
}
Event: 411.715 GC heap before
{Heap before GC invocations=357 (full 12):
 def new generation   total 974592K, used 926554K [0x0000000672200000, 0x00000006b4380000, 0x00000006e16a0000)
  eden space 866304K, 100% used [0x0000000672200000, 0x00000006a7000000, 0x00000006a7000000)
  from space 108288K,  55% used [0x00000006a7000000, 0x00000006aaad6ba8, 0x00000006ad9c0000)
  to   space 108288K,   0% used [0x00000006ad9c0000, 0x00000006ad9c0000, 0x00000006b4380000)
 tenured generation   total 2165664K, used 2067157K [0x00000006e16a0000, 0x0000000765988000, 0x00000007c0000000)
   the space 2165664K,  95% used [0x00000006e16a0000, 0x000000075f955670, 0x000000075f955800, 0x0000000765988000)
 Metaspace       used 20316K, capacity 20856K, committed 23216K, reserved 1069056K
  class space    used 2303K, capacity 2457K, committed 2816K, reserved 1048576K
Event: 412.114 GC heap after
Heap after GC invocations=358 (full 12):
 def new generation   total 974592K, used 60006K [0x0000000672200000, 0x00000006b4380000, 0x00000006e16a0000)
  eden space 866304K,   0% used [0x0000000672200000, 0x0000000672200000, 0x00000006a7000000)
  from space 108288K,  55% used [0x00000006ad9c0000, 0x00000006b1459808, 0x00000006b4380000)
  to   space 108288K,   0% used [0x00000006a7000000, 0x00000006a7000000, 0x00000006ad9c0000)
 tenured generation   total 2165664K, used 2097270K [0x00000006e16a0000, 0x0000000765988000, 0x00000007c0000000)
   the space 2165664K,  96% used [0x00000006e16a0000, 0x00000007616bdb18, 0x00000007616bdc00, 0x0000000765988000)
 Metaspace       used 20316K, capacity 20856K, committed 23216K, reserved 1069056K
  class space    used 2303K, capacity 2457K, committed 2816K, reserved 1048576K
}
Event: 416.686 GC heap before
{Heap before GC invocations=358 (full 12):
 def new generation   total 974592K, used 926310K [0x0000000672200000, 0x00000006b4380000, 0x00000006e16a0000)
  eden space 866304K, 100% used [0x0000000672200000, 0x00000006a7000000, 0x00000006a7000000)
  from space 108288K,  55% used [0x00000006ad9c0000, 0x00000006b1459808, 0x00000006b4380000)
  to   space 108288K,   0% used [0x00000006a7000000, 0x00000006a7000000, 0x00000006ad9c0000)
 tenured generation   total 2165664K, used 2097270K [0x00000006e16a0000, 0x0000000765988000, 0x00000007c0000000)
   the space 2165664K,  96% used [0x00000006e16a0000, 0x00000007616bdb18, 0x00000007616bdc00, 0x0000000765988000)
 Metaspace       used 20316K, capacity 20856K, committed 23216K, reserved 1069056K
  class space    used 2303K, capacity 2457K, committed 2816K, reserved 1048576K
Event: 417.071 GC heap after
Heap after GC invocations=359 (full 12):
 def new generation   total 974592K, used 60425K [0x0000000672200000, 0x00000006b4380000, 0x00000006e16a0000)
  eden space 866304K,   0% used [0x0000000672200000, 0x0000000672200000, 0x00000006a7000000)
  from space 108288K,  55% used [0x00000006a7000000, 0x00000006aab026e8, 0x00000006ad9c0000)
  to   space 108288K,   0% used [0x00000006ad9c0000, 0x00000006ad9c0000, 0x00000006b4380000)
 tenured generation   total 2165664K, used 2127344K [0x00000006e16a0000, 0x0000000765988000, 0x00000007c0000000)
   the space 2165664K,  98% used [0x00000006e16a0000, 0x000000076341c098, 0x000000076341c200, 0x0000000765988000)
 Metaspace       used 20316K, capacity 20856K, committed 23216K, reserved 1069056K
  class space    used 2303K, capacity 2457K, committed 2816K, reserved 1048576K
}
Event: 421.572 GC heap before
{Heap before GC invocations=359 (full 12):
 def new generation   total 974592K, used 926729K [0x0000000672200000, 0x00000006b4380000, 0x00000006e16a0000)
  eden space 866304K, 100% used [0x0000000672200000, 0x00000006a7000000, 0x00000006a7000000)
  from space 108288K,  55% used [0x00000006a7000000, 0x00000006aab026e8, 0x00000006ad9c0000)
  to   space 108288K,   0% used [0x00000006ad9c0000, 0x00000006ad9c0000, 0x00000006b4380000)
 tenured generation   total 2165664K, used 2127344K [0x00000006e16a0000, 0x0000000765988000, 0x00000007c0000000)
   the space 2165664K,  98% used [0x00000006e16a0000, 0x000000076341c098, 0x000000076341c200, 0x0000000765988000)
 Metaspace       used 20316K, capacity 20856K, committed 23216K, reserved 1069056K
  class space    used 2303K, capacity 2457K, committed 2816K, reserved 1048576K
Event: 421.979 GC heap after
Heap after GC invocations=360 (full 12):
 def new generation   total 974592K, used 59856K [0x0000000672200000, 0x00000006b4380000, 0x00000006e16a0000)
  eden space 866304K,   0% used [0x0000000672200000, 0x0000000672200000, 0x00000006a7000000)
  from space 108288K,  55% used [0x00000006ad9c0000, 0x00000006b14341c8, 0x00000006b4380000)
  to   space 108288K,   0% used [0x00000006a7000000, 0x00000006a7000000, 0x00000006ad9c0000)
 tenured generation   total 2165664K, used 2157196K [0x00000006e16a0000, 0x0000000765988000, 0x00000007c0000000)
   the space 2165664K,  99% used [0x00000006e16a0000, 0x0000000765143250, 0x0000000765143400, 0x0000000765988000)
 Metaspace       used 20316K, capacity 20856K, committed 23216K, reserved 1069056K
  class space    used 2303K, capacity 2457K, committed 2816K, reserved 1048576K
}
Event: 426.542 GC heap before
{Heap before GC invocations=360 (full 12):
 def new generation   total 974592K, used 926160K [0x0000000672200000, 0x00000006b4380000, 0x00000006e16a0000)
  eden space 866304K, 100% used [0x0000000672200000, 0x00000006a7000000, 0x00000006a7000000)
  from space 108288K,  55% used [0x00000006ad9c0000, 0x00000006b14341c8, 0x00000006b4380000)
  to   space 108288K,   0% used [0x00000006a7000000, 0x00000006a7000000, 0x00000006ad9c0000)
 tenured generation   total 2165664K, used 2157196K [0x00000006e16a0000, 0x0000000765988000, 0x00000007c0000000)
   the space 2165664K,  99% used [0x00000006e16a0000, 0x0000000765143250, 0x0000000765143400, 0x0000000765988000)
 Metaspace       used 20316K, capacity 20856K, committed 23216K, reserved 1069056K
  class space    used 2303K, capacity 2457K, committed 2816K, reserved 1048576K

